187 LiveUpdate 2015-11-12 12:54:59 MERCHANT=P143901
187 LiveUpdate 2015-11-12 12:54:59 ORDER_REF=187
187 LiveUpdate 2015-11-12 12:54:59 ORDER_DATE=2015-11-12 12:54:59
187 LiveUpdate 2015-11-12 12:54:59 ORDER_PNAME=Traktor bárszék
187 LiveUpdate 2015-11-12 12:54:59 ORDER_PCODE=45c48cce2e2d7fbdea1afc51c7c6ad26
187 LiveUpdate 2015-11-12 12:54:59 ORDER_PRICE=32000
187 LiveUpdate 2015-11-12 12:54:59 ORDER_QTY=1
187 LiveUpdate 2015-11-12 12:54:59 ORDER_VAT=0
187 LiveUpdate 2015-11-12 12:54:59 PRICES_CURRENCY=HUF
187 LiveUpdate 2015-11-12 12:54:59 ORDER_SHIPPING=4100
187 LiveUpdate 2015-11-12 12:54:59 DISCOUNT=0
187 LiveUpdate 2015-11-12 12:54:59 PAY_METHOD=CCVISAMC
187 LiveUpdate 2015-11-12 12:54:59 LANGUAGE=HU
187 LiveUpdate 2015-11-12 12:54:59 AUTOMODE=1
187 LiveUpdate 2015-11-12 12:54:59 ORDER_TIMEOUT=300
187 LiveUpdate 2015-11-12 12:54:59 TIMEOUT_URL=http://bazibazar.local/penztar/fizetes_sikertelen
187 LiveUpdate 2015-11-12 12:54:59 BACK_REF=http://bazibazar.local/penztar/sikeres_fizetes
187 LiveUpdate 2015-11-12 12:54:59 BILL_FNAME=Kiss
187 LiveUpdate 2015-11-12 12:54:59 BILL_LNAME=Jakab
187 LiveUpdate 2015-11-12 12:54:59 BILL_EMAIL=5555@gggg.ccc
187 LiveUpdate 2015-11-12 12:54:59 BILL_PHONE=80-70605040
187 LiveUpdate 2015-11-12 12:54:59 BILL_ADDRESS=Kuncsaft utca 77. II. em 4.
187 LiveUpdate 2015-11-12 12:54:59 BILL_ZIPCODE=1087
187 LiveUpdate 2015-11-12 12:54:59 BILL_CITY=	Abádszalók	
187 LiveUpdate 2015-11-12 12:54:59 BILL_STATE=Hungary
187 LiveUpdate 2015-11-12 12:54:59 BILL_COUNTRYCODE=HU
187 LiveUpdate 2015-11-12 12:54:59 DELIVERY_FNAME=Kiss Jakab
187 LiveUpdate 2015-11-12 12:54:59 DELIVERY_LNAME=
187 LiveUpdate 2015-11-12 12:54:59 DELIVERY_PHONE=80-70605040
187 LiveUpdate 2015-11-12 12:54:59 DELIVERY_ADDRESS=Kuncsaft utca 77. II. em 4.
187 LiveUpdate 2015-11-12 12:54:59 DELIVERY_ZIPCODE=1087
187 LiveUpdate 2015-11-12 12:54:59 DELIVERY_CITY=	Abádszalók	
187 LiveUpdate 2015-11-12 12:54:59 DELIVERY_STATE=Hungary
187 LiveUpdate 2015-11-12 12:54:59 DELIVERY_COUNTRYCODE=HU
187 LiveUpdate 2015-11-12 12:54:59 ORDER_HASH=166d09acae00b448f49378843ee2bc91
187 LiveUpdate 2015-11-12 13:01:31 MERCHANT=P143901
187 LiveUpdate 2015-11-12 13:01:31 ORDER_REF=187
187 LiveUpdate 2015-11-12 13:01:31 ORDER_DATE=2015-11-12 13:01:31
187 LiveUpdate 2015-11-12 13:01:31 ORDER_PNAME=Traktor bárszék
187 LiveUpdate 2015-11-12 13:01:31 ORDER_PCODE=45c48cce2e2d7fbdea1afc51c7c6ad26
187 LiveUpdate 2015-11-12 13:01:31 ORDER_PRICE=32000
187 LiveUpdate 2015-11-12 13:01:31 ORDER_QTY=1
187 LiveUpdate 2015-11-12 13:01:31 ORDER_VAT=0
187 LiveUpdate 2015-11-12 13:01:31 PRICES_CURRENCY=HUF
187 LiveUpdate 2015-11-12 13:01:31 ORDER_SHIPPING=4100
187 LiveUpdate 2015-11-12 13:01:31 DISCOUNT=0
187 LiveUpdate 2015-11-12 13:01:31 PAY_METHOD=CCVISAMC
187 LiveUpdate 2015-11-12 13:01:31 LANGUAGE=HU
187 LiveUpdate 2015-11-12 13:01:31 AUTOMODE=1
187 LiveUpdate 2015-11-12 13:01:31 ORDER_TIMEOUT=300
187 LiveUpdate 2015-11-12 13:01:31 TIMEOUT_URL=http://bazibazar.local/penztar/fizetes_sikertelen
187 LiveUpdate 2015-11-12 13:01:31 BACK_REF=http://bazibazar.local/penztar/sikeres_fizetes
187 LiveUpdate 2015-11-12 13:01:31 BILL_FNAME=Kiss
187 LiveUpdate 2015-11-12 13:01:31 BILL_LNAME=Jakab
187 LiveUpdate 2015-11-12 13:01:31 BILL_EMAIL=5555@gggg.ccc
187 LiveUpdate 2015-11-12 13:01:31 BILL_PHONE=80-70605040
187 LiveUpdate 2015-11-12 13:01:31 BILL_ADDRESS=Kuncsaft utca 77. II. em 4.
187 LiveUpdate 2015-11-12 13:01:31 BILL_ZIPCODE=1087
187 LiveUpdate 2015-11-12 13:01:31 BILL_CITY=	Abádszalók	
187 LiveUpdate 2015-11-12 13:01:31 BILL_STATE=Hungary
187 LiveUpdate 2015-11-12 13:01:31 BILL_COUNTRYCODE=HU
187 LiveUpdate 2015-11-12 13:01:31 DELIVERY_FNAME=Kiss Jakab
187 LiveUpdate 2015-11-12 13:01:31 DELIVERY_LNAME=
187 LiveUpdate 2015-11-12 13:01:31 DELIVERY_PHONE=80-70605040
187 LiveUpdate 2015-11-12 13:01:31 DELIVERY_ADDRESS=Kuncsaft utca 77. II. em 4.
187 LiveUpdate 2015-11-12 13:01:31 DELIVERY_ZIPCODE=1087
187 LiveUpdate 2015-11-12 13:01:31 DELIVERY_CITY=	Abádszalók	
187 LiveUpdate 2015-11-12 13:01:31 DELIVERY_STATE=Hungary
187 LiveUpdate 2015-11-12 13:01:31 DELIVERY_COUNTRYCODE=HU
187 LiveUpdate 2015-11-12 13:01:31 ORDER_HASH=cab86a5959f7522da1b2afa32fd4b5fc
187 LiveUpdate 2015-11-12 13:43:50 MERCHANT=P143901
187 LiveUpdate 2015-11-12 13:43:50 ORDER_REF=187
187 LiveUpdate 2015-11-12 13:43:50 ORDER_DATE=2015-11-12 13:43:50
187 LiveUpdate 2015-11-12 13:43:50 ORDER_PNAME=Traktor bárszék
187 LiveUpdate 2015-11-12 13:43:50 ORDER_PCODE=45c48cce2e2d7fbdea1afc51c7c6ad26
187 LiveUpdate 2015-11-12 13:43:50 ORDER_PRICE=32000
187 LiveUpdate 2015-11-12 13:43:50 ORDER_QTY=1
187 LiveUpdate 2015-11-12 13:43:50 ORDER_VAT=0
187 LiveUpdate 2015-11-12 13:43:50 PRICES_CURRENCY=HUF
187 LiveUpdate 2015-11-12 13:43:50 ORDER_SHIPPING=4100
187 LiveUpdate 2015-11-12 13:43:50 DISCOUNT=0
187 LiveUpdate 2015-11-12 13:43:50 PAY_METHOD=CCVISAMC
187 LiveUpdate 2015-11-12 13:43:50 LANGUAGE=HU
187 LiveUpdate 2015-11-12 13:43:50 AUTOMODE=1
187 LiveUpdate 2015-11-12 13:43:50 ORDER_TIMEOUT=300
187 LiveUpdate 2015-11-12 13:43:50 TIMEOUT_URL=http://bazibazar.local/penztar/fizetes_sikertelen
187 LiveUpdate 2015-11-12 13:43:50 BACK_REF=http://bazibazar.local/penztar/sikeres_fizetes
187 LiveUpdate 2015-11-12 13:43:50 BILL_FNAME=Kiss
187 LiveUpdate 2015-11-12 13:43:50 BILL_LNAME=Jakab
187 LiveUpdate 2015-11-12 13:43:50 BILL_EMAIL=5555@gggg.ccc
187 LiveUpdate 2015-11-12 13:43:50 BILL_PHONE=80-70605040
187 LiveUpdate 2015-11-12 13:43:50 BILL_ADDRESS=Kuncsaft utca 77. II. em 4.
187 LiveUpdate 2015-11-12 13:43:50 BILL_ZIPCODE=1087
187 LiveUpdate 2015-11-12 13:43:50 BILL_CITY=	Abádszalók	
187 LiveUpdate 2015-11-12 13:43:50 BILL_STATE=Hungary
187 LiveUpdate 2015-11-12 13:43:50 BILL_COUNTRYCODE=HU
187 LiveUpdate 2015-11-12 13:43:50 DELIVERY_FNAME=Kiss Jakab
187 LiveUpdate 2015-11-12 13:43:50 DELIVERY_LNAME=
187 LiveUpdate 2015-11-12 13:43:50 DELIVERY_PHONE=80-70605040
187 LiveUpdate 2015-11-12 13:43:50 DELIVERY_ADDRESS=Kuncsaft utca 77. II. em 4.
187 LiveUpdate 2015-11-12 13:43:50 DELIVERY_ZIPCODE=1087
187 LiveUpdate 2015-11-12 13:43:50 DELIVERY_CITY=	Abádszalók	
187 LiveUpdate 2015-11-12 13:43:50 DELIVERY_STATE=Hungary
187 LiveUpdate 2015-11-12 13:43:50 DELIVERY_COUNTRYCODE=HU
187 LiveUpdate 2015-11-12 13:43:50 ORDER_HASH=dd3589b8255aba7c73749948b26ccc38
187 LiveUpdate 2015-11-12 13:52:58 MERCHANT=P143901
187 LiveUpdate 2015-11-12 13:52:58 ORDER_REF=187
187 LiveUpdate 2015-11-12 13:52:58 ORDER_DATE=2015-11-12 13:52:58
187 LiveUpdate 2015-11-12 13:52:58 ORDER_PNAME=Traktor bárszék
187 LiveUpdate 2015-11-12 13:52:58 ORDER_PCODE=45c48cce2e2d7fbdea1afc51c7c6ad26
187 LiveUpdate 2015-11-12 13:52:58 ORDER_PRICE=32000
187 LiveUpdate 2015-11-12 13:52:58 ORDER_QTY=1
187 LiveUpdate 2015-11-12 13:52:58 ORDER_VAT=0
187 LiveUpdate 2015-11-12 13:52:58 PRICES_CURRENCY=HUF
187 LiveUpdate 2015-11-12 13:52:58 ORDER_SHIPPING=4100
187 LiveUpdate 2015-11-12 13:52:58 DISCOUNT=0
187 LiveUpdate 2015-11-12 13:52:58 PAY_METHOD=CCVISAMC
187 LiveUpdate 2015-11-12 13:52:58 LANGUAGE=HU
187 LiveUpdate 2015-11-12 13:52:58 AUTOMODE=1
187 LiveUpdate 2015-11-12 13:52:58 ORDER_TIMEOUT=300
187 LiveUpdate 2015-11-12 13:52:58 TIMEOUT_URL=http://bazibazar.local/penztar/fizetes_sikertelen
187 LiveUpdate 2015-11-12 13:52:58 BACK_REF=http://bazibazar.local/penztar/sikeres_fizetes
187 LiveUpdate 2015-11-12 13:52:58 BILL_FNAME=Kiss
187 LiveUpdate 2015-11-12 13:52:58 BILL_LNAME=Jakab
187 LiveUpdate 2015-11-12 13:52:58 BILL_EMAIL=5555@gggg.ccc
187 LiveUpdate 2015-11-12 13:52:58 BILL_PHONE=80-70605040
187 LiveUpdate 2015-11-12 13:52:58 BILL_ADDRESS=Kuncsaft utca 77. II. em 4.
187 LiveUpdate 2015-11-12 13:52:58 BILL_ZIPCODE=1087
187 LiveUpdate 2015-11-12 13:52:58 BILL_CITY=	Abádszalók	
187 LiveUpdate 2015-11-12 13:52:58 BILL_STATE=Hungary
187 LiveUpdate 2015-11-12 13:52:58 BILL_COUNTRYCODE=HU
187 LiveUpdate 2015-11-12 13:52:58 DELIVERY_FNAME=Kiss Jakab
187 LiveUpdate 2015-11-12 13:52:58 DELIVERY_LNAME=
187 LiveUpdate 2015-11-12 13:52:58 DELIVERY_PHONE=80-70605040
187 LiveUpdate 2015-11-12 13:52:58 DELIVERY_ADDRESS=Kuncsaft utca 77. II. em 4.
187 LiveUpdate 2015-11-12 13:52:58 DELIVERY_ZIPCODE=1087
187 LiveUpdate 2015-11-12 13:52:58 DELIVERY_CITY=	Abádszalók	
187 LiveUpdate 2015-11-12 13:52:58 DELIVERY_STATE=Hungary
187 LiveUpdate 2015-11-12 13:52:58 DELIVERY_COUNTRYCODE=HU
187 LiveUpdate 2015-11-12 13:52:58 ORDER_HASH=034491b6ae5fa0b3fba6627d5f7ff178
188 LiveUpdate 2015-11-12 14:22:48 MERCHANT=P143901
188 LiveUpdate 2015-11-12 14:22:48 ORDER_REF=188
188 LiveUpdate 2015-11-12 14:22:48 ORDER_DATE=2015-11-12 14:22:48
188 LiveUpdate 2015-11-12 14:22:48 ORDER_PNAME=Traktor bárszék
188 LiveUpdate 2015-11-12 14:22:48 ORDER_PCODE=45c48cce2e2d7fbdea1afc51c7c6ad26
188 LiveUpdate 2015-11-12 14:22:48 ORDER_PRICE=32000
188 LiveUpdate 2015-11-12 14:22:48 ORDER_QTY=1
188 LiveUpdate 2015-11-12 14:22:48 ORDER_VAT=0
188 LiveUpdate 2015-11-12 14:22:48 PRICES_CURRENCY=HUF
188 LiveUpdate 2015-11-12 14:22:48 ORDER_SHIPPING=4100
188 LiveUpdate 2015-11-12 14:22:48 DISCOUNT=0
188 LiveUpdate 2015-11-12 14:22:48 PAY_METHOD=CCVISAMC
188 LiveUpdate 2015-11-12 14:22:48 LANGUAGE=HU
188 LiveUpdate 2015-11-12 14:22:48 AUTOMODE=1
188 LiveUpdate 2015-11-12 14:22:48 ORDER_TIMEOUT=300
188 LiveUpdate 2015-11-12 14:22:48 TIMEOUT_URL=http://bazibazar.local/penztar/fizetes_sikertelen
188 LiveUpdate 2015-11-12 14:22:48 BACK_REF=http://bazibazar.local/penztar/sikeres_fizetes
188 LiveUpdate 2015-11-12 14:22:48 BILL_FNAME=Kiss
188 LiveUpdate 2015-11-12 14:22:48 BILL_LNAME=Jakab
188 LiveUpdate 2015-11-12 14:22:48 BILL_EMAIL=5555@gggg.ccc
188 LiveUpdate 2015-11-12 14:22:48 BILL_PHONE=80-70605040
188 LiveUpdate 2015-11-12 14:22:48 BILL_ADDRESS=Kuncsaft utca 77. II. em 4.
188 LiveUpdate 2015-11-12 14:22:48 BILL_ZIPCODE=1087
188 LiveUpdate 2015-11-12 14:22:48 BILL_CITY=	Abádszalók	
188 LiveUpdate 2015-11-12 14:22:48 BILL_STATE=Hungary
188 LiveUpdate 2015-11-12 14:22:48 BILL_COUNTRYCODE=HU
188 LiveUpdate 2015-11-12 14:22:48 DELIVERY_FNAME=Kiss Jakab
188 LiveUpdate 2015-11-12 14:22:48 DELIVERY_LNAME=
188 LiveUpdate 2015-11-12 14:22:48 DELIVERY_PHONE=80-70605040
188 LiveUpdate 2015-11-12 14:22:48 DELIVERY_ADDRESS=Kuncsaft utca 77. II. em 4.
188 LiveUpdate 2015-11-12 14:22:48 DELIVERY_ZIPCODE=1087
188 LiveUpdate 2015-11-12 14:22:48 DELIVERY_CITY=	Abádszalók	
188 LiveUpdate 2015-11-12 14:22:48 DELIVERY_STATE=Hungary
188 LiveUpdate 2015-11-12 14:22:48 DELIVERY_COUNTRYCODE=HU
188 LiveUpdate 2015-11-12 14:22:48 ORDER_HASH=4f79da817a4a17a3f4e64a3c9cd0fd9c
188 LiveUpdate 2015-11-12 14:45:26 MERCHANT=P143901
188 LiveUpdate 2015-11-12 14:45:26 ORDER_REF=188
188 LiveUpdate 2015-11-12 14:45:26 ORDER_DATE=2015-11-12 14:45:26
188 LiveUpdate 2015-11-12 14:45:26 ORDER_PNAME=Traktor bárszék
188 LiveUpdate 2015-11-12 14:45:26 ORDER_PCODE=45c48cce2e2d7fbdea1afc51c7c6ad26
188 LiveUpdate 2015-11-12 14:45:26 ORDER_PRICE=32000
188 LiveUpdate 2015-11-12 14:45:26 ORDER_QTY=1
188 LiveUpdate 2015-11-12 14:45:26 ORDER_VAT=0
188 LiveUpdate 2015-11-12 14:45:26 PRICES_CURRENCY=HUF
188 LiveUpdate 2015-11-12 14:45:26 ORDER_SHIPPING=4100
188 LiveUpdate 2015-11-12 14:45:26 DISCOUNT=0
188 LiveUpdate 2015-11-12 14:45:26 PAY_METHOD=CCVISAMC
188 LiveUpdate 2015-11-12 14:45:26 LANGUAGE=HU
188 LiveUpdate 2015-11-12 14:45:26 AUTOMODE=1
188 LiveUpdate 2015-11-12 14:45:26 ORDER_TIMEOUT=300
188 LiveUpdate 2015-11-12 14:45:26 TIMEOUT_URL=http://bazibazar.local/penztar/fizetes_sikertelen
188 LiveUpdate 2015-11-12 14:45:26 BACK_REF=http://bazibazar.local/penztar/sikeres_fizetes
188 LiveUpdate 2015-11-12 14:45:26 BILL_FNAME=Kiss
188 LiveUpdate 2015-11-12 14:45:26 BILL_LNAME=Jakab
188 LiveUpdate 2015-11-12 14:45:26 BILL_EMAIL=5555@gggg.ccc
188 LiveUpdate 2015-11-12 14:45:26 BILL_PHONE=80-70605040
188 LiveUpdate 2015-11-12 14:45:26 BILL_ADDRESS=Kuncsaft utca 77. II. em 4.
188 LiveUpdate 2015-11-12 14:45:26 BILL_ZIPCODE=1087
188 LiveUpdate 2015-11-12 14:45:26 BILL_CITY=	Abádszalók	
188 LiveUpdate 2015-11-12 14:45:26 BILL_STATE=Hungary
188 LiveUpdate 2015-11-12 14:45:26 BILL_COUNTRYCODE=HU
188 LiveUpdate 2015-11-12 14:45:26 DELIVERY_FNAME=Kiss Jakab
188 LiveUpdate 2015-11-12 14:45:26 DELIVERY_LNAME=
188 LiveUpdate 2015-11-12 14:45:26 DELIVERY_PHONE=80-70605040
188 LiveUpdate 2015-11-12 14:45:26 DELIVERY_ADDRESS=Kuncsaft utca 77. II. em 4.
188 LiveUpdate 2015-11-12 14:45:26 DELIVERY_ZIPCODE=1087
188 LiveUpdate 2015-11-12 14:45:26 DELIVERY_CITY=	Abádszalók	
188 LiveUpdate 2015-11-12 14:45:26 DELIVERY_STATE=Hungary
188 LiveUpdate 2015-11-12 14:45:26 DELIVERY_COUNTRYCODE=HU
188 LiveUpdate 2015-11-12 14:45:26 ORDER_HASH=ad08b2319423189f8c9f68c1cbd6ddeb
188 LiveUpdate 2015-11-12 14:47:20 MERCHANT=P143901
188 LiveUpdate 2015-11-12 14:47:20 ORDER_REF=188
188 LiveUpdate 2015-11-12 14:47:20 ORDER_DATE=2015-11-12 14:47:20
188 LiveUpdate 2015-11-12 14:47:20 ORDER_PNAME=Traktor bárszék
188 LiveUpdate 2015-11-12 14:47:20 ORDER_PCODE=45c48cce2e2d7fbdea1afc51c7c6ad26
188 LiveUpdate 2015-11-12 14:47:20 ORDER_PRICE=32000
188 LiveUpdate 2015-11-12 14:47:20 ORDER_QTY=1
188 LiveUpdate 2015-11-12 14:47:20 ORDER_VAT=0
188 LiveUpdate 2015-11-12 14:47:20 PRICES_CURRENCY=HUF
188 LiveUpdate 2015-11-12 14:47:20 ORDER_SHIPPING=4100
188 LiveUpdate 2015-11-12 14:47:20 DISCOUNT=0
188 LiveUpdate 2015-11-12 14:47:20 PAY_METHOD=CCVISAMC
188 LiveUpdate 2015-11-12 14:47:20 LANGUAGE=HU
188 LiveUpdate 2015-11-12 14:47:20 AUTOMODE=1
188 LiveUpdate 2015-11-12 14:47:20 ORDER_TIMEOUT=300
188 LiveUpdate 2015-11-12 14:47:20 TIMEOUT_URL=http://bazibazar.local/penztar/fizetes_sikertelen
188 LiveUpdate 2015-11-12 14:47:20 BACK_REF=http://bazibazar.local/penztar/sikeres_fizetes
188 LiveUpdate 2015-11-12 14:47:20 BILL_FNAME=Kiss
188 LiveUpdate 2015-11-12 14:47:20 BILL_LNAME=Jakab
188 LiveUpdate 2015-11-12 14:47:20 BILL_EMAIL=5555@gggg.ccc
188 LiveUpdate 2015-11-12 14:47:20 BILL_PHONE=80-70605040
188 LiveUpdate 2015-11-12 14:47:20 BILL_ADDRESS=Kuncsaft utca 77. II. em 4.
188 LiveUpdate 2015-11-12 14:47:20 BILL_ZIPCODE=1087
188 LiveUpdate 2015-11-12 14:47:20 BILL_CITY=	Abádszalók	
188 LiveUpdate 2015-11-12 14:47:20 BILL_STATE=Hungary
188 LiveUpdate 2015-11-12 14:47:20 BILL_COUNTRYCODE=HU
188 LiveUpdate 2015-11-12 14:47:20 DELIVERY_FNAME=Kiss Jakab
188 LiveUpdate 2015-11-12 14:47:20 DELIVERY_LNAME=
188 LiveUpdate 2015-11-12 14:47:20 DELIVERY_PHONE=80-70605040
188 LiveUpdate 2015-11-12 14:47:20 DELIVERY_ADDRESS=Kuncsaft utca 77. II. em 4.
188 LiveUpdate 2015-11-12 14:47:20 DELIVERY_ZIPCODE=1087
188 LiveUpdate 2015-11-12 14:47:20 DELIVERY_CITY=	Abádszalók	
188 LiveUpdate 2015-11-12 14:47:20 DELIVERY_STATE=Hungary
188 LiveUpdate 2015-11-12 14:47:20 DELIVERY_COUNTRYCODE=HU
188 LiveUpdate 2015-11-12 14:47:20 ORDER_HASH=26b1a5706f6ca0ced9346349734fb950
189 LiveUpdate 2015-11-12 14:48:29 MERCHANT=P143901
189 LiveUpdate 2015-11-12 14:48:29 ORDER_REF=189
189 LiveUpdate 2015-11-12 14:48:29 ORDER_DATE=2015-11-12 14:48:29
189 LiveUpdate 2015-11-12 14:48:29 PRICES_CURRENCY=HUF
189 LiveUpdate 2015-11-12 14:48:29 ORDER_SHIPPING=4100
189 LiveUpdate 2015-11-12 14:48:29 DISCOUNT=0
189 LiveUpdate 2015-11-12 14:48:29 PAY_METHOD=CCVISAMC
189 LiveUpdate 2015-11-12 14:48:29 LANGUAGE=HU
189 LiveUpdate 2015-11-12 14:48:29 AUTOMODE=1
189 LiveUpdate 2015-11-12 14:48:29 ORDER_TIMEOUT=300
189 LiveUpdate 2015-11-12 14:48:29 TIMEOUT_URL=http://bazibazar.local/penztar/fizetes_sikertelen
189 LiveUpdate 2015-11-12 14:48:29 BACK_REF=http://bazibazar.local/penztar/sikeres_fizetes
189 LiveUpdate 2015-11-12 14:48:29 BILL_FNAME=Kiss
189 LiveUpdate 2015-11-12 14:48:29 BILL_LNAME=Jakab
189 LiveUpdate 2015-11-12 14:48:29 BILL_EMAIL=5555@gggg.ccc
189 LiveUpdate 2015-11-12 14:48:29 BILL_PHONE=80-70605040
189 LiveUpdate 2015-11-12 14:48:29 BILL_ADDRESS=Kuncsaft utca 77. II. em 4.
189 LiveUpdate 2015-11-12 14:48:29 BILL_ZIPCODE=1111
189 LiveUpdate 2015-11-12 14:48:29 BILL_CITY=	Abaújalpár	
189 LiveUpdate 2015-11-12 14:48:29 BILL_STATE=Hungary
189 LiveUpdate 2015-11-12 14:48:29 BILL_COUNTRYCODE=HU
189 LiveUpdate 2015-11-12 14:48:29 DELIVERY_FNAME=Kiss Jakab
189 LiveUpdate 2015-11-12 14:48:29 DELIVERY_LNAME=
189 LiveUpdate 2015-11-12 14:48:29 DELIVERY_PHONE=80-70605040
189 LiveUpdate 2015-11-12 14:48:29 DELIVERY_ADDRESS=Kuncsaft utca 77. II. em 4.
189 LiveUpdate 2015-11-12 14:48:29 DELIVERY_ZIPCODE=1111
189 LiveUpdate 2015-11-12 14:48:29 DELIVERY_CITY=	Abaújalpár	
189 LiveUpdate 2015-11-12 14:48:29 DELIVERY_STATE=Hungary
189 LiveUpdate 2015-11-12 14:48:29 DELIVERY_COUNTRYCODE=HU
189 LiveUpdate 2015-11-12 14:48:29 ORDER_HASH=39f46094169c736f6763cda9ea0d1302
189 LiveUpdate 2015-11-12 14:49:37 MERCHANT=P143901
189 LiveUpdate 2015-11-12 14:49:37 ORDER_REF=189
189 LiveUpdate 2015-11-12 14:49:37 ORDER_DATE=2015-11-12 14:49:37
189 LiveUpdate 2015-11-12 14:49:37 PRICES_CURRENCY=HUF
189 LiveUpdate 2015-11-12 14:49:37 ORDER_SHIPPING=4100
189 LiveUpdate 2015-11-12 14:49:37 DISCOUNT=0
189 LiveUpdate 2015-11-12 14:49:37 PAY_METHOD=CCVISAMC
189 LiveUpdate 2015-11-12 14:49:37 LANGUAGE=HU
189 LiveUpdate 2015-11-12 14:49:37 AUTOMODE=1
189 LiveUpdate 2015-11-12 14:49:37 ORDER_TIMEOUT=300
189 LiveUpdate 2015-11-12 14:49:37 TIMEOUT_URL=http://bazibazar.local/penztar/fizetes_sikertelen
189 LiveUpdate 2015-11-12 14:49:37 BACK_REF=http://bazibazar.local/penztar/sikeres_fizetes
189 LiveUpdate 2015-11-12 14:49:37 BILL_FNAME=Kiss
189 LiveUpdate 2015-11-12 14:49:37 BILL_LNAME=Jakab
189 LiveUpdate 2015-11-12 14:49:37 BILL_EMAIL=5555@gggg.ccc
189 LiveUpdate 2015-11-12 14:49:37 BILL_PHONE=80-70605040
189 LiveUpdate 2015-11-12 14:49:37 BILL_ADDRESS=Kuncsaft utca 77. II. em 4.
189 LiveUpdate 2015-11-12 14:49:37 BILL_ZIPCODE=1111
189 LiveUpdate 2015-11-12 14:49:37 BILL_CITY=	Abaújalpár	
189 LiveUpdate 2015-11-12 14:49:37 BILL_STATE=Hungary
189 LiveUpdate 2015-11-12 14:49:37 BILL_COUNTRYCODE=HU
189 LiveUpdate 2015-11-12 14:49:37 DELIVERY_FNAME=Kiss Jakab
189 LiveUpdate 2015-11-12 14:49:37 DELIVERY_LNAME=
189 LiveUpdate 2015-11-12 14:49:37 DELIVERY_PHONE=80-70605040
189 LiveUpdate 2015-11-12 14:49:37 DELIVERY_ADDRESS=Kuncsaft utca 77. II. em 4.
189 LiveUpdate 2015-11-12 14:49:37 DELIVERY_ZIPCODE=1111
189 LiveUpdate 2015-11-12 14:49:37 DELIVERY_CITY=	Abaújalpár	
189 LiveUpdate 2015-11-12 14:49:37 DELIVERY_STATE=Hungary
189 LiveUpdate 2015-11-12 14:49:37 DELIVERY_COUNTRYCODE=HU
189 LiveUpdate 2015-11-12 14:49:37 ORDER_HASH=2cdaf1da27f2cd8ed62806dac5a4e691
189 LiveUpdate 2015-11-12 14:55:03 MERCHANT=P143901
189 LiveUpdate 2015-11-12 14:55:03 ORDER_REF=189
189 LiveUpdate 2015-11-12 14:55:03 ORDER_DATE=2015-11-12 14:55:03
189 LiveUpdate 2015-11-12 14:55:03 ORDER_PNAME=Kis zöld üveg
189 LiveUpdate 2015-11-12 14:55:03 ORDER_PCODE=c9f0f895fb98ab9159f51fd0297e236d
189 LiveUpdate 2015-11-12 14:55:03 ORDER_PRICE=6000
189 LiveUpdate 2015-11-12 14:55:03 ORDER_QTY=1
189 LiveUpdate 2015-11-12 14:55:03 ORDER_VAT=0
189 LiveUpdate 2015-11-12 14:55:03 PRICES_CURRENCY=HUF
189 LiveUpdate 2015-11-12 14:55:03 ORDER_SHIPPING=4100
189 LiveUpdate 2015-11-12 14:55:03 DISCOUNT=0
189 LiveUpdate 2015-11-12 14:55:03 PAY_METHOD=CCVISAMC
189 LiveUpdate 2015-11-12 14:55:03 LANGUAGE=HU
189 LiveUpdate 2015-11-12 14:55:03 AUTOMODE=1
189 LiveUpdate 2015-11-12 14:55:03 ORDER_TIMEOUT=300
189 LiveUpdate 2015-11-12 14:55:03 TIMEOUT_URL=http://bazibazar.local/penztar/fizetes_sikertelen
189 LiveUpdate 2015-11-12 14:55:03 BACK_REF=http://bazibazar.local/penztar/sikeres_fizetes
189 LiveUpdate 2015-11-12 14:55:03 BILL_FNAME=Kiss
189 LiveUpdate 2015-11-12 14:55:03 BILL_LNAME=Jakab
189 LiveUpdate 2015-11-12 14:55:03 BILL_EMAIL=5555@gggg.ccc
189 LiveUpdate 2015-11-12 14:55:03 BILL_PHONE=80-70605040
189 LiveUpdate 2015-11-12 14:55:03 BILL_ADDRESS=Kuncsaft utca 77. II. em 4.
189 LiveUpdate 2015-11-12 14:55:03 BILL_ZIPCODE=1111
189 LiveUpdate 2015-11-12 14:55:03 BILL_CITY=	Abaújalpár	
189 LiveUpdate 2015-11-12 14:55:03 BILL_STATE=Hungary
189 LiveUpdate 2015-11-12 14:55:03 BILL_COUNTRYCODE=HU
189 LiveUpdate 2015-11-12 14:55:03 DELIVERY_FNAME=Kiss Jakab
189 LiveUpdate 2015-11-12 14:55:03 DELIVERY_LNAME=
189 LiveUpdate 2015-11-12 14:55:03 DELIVERY_PHONE=80-70605040
189 LiveUpdate 2015-11-12 14:55:03 DELIVERY_ADDRESS=Kuncsaft utca 77. II. em 4.
189 LiveUpdate 2015-11-12 14:55:03 DELIVERY_ZIPCODE=1111
189 LiveUpdate 2015-11-12 14:55:03 DELIVERY_CITY=	Abaújalpár	
189 LiveUpdate 2015-11-12 14:55:03 DELIVERY_STATE=Hungary
189 LiveUpdate 2015-11-12 14:55:03 DELIVERY_COUNTRYCODE=HU
189 LiveUpdate 2015-11-12 14:55:03 ORDER_HASH=2307596361fd0c4c4671c3c86e5f25ce
190 LiveUpdate 2015-11-12 15:38:43 MERCHANT=P143901
190 LiveUpdate 2015-11-12 15:38:43 ORDER_REF=190
190 LiveUpdate 2015-11-12 15:38:43 ORDER_DATE=2015-11-12 15:38:43
190 LiveUpdate 2015-11-12 15:38:43 ORDER_PNAME=Kis zöld üveg
190 LiveUpdate 2015-11-12 15:38:43 ORDER_PCODE=c9f0f895fb98ab9159f51fd0297e236d
190 LiveUpdate 2015-11-12 15:38:43 ORDER_PRICE=6000
190 LiveUpdate 2015-11-12 15:38:43 ORDER_QTY=1
190 LiveUpdate 2015-11-12 15:38:43 ORDER_VAT=0
190 LiveUpdate 2015-11-12 15:38:43 PRICES_CURRENCY=
190 LiveUpdate 2015-11-12 15:38:43 ORDER_SHIPPING=4100
190 LiveUpdate 2015-11-12 15:38:43 DISCOUNT=0
190 LiveUpdate 2015-11-12 15:38:43 PAY_METHOD=CCVISAMC
190 LiveUpdate 2015-11-12 15:38:43 LANGUAGE=HU
190 LiveUpdate 2015-11-12 15:38:43 AUTOMODE=1
190 LiveUpdate 2015-11-12 15:38:43 ORDER_TIMEOUT=300
190 LiveUpdate 2015-11-12 15:38:43 TIMEOUT_URL=http://bazibazar.local/penztar/fizetes_sikertelen
190 LiveUpdate 2015-11-12 15:38:43 BACK_REF=http://bazibazar.local/penztar/sikeres_fizetes
190 LiveUpdate 2015-11-12 15:38:43 BILL_FNAME=Kiss
190 LiveUpdate 2015-11-12 15:38:43 BILL_LNAME=Jakab
190 LiveUpdate 2015-11-12 15:38:43 BILL_EMAIL=5555@gggg.ccc
190 LiveUpdate 2015-11-12 15:38:43 BILL_PHONE=80-70605040
190 LiveUpdate 2015-11-12 15:38:43 BILL_ADDRESS=Kuncsaft utca 77. II. em 4.
190 LiveUpdate 2015-11-12 15:38:43 BILL_ZIPCODE=222
190 LiveUpdate 2015-11-12 15:38:43 BILL_CITY=	Abádszalók	
190 LiveUpdate 2015-11-12 15:38:43 BILL_STATE=Hungary
190 LiveUpdate 2015-11-12 15:38:43 BILL_COUNTRYCODE=HU
190 LiveUpdate 2015-11-12 15:38:43 DELIVERY_FNAME=Kiss Jakab
190 LiveUpdate 2015-11-12 15:38:43 DELIVERY_LNAME=
190 LiveUpdate 2015-11-12 15:38:43 DELIVERY_PHONE=80-70605040
190 LiveUpdate 2015-11-12 15:38:43 DELIVERY_ADDRESS=Kuncsaft utca 77. II. em 4.
190 LiveUpdate 2015-11-12 15:38:43 DELIVERY_ZIPCODE=222
190 LiveUpdate 2015-11-12 15:38:43 DELIVERY_CITY=	Abádszalók	
190 LiveUpdate 2015-11-12 15:38:43 DELIVERY_STATE=Hungary
190 LiveUpdate 2015-11-12 15:38:43 DELIVERY_COUNTRYCODE=HU
190 LiveUpdate 2015-11-12 15:38:43 ORDER_HASH=06bce1afc732e312d269a78d330eb5db
190 LiveUpdate 2015-11-12 15:42:18 MERCHANT=P143901
190 LiveUpdate 2015-11-12 15:42:18 ORDER_REF=190
190 LiveUpdate 2015-11-12 15:42:18 ORDER_DATE=2015-11-12 15:42:18
190 LiveUpdate 2015-11-12 15:42:18 ORDER_PNAME=Kis zöld üveg
190 LiveUpdate 2015-11-12 15:42:18 ORDER_PCODE=c9f0f895fb98ab9159f51fd0297e236d
190 LiveUpdate 2015-11-12 15:42:18 ORDER_PRICE=6000
190 LiveUpdate 2015-11-12 15:42:18 ORDER_QTY=1
190 LiveUpdate 2015-11-12 15:42:18 ORDER_VAT=0
190 LiveUpdate 2015-11-12 15:42:18 PRICES_CURRENCY=
190 LiveUpdate 2015-11-12 15:42:18 ORDER_SHIPPING=4100
190 LiveUpdate 2015-11-12 15:42:18 DISCOUNT=0
190 LiveUpdate 2015-11-12 15:42:18 PAY_METHOD=CCVISAMC
190 LiveUpdate 2015-11-12 15:42:18 LANGUAGE=HU
190 LiveUpdate 2015-11-12 15:42:18 AUTOMODE=1
190 LiveUpdate 2015-11-12 15:42:18 ORDER_TIMEOUT=300
190 LiveUpdate 2015-11-12 15:42:18 TIMEOUT_URL=http://bazibazar.local/penztar/fizetes_sikertelen
190 LiveUpdate 2015-11-12 15:42:18 BACK_REF=http://bazibazar.local/penztar/sikeres_fizetes
190 LiveUpdate 2015-11-12 15:42:18 BILL_FNAME=Kiss
190 LiveUpdate 2015-11-12 15:42:18 BILL_LNAME=Jakab
190 LiveUpdate 2015-11-12 15:42:18 BILL_EMAIL=5555@gggg.ccc
190 LiveUpdate 2015-11-12 15:42:18 BILL_PHONE=80-70605040
190 LiveUpdate 2015-11-12 15:42:18 BILL_ADDRESS=Kuncsaft utca 77. II. em 4.
190 LiveUpdate 2015-11-12 15:42:18 BILL_ZIPCODE=222
190 LiveUpdate 2015-11-12 15:42:18 BILL_CITY=	Abádszalók	
190 LiveUpdate 2015-11-12 15:42:18 BILL_STATE=Hungary
190 LiveUpdate 2015-11-12 15:42:18 BILL_COUNTRYCODE=HU
190 LiveUpdate 2015-11-12 15:42:18 DELIVERY_FNAME=Kiss Jakab
190 LiveUpdate 2015-11-12 15:42:18 DELIVERY_LNAME=
190 LiveUpdate 2015-11-12 15:42:18 DELIVERY_PHONE=80-70605040
190 LiveUpdate 2015-11-12 15:42:18 DELIVERY_ADDRESS=Kuncsaft utca 77. II. em 4.
190 LiveUpdate 2015-11-12 15:42:18 DELIVERY_ZIPCODE=222
190 LiveUpdate 2015-11-12 15:42:18 DELIVERY_CITY=	Abádszalók	
190 LiveUpdate 2015-11-12 15:42:18 DELIVERY_STATE=Hungary
190 LiveUpdate 2015-11-12 15:42:18 DELIVERY_COUNTRYCODE=HU
190 LiveUpdate 2015-11-12 15:42:18 ORDER_HASH=05d88e269bd17a9b16d975df8c87b377
190 LiveUpdate 2015-11-12 15:44:53 MERCHANT=P143901
190 LiveUpdate 2015-11-12 15:44:53 ORDER_REF=190
190 LiveUpdate 2015-11-12 15:44:53 ORDER_DATE=2015-11-12 15:44:53
190 LiveUpdate 2015-11-12 15:44:53 ORDER_PNAME=Kis zöld üveg
190 LiveUpdate 2015-11-12 15:44:53 ORDER_PCODE=c9f0f895fb98ab9159f51fd0297e236d
190 LiveUpdate 2015-11-12 15:44:53 ORDER_PRICE=6000
190 LiveUpdate 2015-11-12 15:44:53 ORDER_QTY=1
190 LiveUpdate 2015-11-12 15:44:53 ORDER_VAT=0
190 LiveUpdate 2015-11-12 15:44:53 PRICES_CURRENCY=HUF
190 LiveUpdate 2015-11-12 15:44:53 ORDER_SHIPPING=4100
190 LiveUpdate 2015-11-12 15:44:53 DISCOUNT=0
190 LiveUpdate 2015-11-12 15:44:53 PAY_METHOD=CCVISAMC
190 LiveUpdate 2015-11-12 15:44:53 LANGUAGE=HU
190 LiveUpdate 2015-11-12 15:44:53 AUTOMODE=1
190 LiveUpdate 2015-11-12 15:44:53 ORDER_TIMEOUT=300
190 LiveUpdate 2015-11-12 15:44:53 TIMEOUT_URL=http://bazibazar.local/penztar/fizetes_sikertelen
190 LiveUpdate 2015-11-12 15:44:53 BACK_REF=http://bazibazar.local/penztar/sikeres_fizetes
190 LiveUpdate 2015-11-12 15:44:53 BILL_FNAME=Kiss
190 LiveUpdate 2015-11-12 15:44:53 BILL_LNAME=Jakab
190 LiveUpdate 2015-11-12 15:44:53 BILL_EMAIL=5555@gggg.ccc
190 LiveUpdate 2015-11-12 15:44:53 BILL_PHONE=80-70605040
190 LiveUpdate 2015-11-12 15:44:53 BILL_ADDRESS=Kuncsaft utca 77. II. em 4.
190 LiveUpdate 2015-11-12 15:44:53 BILL_ZIPCODE=222
190 LiveUpdate 2015-11-12 15:44:53 BILL_CITY=	Abádszalók	
190 LiveUpdate 2015-11-12 15:44:53 BILL_STATE=Hungary
190 LiveUpdate 2015-11-12 15:44:53 BILL_COUNTRYCODE=HU
190 LiveUpdate 2015-11-12 15:44:53 DELIVERY_FNAME=Kiss Jakab
190 LiveUpdate 2015-11-12 15:44:53 DELIVERY_LNAME=
190 LiveUpdate 2015-11-12 15:44:53 DELIVERY_PHONE=80-70605040
190 LiveUpdate 2015-11-12 15:44:53 DELIVERY_ADDRESS=Kuncsaft utca 77. II. em 4.
190 LiveUpdate 2015-11-12 15:44:53 DELIVERY_ZIPCODE=222
190 LiveUpdate 2015-11-12 15:44:53 DELIVERY_CITY=	Abádszalók	
190 LiveUpdate 2015-11-12 15:44:53 DELIVERY_STATE=Hungary
190 LiveUpdate 2015-11-12 15:44:53 DELIVERY_COUNTRYCODE=HU
190 LiveUpdate 2015-11-12 15:44:53 ORDER_HASH=ec341b37b800cd06e805990f60b30651
