161 LiveUpdate 2015-10-15 07:47:09 MERCHANT=P143901
161 LiveUpdate 2015-10-15 07:47:09 ORDER_REF=161
161 LiveUpdate 2015-10-15 07:47:09 ORDER_DATE=2015-10-15 07:47:09
161 LiveUpdate 2015-10-15 07:47:09 ORDER_PNAME=Képkeret
161 LiveUpdate 2015-10-15 07:47:09 ORDER_PNAME=Gyertyatartó
161 LiveUpdate 2015-10-15 07:47:09 ORDER_PCODE=2
161 LiveUpdate 2015-10-15 07:47:09 ORDER_PCODE=8
161 LiveUpdate 2015-10-15 07:47:09 ORDER_PRICE=22900
161 LiveUpdate 2015-10-15 07:47:09 ORDER_PRICE=1800
161 LiveUpdate 2015-10-15 07:47:09 ORDER_QTY=4
161 LiveUpdate 2015-10-15 07:47:09 ORDER_QTY=1
161 LiveUpdate 2015-10-15 07:47:09 ORDER_VAT=0
161 LiveUpdate 2015-10-15 07:47:09 ORDER_VAT=0
161 LiveUpdate 2015-10-15 07:47:09 PRICES_CURRENCY=HUF
161 LiveUpdate 2015-10-15 07:47:09 ORDER_SHIPPING=4100
161 LiveUpdate 2015-10-15 07:47:09 DISCOUNT=0
161 LiveUpdate 2015-10-15 07:47:09 PAY_METHOD=CCVISAMC
161 LiveUpdate 2015-10-15 07:47:09 LANGUAGE=HU
161 LiveUpdate 2015-10-15 07:47:09 AUTOMODE=1
161 LiveUpdate 2015-10-15 07:47:09 ORDER_TIMEOUT=300
161 LiveUpdate 2015-10-15 07:47:09 TIMEOUT_URL=http://bazibazar.local/fizetes/timeout
161 LiveUpdate 2015-10-15 07:47:09 BACK_REF=http://bazibazar.local/fizetes/backref
161 LiveUpdate 2015-10-15 07:47:09 BILL_FNAME=Kiss
161 LiveUpdate 2015-10-15 07:47:09 BILL_LNAME=Jakab
161 LiveUpdate 2015-10-15 07:47:09 BILL_EMAIL=5555@gggg.ccc
161 LiveUpdate 2015-10-15 07:47:09 BILL_PHONE=80-70605040
161 LiveUpdate 2015-10-15 07:47:09 BILL_ADDRESS=Kuncsaft utca 77. II. em 4.
161 LiveUpdate 2015-10-15 07:47:09 BILL_ZIPCODE=1087
161 LiveUpdate 2015-10-15 07:47:09 BILL_CITY=Budapest
161 LiveUpdate 2015-10-15 07:47:09 BILL_STATE=Hungary
161 LiveUpdate 2015-10-15 07:47:09 BILL_COUNTRYCODE=HU
161 LiveUpdate 2015-10-15 07:47:09 DELIVERY_FNAME=Kiss Jakab
161 LiveUpdate 2015-10-15 07:47:09 DELIVERY_LNAME=
161 LiveUpdate 2015-10-15 07:47:09 DELIVERY_PHONE=80-70605040
161 LiveUpdate 2015-10-15 07:47:09 DELIVERY_ADDRESS=Kuncsaft utca 77. II. em 4.
161 LiveUpdate 2015-10-15 07:47:09 DELIVERY_ZIPCODE=1087
161 LiveUpdate 2015-10-15 07:47:09 DELIVERY_CITY=Budapest
161 LiveUpdate 2015-10-15 07:47:09 DELIVERY_STATE=Hungary
161 LiveUpdate 2015-10-15 07:47:09 DELIVERY_COUNTRYCODE=HU
161 LiveUpdate 2015-10-15 07:47:09 ORDER_HASH=ba44b447096b3438db24f9099e222df4
161 LiveUpdate 2015-10-15 10:11:32 MERCHANT=P143901
161 LiveUpdate 2015-10-15 10:11:32 ORDER_REF=161
161 LiveUpdate 2015-10-15 10:11:32 ORDER_DATE=2015-10-15 10:11:32
161 LiveUpdate 2015-10-15 10:11:32 ORDER_PNAME=Képkeret
161 LiveUpdate 2015-10-15 10:11:32 ORDER_PNAME=Gyertyatartó
161 LiveUpdate 2015-10-15 10:11:32 ORDER_PCODE=2
161 LiveUpdate 2015-10-15 10:11:32 ORDER_PCODE=8
161 LiveUpdate 2015-10-15 10:11:32 ORDER_PRICE=22900
161 LiveUpdate 2015-10-15 10:11:32 ORDER_PRICE=1800
161 LiveUpdate 2015-10-15 10:11:32 ORDER_QTY=4
161 LiveUpdate 2015-10-15 10:11:32 ORDER_QTY=1
161 LiveUpdate 2015-10-15 10:11:32 ORDER_VAT=0
161 LiveUpdate 2015-10-15 10:11:32 ORDER_VAT=0
161 LiveUpdate 2015-10-15 10:11:32 PRICES_CURRENCY=HUF
161 LiveUpdate 2015-10-15 10:11:32 ORDER_SHIPPING=4100
161 LiveUpdate 2015-10-15 10:11:32 DISCOUNT=0
161 LiveUpdate 2015-10-15 10:11:32 PAY_METHOD=CCVISAMC
161 LiveUpdate 2015-10-15 10:11:32 LANGUAGE=HU
161 LiveUpdate 2015-10-15 10:11:32 AUTOMODE=1
161 LiveUpdate 2015-10-15 10:11:32 ORDER_TIMEOUT=300
161 LiveUpdate 2015-10-15 10:11:32 TIMEOUT_URL=http://bazibazar.local/fizetes/timeout
161 LiveUpdate 2015-10-15 10:11:32 BACK_REF=http://bazibazar.local/fizetes/backref
161 LiveUpdate 2015-10-15 10:11:32 BILL_FNAME=Kiss
161 LiveUpdate 2015-10-15 10:11:32 BILL_LNAME=Jakab
161 LiveUpdate 2015-10-15 10:11:32 BILL_EMAIL=5555@gggg.ccc
161 LiveUpdate 2015-10-15 10:11:32 BILL_PHONE=80-70605040
161 LiveUpdate 2015-10-15 10:11:32 BILL_ADDRESS=Kuncsaft utca 77. II. em 4.
161 LiveUpdate 2015-10-15 10:11:32 BILL_ZIPCODE=1087
161 LiveUpdate 2015-10-15 10:11:32 BILL_CITY=Budapest
161 LiveUpdate 2015-10-15 10:11:32 BILL_STATE=Hungary
161 LiveUpdate 2015-10-15 10:11:32 BILL_COUNTRYCODE=HU
161 LiveUpdate 2015-10-15 10:11:32 DELIVERY_FNAME=Kiss Jakab
161 LiveUpdate 2015-10-15 10:11:32 DELIVERY_LNAME=
161 LiveUpdate 2015-10-15 10:11:32 DELIVERY_PHONE=80-70605040
161 LiveUpdate 2015-10-15 10:11:32 DELIVERY_ADDRESS=Kuncsaft utca 77. II. em 4.
161 LiveUpdate 2015-10-15 10:11:32 DELIVERY_ZIPCODE=1087
161 LiveUpdate 2015-10-15 10:11:32 DELIVERY_CITY=Budapest
161 LiveUpdate 2015-10-15 10:11:32 DELIVERY_STATE=Hungary
161 LiveUpdate 2015-10-15 10:11:32 DELIVERY_COUNTRYCODE=HU
161 LiveUpdate 2015-10-15 10:11:32 ORDER_HASH=cbbf0f73801a10128b077dcfef1dba3b
161 LiveUpdate 2015-10-15 11:11:15 MERCHANT=P143901
161 LiveUpdate 2015-10-15 11:11:15 ORDER_REF=161
161 LiveUpdate 2015-10-15 11:11:15 ORDER_DATE=2015-10-15 11:11:15
161 LiveUpdate 2015-10-15 11:11:15 ORDER_PNAME=Képkeret
161 LiveUpdate 2015-10-15 11:11:15 ORDER_PCODE=2
161 LiveUpdate 2015-10-15 11:11:15 ORDER_PRICE=22900
161 LiveUpdate 2015-10-15 11:11:15 ORDER_QTY=1
161 LiveUpdate 2015-10-15 11:11:15 ORDER_VAT=0
161 LiveUpdate 2015-10-15 11:11:15 PRICES_CURRENCY=HUF
161 LiveUpdate 2015-10-15 11:11:15 ORDER_SHIPPING=4100
161 LiveUpdate 2015-10-15 11:11:15 DISCOUNT=0
161 LiveUpdate 2015-10-15 11:11:15 PAY_METHOD=CCVISAMC
161 LiveUpdate 2015-10-15 11:11:15 LANGUAGE=HU
161 LiveUpdate 2015-10-15 11:11:15 AUTOMODE=1
161 LiveUpdate 2015-10-15 11:11:15 ORDER_TIMEOUT=300
161 LiveUpdate 2015-10-15 11:11:15 TIMEOUT_URL=http://bazibazar.local/fizetes/timeout
161 LiveUpdate 2015-10-15 11:11:15 BACK_REF=http://bazibazar.local/fizetes/backref
161 LiveUpdate 2015-10-15 11:11:15 BILL_FNAME=Kiss
161 LiveUpdate 2015-10-15 11:11:15 BILL_LNAME=Jakab
161 LiveUpdate 2015-10-15 11:11:15 BILL_EMAIL=5555@gggg.ccc
161 LiveUpdate 2015-10-15 11:11:15 BILL_PHONE=80-70605040
161 LiveUpdate 2015-10-15 11:11:15 BILL_ADDRESS=Kuncsaft utca 77. II. em 4.
161 LiveUpdate 2015-10-15 11:11:15 BILL_ZIPCODE=1087
161 LiveUpdate 2015-10-15 11:11:15 BILL_CITY=Budapest
161 LiveUpdate 2015-10-15 11:11:15 BILL_STATE=Hungary
161 LiveUpdate 2015-10-15 11:11:15 BILL_COUNTRYCODE=HU
161 LiveUpdate 2015-10-15 11:11:15 DELIVERY_FNAME=Kiss Jakab
161 LiveUpdate 2015-10-15 11:11:15 DELIVERY_LNAME=
161 LiveUpdate 2015-10-15 11:11:15 DELIVERY_PHONE=80-70605040
161 LiveUpdate 2015-10-15 11:11:15 DELIVERY_ADDRESS=Kuncsaft utca 77. II. em 4.
161 LiveUpdate 2015-10-15 11:11:15 DELIVERY_ZIPCODE=1087
161 LiveUpdate 2015-10-15 11:11:15 DELIVERY_CITY=Budapest
161 LiveUpdate 2015-10-15 11:11:15 DELIVERY_STATE=Hungary
161 LiveUpdate 2015-10-15 11:11:15 DELIVERY_COUNTRYCODE=HU
161 LiveUpdate 2015-10-15 11:11:15 ORDER_HASH=a6dc0b2ad84ea560070e3e38f86964fd
162 LiveUpdate 2015-10-15 11:11:58 MERCHANT=P143901
162 LiveUpdate 2015-10-15 11:11:58 ORDER_REF=162
162 LiveUpdate 2015-10-15 11:11:58 ORDER_DATE=2015-10-15 11:11:58
162 LiveUpdate 2015-10-15 11:11:58 ORDER_PNAME=Képkeret
162 LiveUpdate 2015-10-15 11:11:58 ORDER_PCODE=2
162 LiveUpdate 2015-10-15 11:11:58 ORDER_PRICE=22900
162 LiveUpdate 2015-10-15 11:11:58 ORDER_QTY=1
162 LiveUpdate 2015-10-15 11:11:58 ORDER_VAT=0
162 LiveUpdate 2015-10-15 11:11:58 PRICES_CURRENCY=HUF
162 LiveUpdate 2015-10-15 11:11:58 ORDER_SHIPPING=4100
162 LiveUpdate 2015-10-15 11:11:58 DISCOUNT=0
162 LiveUpdate 2015-10-15 11:11:58 PAY_METHOD=CCVISAMC
162 LiveUpdate 2015-10-15 11:11:58 LANGUAGE=HU
162 LiveUpdate 2015-10-15 11:11:58 AUTOMODE=1
162 LiveUpdate 2015-10-15 11:11:58 ORDER_TIMEOUT=300
162 LiveUpdate 2015-10-15 11:11:58 TIMEOUT_URL=http://bazibazar.local/fizetes/timeout
162 LiveUpdate 2015-10-15 11:11:58 BACK_REF=http://bazibazar.local/fizetes/backref
162 LiveUpdate 2015-10-15 11:11:58 BILL_FNAME=Kiss
162 LiveUpdate 2015-10-15 11:11:58 BILL_LNAME=Jakab
162 LiveUpdate 2015-10-15 11:11:58 BILL_EMAIL=5555@gggg.ccc
162 LiveUpdate 2015-10-15 11:11:58 BILL_PHONE=80-70605040
162 LiveUpdate 2015-10-15 11:11:58 BILL_ADDRESS=Kuncsaft utca 77. II. em 4.
162 LiveUpdate 2015-10-15 11:11:58 BILL_ZIPCODE=1087
162 LiveUpdate 2015-10-15 11:11:58 BILL_CITY=Budapest
162 LiveUpdate 2015-10-15 11:11:58 BILL_STATE=Hungary
162 LiveUpdate 2015-10-15 11:11:58 BILL_COUNTRYCODE=HU
162 LiveUpdate 2015-10-15 11:11:58 DELIVERY_FNAME=Kiss Jakab
162 LiveUpdate 2015-10-15 11:11:58 DELIVERY_LNAME=
162 LiveUpdate 2015-10-15 11:11:58 DELIVERY_PHONE=80-70605040
162 LiveUpdate 2015-10-15 11:11:58 DELIVERY_ADDRESS=Kuncsaft utca 77. II. em 4.
162 LiveUpdate 2015-10-15 11:11:58 DELIVERY_ZIPCODE=1087
162 LiveUpdate 2015-10-15 11:11:58 DELIVERY_CITY=Budapest
162 LiveUpdate 2015-10-15 11:11:58 DELIVERY_STATE=Hungary
162 LiveUpdate 2015-10-15 11:11:58 DELIVERY_COUNTRYCODE=HU
162 LiveUpdate 2015-10-15 11:11:58 ORDER_HASH=9bd6149173504dcd8d7e98eff66e3b03
162 LiveUpdate 2015-10-15 12:34:11 MERCHANT=P143901
162 LiveUpdate 2015-10-15 12:34:11 ORDER_REF=162
162 LiveUpdate 2015-10-15 12:34:11 ORDER_DATE=2015-10-15 12:34:11
162 LiveUpdate 2015-10-15 12:34:11 ORDER_PNAME=Képkeret
162 LiveUpdate 2015-10-15 12:34:11 ORDER_PCODE=2
162 LiveUpdate 2015-10-15 12:34:11 ORDER_PRICE=22900
162 LiveUpdate 2015-10-15 12:34:11 ORDER_QTY=1
162 LiveUpdate 2015-10-15 12:34:11 ORDER_VAT=0
162 LiveUpdate 2015-10-15 12:34:11 PRICES_CURRENCY=HUF
162 LiveUpdate 2015-10-15 12:34:11 ORDER_SHIPPING=4100
162 LiveUpdate 2015-10-15 12:34:11 DISCOUNT=0
162 LiveUpdate 2015-10-15 12:34:11 PAY_METHOD=CCVISAMC
162 LiveUpdate 2015-10-15 12:34:11 LANGUAGE=HU
162 LiveUpdate 2015-10-15 12:34:11 AUTOMODE=1
162 LiveUpdate 2015-10-15 12:34:11 ORDER_TIMEOUT=300
162 LiveUpdate 2015-10-15 12:34:11 TIMEOUT_URL=http://bazibazar.local/fizetes/timeout
162 LiveUpdate 2015-10-15 12:34:11 BACK_REF=http://bazibazar.local/fizetes/backref
162 LiveUpdate 2015-10-15 12:34:11 BILL_FNAME=Kiss
162 LiveUpdate 2015-10-15 12:34:11 BILL_LNAME=Jakab
162 LiveUpdate 2015-10-15 12:34:11 BILL_EMAIL=5555@gggg.ccc
162 LiveUpdate 2015-10-15 12:34:11 BILL_PHONE=80-70605040
162 LiveUpdate 2015-10-15 12:34:11 BILL_ADDRESS=Kuncsaft utca 77. II. em 4.
162 LiveUpdate 2015-10-15 12:34:11 BILL_ZIPCODE=1087
162 LiveUpdate 2015-10-15 12:34:11 BILL_CITY=Budapest
162 LiveUpdate 2015-10-15 12:34:11 BILL_STATE=Hungary
162 LiveUpdate 2015-10-15 12:34:11 BILL_COUNTRYCODE=HU
162 LiveUpdate 2015-10-15 12:34:11 DELIVERY_FNAME=Kiss Jakab
162 LiveUpdate 2015-10-15 12:34:11 DELIVERY_LNAME=
162 LiveUpdate 2015-10-15 12:34:11 DELIVERY_PHONE=80-70605040
162 LiveUpdate 2015-10-15 12:34:11 DELIVERY_ADDRESS=Kuncsaft utca 77. II. em 4.
162 LiveUpdate 2015-10-15 12:34:11 DELIVERY_ZIPCODE=1087
162 LiveUpdate 2015-10-15 12:34:11 DELIVERY_CITY=Budapest
162 LiveUpdate 2015-10-15 12:34:11 DELIVERY_STATE=Hungary
162 LiveUpdate 2015-10-15 12:34:11 DELIVERY_COUNTRYCODE=HU
162 LiveUpdate 2015-10-15 12:34:11 ORDER_HASH=f2b49d7906c7bbf0b23479c6ba68752f
163 LiveUpdate 2015-10-15 12:34:59 MERCHANT=P143901
163 LiveUpdate 2015-10-15 12:34:59 ORDER_REF=163
163 LiveUpdate 2015-10-15 12:34:59 ORDER_DATE=2015-10-15 12:34:59
163 LiveUpdate 2015-10-15 12:34:59 ORDER_PNAME=Képkeret
163 LiveUpdate 2015-10-15 12:34:59 ORDER_PCODE=2
163 LiveUpdate 2015-10-15 12:34:59 ORDER_PRICE=22900
163 LiveUpdate 2015-10-15 12:34:59 ORDER_QTY=1
163 LiveUpdate 2015-10-15 12:34:59 ORDER_VAT=0
163 LiveUpdate 2015-10-15 12:34:59 PRICES_CURRENCY=HUF
163 LiveUpdate 2015-10-15 12:34:59 ORDER_SHIPPING=4100
163 LiveUpdate 2015-10-15 12:34:59 DISCOUNT=0
163 LiveUpdate 2015-10-15 12:34:59 PAY_METHOD=CCVISAMC
163 LiveUpdate 2015-10-15 12:34:59 LANGUAGE=HU
163 LiveUpdate 2015-10-15 12:34:59 AUTOMODE=1
163 LiveUpdate 2015-10-15 12:34:59 ORDER_TIMEOUT=300
163 LiveUpdate 2015-10-15 12:34:59 TIMEOUT_URL=http://bazibazar.local/fizetes/timeout
163 LiveUpdate 2015-10-15 12:34:59 BACK_REF=http://bazibazar.local/fizetes/backref
163 LiveUpdate 2015-10-15 12:34:59 BILL_FNAME=Kiss
163 LiveUpdate 2015-10-15 12:34:59 BILL_LNAME=Jakab
163 LiveUpdate 2015-10-15 12:34:59 BILL_EMAIL=web@effektivart.hu
163 LiveUpdate 2015-10-15 12:34:59 BILL_PHONE=444
163 LiveUpdate 2015-10-15 12:34:59 BILL_ADDRESS=Kuncsaft utca 77. II. em 4.
163 LiveUpdate 2015-10-15 12:34:59 BILL_ZIPCODE=1087
163 LiveUpdate 2015-10-15 12:34:59 BILL_CITY=Budapest
163 LiveUpdate 2015-10-15 12:34:59 BILL_STATE=Hungary
163 LiveUpdate 2015-10-15 12:34:59 BILL_COUNTRYCODE=HU
163 LiveUpdate 2015-10-15 12:34:59 DELIVERY_FNAME=Kiss Jakab
163 LiveUpdate 2015-10-15 12:34:59 DELIVERY_LNAME=
163 LiveUpdate 2015-10-15 12:34:59 DELIVERY_PHONE=444
163 LiveUpdate 2015-10-15 12:34:59 DELIVERY_ADDRESS=Kuncsaft utca 77. II. em 4.
163 LiveUpdate 2015-10-15 12:34:59 DELIVERY_ZIPCODE=1087
163 LiveUpdate 2015-10-15 12:34:59 DELIVERY_CITY=Budapest
163 LiveUpdate 2015-10-15 12:34:59 DELIVERY_STATE=Hungary
163 LiveUpdate 2015-10-15 12:34:59 DELIVERY_COUNTRYCODE=HU
163 LiveUpdate 2015-10-15 12:34:59 ORDER_HASH=33d7c500f1e306ac5260775fa8161883
164 LiveUpdate 2015-10-15 12:35:50 MERCHANT=P143901
164 LiveUpdate 2015-10-15 12:35:50 ORDER_REF=164
164 LiveUpdate 2015-10-15 12:35:50 ORDER_DATE=2015-10-15 12:35:50
164 LiveUpdate 2015-10-15 12:35:50 ORDER_PNAME=Képkeret
164 LiveUpdate 2015-10-15 12:35:50 ORDER_PCODE=2
164 LiveUpdate 2015-10-15 12:35:50 ORDER_PRICE=22900
164 LiveUpdate 2015-10-15 12:35:50 ORDER_QTY=1
164 LiveUpdate 2015-10-15 12:35:50 ORDER_VAT=0
164 LiveUpdate 2015-10-15 12:35:50 PRICES_CURRENCY=HUF
164 LiveUpdate 2015-10-15 12:35:50 ORDER_SHIPPING=4100
164 LiveUpdate 2015-10-15 12:35:50 DISCOUNT=0
164 LiveUpdate 2015-10-15 12:35:50 PAY_METHOD=CCVISAMC
164 LiveUpdate 2015-10-15 12:35:50 LANGUAGE=HU
164 LiveUpdate 2015-10-15 12:35:50 AUTOMODE=1
164 LiveUpdate 2015-10-15 12:35:50 ORDER_TIMEOUT=300
164 LiveUpdate 2015-10-15 12:35:50 TIMEOUT_URL=http://bazibazar.local/fizetes/timeout
164 LiveUpdate 2015-10-15 12:35:50 BACK_REF=http://bazibazar.local/fizetes/backref
164 LiveUpdate 2015-10-15 12:35:50 BILL_FNAME=Kiss
164 LiveUpdate 2015-10-15 12:35:50 BILL_LNAME=Jakab
164 LiveUpdate 2015-10-15 12:35:50 BILL_EMAIL=5555@gggg.ccc
164 LiveUpdate 2015-10-15 12:35:50 BILL_PHONE=80-70605040
164 LiveUpdate 2015-10-15 12:35:50 BILL_ADDRESS=333
164 LiveUpdate 2015-10-15 12:35:50 BILL_ZIPCODE=1087
164 LiveUpdate 2015-10-15 12:35:50 BILL_CITY=Budapest
164 LiveUpdate 2015-10-15 12:35:50 BILL_STATE=Hungary
164 LiveUpdate 2015-10-15 12:35:50 BILL_COUNTRYCODE=HU
164 LiveUpdate 2015-10-15 12:35:50 DELIVERY_FNAME=Kiss Jakab
164 LiveUpdate 2015-10-15 12:35:50 DELIVERY_LNAME=
164 LiveUpdate 2015-10-15 12:35:50 DELIVERY_PHONE=80-70605040
164 LiveUpdate 2015-10-15 12:35:50 DELIVERY_ADDRESS=333
164 LiveUpdate 2015-10-15 12:35:50 DELIVERY_ZIPCODE=1087
164 LiveUpdate 2015-10-15 12:35:50 DELIVERY_CITY=Budapest
164 LiveUpdate 2015-10-15 12:35:50 DELIVERY_STATE=Hungary
164 LiveUpdate 2015-10-15 12:35:50 DELIVERY_COUNTRYCODE=HU
164 LiveUpdate 2015-10-15 12:35:50 ORDER_HASH=57d02008573731983c770073288365a6
165 LiveUpdate 2015-10-15 13:18:41 MERCHANT=P143901
165 LiveUpdate 2015-10-15 13:18:41 ORDER_REF=165
165 LiveUpdate 2015-10-15 13:18:41 ORDER_DATE=2015-10-15 13:18:41
165 LiveUpdate 2015-10-15 13:18:41 ORDER_PNAME=Képkeret
165 LiveUpdate 2015-10-15 13:18:41 ORDER_PCODE=2
165 LiveUpdate 2015-10-15 13:18:41 ORDER_PRICE=22900
165 LiveUpdate 2015-10-15 13:18:41 ORDER_QTY=1
165 LiveUpdate 2015-10-15 13:18:41 ORDER_VAT=0
165 LiveUpdate 2015-10-15 13:18:41 PRICES_CURRENCY=HUF
165 LiveUpdate 2015-10-15 13:18:41 ORDER_SHIPPING=4100
165 LiveUpdate 2015-10-15 13:18:41 DISCOUNT=0
165 LiveUpdate 2015-10-15 13:18:41 PAY_METHOD=CCVISAMC
165 LiveUpdate 2015-10-15 13:18:41 LANGUAGE=HU
165 LiveUpdate 2015-10-15 13:18:41 AUTOMODE=1
165 LiveUpdate 2015-10-15 13:18:41 ORDER_TIMEOUT=300
165 LiveUpdate 2015-10-15 13:18:41 TIMEOUT_URL=http://bazibazar.local/fizetes/timeout
165 LiveUpdate 2015-10-15 13:18:41 BACK_REF=http://bazibazar.local/fizetes/backref
165 LiveUpdate 2015-10-15 13:18:41 BILL_FNAME=Kiss
165 LiveUpdate 2015-10-15 13:18:41 BILL_LNAME=Jakab
165 LiveUpdate 2015-10-15 13:18:41 BILL_EMAIL=
165 LiveUpdate 2015-10-15 13:18:41 BILL_PHONE=
165 LiveUpdate 2015-10-15 13:18:41 BILL_ADDRESS=
165 LiveUpdate 2015-10-15 13:18:41 BILL_ZIPCODE=
165 LiveUpdate 2015-10-15 13:18:41 BILL_CITY=Budapest
165 LiveUpdate 2015-10-15 13:18:41 BILL_STATE=Hungary
165 LiveUpdate 2015-10-15 13:18:41 BILL_COUNTRYCODE=HU
165 LiveUpdate 2015-10-15 13:18:41 DELIVERY_FNAME=Kiss Jakab
165 LiveUpdate 2015-10-15 13:18:41 DELIVERY_LNAME=
165 LiveUpdate 2015-10-15 13:18:41 DELIVERY_PHONE=
165 LiveUpdate 2015-10-15 13:18:41 DELIVERY_ADDRESS=
165 LiveUpdate 2015-10-15 13:18:41 DELIVERY_ZIPCODE=
165 LiveUpdate 2015-10-15 13:18:41 DELIVERY_CITY=Budapest
165 LiveUpdate 2015-10-15 13:18:41 DELIVERY_STATE=Hungary
165 LiveUpdate 2015-10-15 13:18:41 DELIVERY_COUNTRYCODE=HU
165 LiveUpdate 2015-10-15 13:18:41 ORDER_HASH=a7560647154ef2b32aec7edf9471bb96
166 LiveUpdate 2015-10-15 13:34:09 MERCHANT=P143901
166 LiveUpdate 2015-10-15 13:34:09 ORDER_REF=166
166 LiveUpdate 2015-10-15 13:34:09 ORDER_DATE=2015-10-15 13:34:09
166 LiveUpdate 2015-10-15 13:34:09 ORDER_PNAME=Képkeret
166 LiveUpdate 2015-10-15 13:34:09 ORDER_PCODE=2
166 LiveUpdate 2015-10-15 13:34:09 ORDER_PRICE=22900
166 LiveUpdate 2015-10-15 13:34:09 ORDER_QTY=1
166 LiveUpdate 2015-10-15 13:34:09 ORDER_VAT=0
166 LiveUpdate 2015-10-15 13:34:09 PRICES_CURRENCY=HUF
166 LiveUpdate 2015-10-15 13:34:09 ORDER_SHIPPING=4100
166 LiveUpdate 2015-10-15 13:34:09 DISCOUNT=0
166 LiveUpdate 2015-10-15 13:34:09 PAY_METHOD=CCVISAMC
166 LiveUpdate 2015-10-15 13:34:09 LANGUAGE=HU
166 LiveUpdate 2015-10-15 13:34:09 AUTOMODE=1
166 LiveUpdate 2015-10-15 13:34:09 ORDER_TIMEOUT=300
166 LiveUpdate 2015-10-15 13:34:09 TIMEOUT_URL=http://bazibazar.local/fizetes/timeout
166 LiveUpdate 2015-10-15 13:34:09 BACK_REF=http://bazibazar.local/fizetes/backref
166 LiveUpdate 2015-10-15 13:34:09 BILL_FNAME=Kiss
166 LiveUpdate 2015-10-15 13:34:09 BILL_LNAME=Jakab
166 LiveUpdate 2015-10-15 13:34:09 BILL_EMAIL=5555@gggg.ccc
166 LiveUpdate 2015-10-15 13:34:09 BILL_PHONE=80-70605040
166 LiveUpdate 2015-10-15 13:34:09 BILL_ADDRESS=
166 LiveUpdate 2015-10-15 13:34:09 BILL_ZIPCODE=
166 LiveUpdate 2015-10-15 13:34:09 BILL_CITY=Budapest
166 LiveUpdate 2015-10-15 13:34:09 BILL_STATE=Hungary
166 LiveUpdate 2015-10-15 13:34:09 BILL_COUNTRYCODE=HU
166 LiveUpdate 2015-10-15 13:34:09 DELIVERY_FNAME=Kiss Jakab
166 LiveUpdate 2015-10-15 13:34:09 DELIVERY_LNAME=
166 LiveUpdate 2015-10-15 13:34:09 DELIVERY_PHONE=80-70605040
166 LiveUpdate 2015-10-15 13:34:09 DELIVERY_ADDRESS=
166 LiveUpdate 2015-10-15 13:34:09 DELIVERY_ZIPCODE=
166 LiveUpdate 2015-10-15 13:34:09 DELIVERY_CITY=Budapest
166 LiveUpdate 2015-10-15 13:34:09 DELIVERY_STATE=Hungary
166 LiveUpdate 2015-10-15 13:34:09 DELIVERY_COUNTRYCODE=HU
166 LiveUpdate 2015-10-15 13:34:09 ORDER_HASH=a72be03c7fc9c4fd9eaae2300bbfba07
166 LiveUpdate 2015-10-15 13:37:55 MERCHANT=P143901
166 LiveUpdate 2015-10-15 13:37:55 ORDER_REF=166
166 LiveUpdate 2015-10-15 13:37:55 ORDER_DATE=2015-10-15 13:37:55
166 LiveUpdate 2015-10-15 13:37:55 ORDER_PNAME=Képkeret
166 LiveUpdate 2015-10-15 13:37:55 ORDER_PCODE=2
166 LiveUpdate 2015-10-15 13:37:55 ORDER_PRICE=22900
166 LiveUpdate 2015-10-15 13:37:55 ORDER_QTY=1
166 LiveUpdate 2015-10-15 13:37:55 ORDER_VAT=0
166 LiveUpdate 2015-10-15 13:37:55 PRICES_CURRENCY=HUF
166 LiveUpdate 2015-10-15 13:37:55 ORDER_SHIPPING=4100
166 LiveUpdate 2015-10-15 13:37:55 DISCOUNT=0
166 LiveUpdate 2015-10-15 13:37:55 PAY_METHOD=CCVISAMC
166 LiveUpdate 2015-10-15 13:37:55 LANGUAGE=HU
166 LiveUpdate 2015-10-15 13:37:55 AUTOMODE=1
166 LiveUpdate 2015-10-15 13:37:55 ORDER_TIMEOUT=300
166 LiveUpdate 2015-10-15 13:37:55 TIMEOUT_URL=http://bazibazar.local/fizetes/timeout
166 LiveUpdate 2015-10-15 13:37:55 BACK_REF=http://bazibazar.local/fizetes/backref
166 LiveUpdate 2015-10-15 13:37:55 BILL_FNAME=Kiss
166 LiveUpdate 2015-10-15 13:37:55 BILL_LNAME=Jakab
166 LiveUpdate 2015-10-15 13:37:55 BILL_EMAIL=5555@gggg.ccc
166 LiveUpdate 2015-10-15 13:37:55 BILL_PHONE=80-70605040
166 LiveUpdate 2015-10-15 13:37:55 BILL_ADDRESS=
166 LiveUpdate 2015-10-15 13:37:55 BILL_ZIPCODE=
166 LiveUpdate 2015-10-15 13:37:55 BILL_CITY=Budapest
166 LiveUpdate 2015-10-15 13:37:55 BILL_STATE=Hungary
166 LiveUpdate 2015-10-15 13:37:55 BILL_COUNTRYCODE=HU
166 LiveUpdate 2015-10-15 13:37:55 DELIVERY_FNAME=Kiss Jakab
166 LiveUpdate 2015-10-15 13:37:55 DELIVERY_LNAME=
166 LiveUpdate 2015-10-15 13:37:55 DELIVERY_PHONE=80-70605040
166 LiveUpdate 2015-10-15 13:37:55 DELIVERY_ADDRESS=
166 LiveUpdate 2015-10-15 13:37:55 DELIVERY_ZIPCODE=
166 LiveUpdate 2015-10-15 13:37:55 DELIVERY_CITY=Budapest
166 LiveUpdate 2015-10-15 13:37:55 DELIVERY_STATE=Hungary
166 LiveUpdate 2015-10-15 13:37:55 DELIVERY_COUNTRYCODE=HU
166 LiveUpdate 2015-10-15 13:37:55 ORDER_HASH=ed2ada30a942ca9462e9012576609c15
166 LiveUpdate 2015-10-15 13:38:18 MERCHANT=P143901
166 LiveUpdate 2015-10-15 13:38:18 ORDER_REF=166
166 LiveUpdate 2015-10-15 13:38:18 ORDER_DATE=2015-10-15 13:38:18
166 LiveUpdate 2015-10-15 13:38:18 ORDER_PNAME=Képkeret
166 LiveUpdate 2015-10-15 13:38:18 ORDER_PCODE=2
166 LiveUpdate 2015-10-15 13:38:18 ORDER_PRICE=22900
166 LiveUpdate 2015-10-15 13:38:18 ORDER_QTY=1
166 LiveUpdate 2015-10-15 13:38:18 ORDER_VAT=0
166 LiveUpdate 2015-10-15 13:38:18 PRICES_CURRENCY=HUF
166 LiveUpdate 2015-10-15 13:38:18 ORDER_SHIPPING=4100
166 LiveUpdate 2015-10-15 13:38:18 DISCOUNT=0
166 LiveUpdate 2015-10-15 13:38:18 PAY_METHOD=CCVISAMC
166 LiveUpdate 2015-10-15 13:38:18 LANGUAGE=HU
166 LiveUpdate 2015-10-15 13:38:18 AUTOMODE=1
166 LiveUpdate 2015-10-15 13:38:18 ORDER_TIMEOUT=300
166 LiveUpdate 2015-10-15 13:38:18 TIMEOUT_URL=http://bazibazar.local/fizetes/timeout
166 LiveUpdate 2015-10-15 13:38:18 BACK_REF=http://bazibazar.local/fizetes/backref
166 LiveUpdate 2015-10-15 13:38:18 BILL_FNAME=Kiss
166 LiveUpdate 2015-10-15 13:38:18 BILL_LNAME=Jakab
166 LiveUpdate 2015-10-15 13:38:18 BILL_EMAIL=5555@gggg.ccc
166 LiveUpdate 2015-10-15 13:38:18 BILL_PHONE=80-70605040
166 LiveUpdate 2015-10-15 13:38:18 BILL_ADDRESS=
166 LiveUpdate 2015-10-15 13:38:18 BILL_ZIPCODE=
166 LiveUpdate 2015-10-15 13:38:18 BILL_CITY=Budapest
166 LiveUpdate 2015-10-15 13:38:18 BILL_STATE=Hungary
166 LiveUpdate 2015-10-15 13:38:18 BILL_COUNTRYCODE=HU
166 LiveUpdate 2015-10-15 13:38:18 DELIVERY_FNAME=Kiss Jakab
166 LiveUpdate 2015-10-15 13:38:18 DELIVERY_LNAME=
166 LiveUpdate 2015-10-15 13:38:18 DELIVERY_PHONE=80-70605040
166 LiveUpdate 2015-10-15 13:38:18 DELIVERY_ADDRESS=
166 LiveUpdate 2015-10-15 13:38:18 DELIVERY_ZIPCODE=
166 LiveUpdate 2015-10-15 13:38:18 DELIVERY_CITY=Budapest
166 LiveUpdate 2015-10-15 13:38:18 DELIVERY_STATE=Hungary
166 LiveUpdate 2015-10-15 13:38:18 DELIVERY_COUNTRYCODE=HU
166 LiveUpdate 2015-10-15 13:38:18 ORDER_HASH=5ab3aa23ca6783d481d5cf791c9f9824
167 LiveUpdate 2015-10-15 13:56:05 MERCHANT=P143901
167 LiveUpdate 2015-10-15 13:56:05 ORDER_REF=167
167 LiveUpdate 2015-10-15 13:56:05 ORDER_DATE=2015-10-15 13:56:05
167 LiveUpdate 2015-10-15 13:56:05 ORDER_PNAME=Gyertyatartó
167 LiveUpdate 2015-10-15 13:56:05 ORDER_PCODE=8
167 LiveUpdate 2015-10-15 13:56:05 ORDER_PRICE=1800
167 LiveUpdate 2015-10-15 13:56:05 ORDER_QTY=1
167 LiveUpdate 2015-10-15 13:56:05 ORDER_VAT=0
167 LiveUpdate 2015-10-15 13:56:05 PRICES_CURRENCY=HUF
167 LiveUpdate 2015-10-15 13:56:05 ORDER_SHIPPING=4100
167 LiveUpdate 2015-10-15 13:56:05 DISCOUNT=0
167 LiveUpdate 2015-10-15 13:56:05 PAY_METHOD=CCVISAMC
167 LiveUpdate 2015-10-15 13:56:05 LANGUAGE=HU
167 LiveUpdate 2015-10-15 13:56:05 AUTOMODE=1
167 LiveUpdate 2015-10-15 13:56:05 ORDER_TIMEOUT=300
167 LiveUpdate 2015-10-15 13:56:05 TIMEOUT_URL=http://bazibazar.local/fizetes/timeout
167 LiveUpdate 2015-10-15 13:56:05 BACK_REF=http://bazibazar.local/fizetes/backref
167 LiveUpdate 2015-10-15 13:56:05 BILL_FNAME=Kiss
167 LiveUpdate 2015-10-15 13:56:05 BILL_LNAME=Jakab
167 LiveUpdate 2015-10-15 13:56:05 BILL_EMAIL=5555@gggg.ccc
167 LiveUpdate 2015-10-15 13:56:05 BILL_PHONE=80-70605040
167 LiveUpdate 2015-10-15 13:56:05 BILL_ADDRESS=Kuncsaft utca 77. II. em 4.
167 LiveUpdate 2015-10-15 13:56:05 BILL_ZIPCODE=1087
167 LiveUpdate 2015-10-15 13:56:05 BILL_CITY=Budapest
167 LiveUpdate 2015-10-15 13:56:05 BILL_STATE=Hungary
167 LiveUpdate 2015-10-15 13:56:05 BILL_COUNTRYCODE=HU
167 LiveUpdate 2015-10-15 13:56:05 DELIVERY_FNAME=Kiss Jakab
167 LiveUpdate 2015-10-15 13:56:05 DELIVERY_LNAME=
167 LiveUpdate 2015-10-15 13:56:05 DELIVERY_PHONE=80-70605040
167 LiveUpdate 2015-10-15 13:56:05 DELIVERY_ADDRESS=Kuncsaft utca 77. II. em 4.
167 LiveUpdate 2015-10-15 13:56:05 DELIVERY_ZIPCODE=1087
167 LiveUpdate 2015-10-15 13:56:05 DELIVERY_CITY=Budapest
167 LiveUpdate 2015-10-15 13:56:05 DELIVERY_STATE=Hungary
167 LiveUpdate 2015-10-15 13:56:05 DELIVERY_COUNTRYCODE=HU
167 LiveUpdate 2015-10-15 13:56:05 ORDER_HASH=e649f4d07486792c6cdb9766f8bbd6c6
167 LiveUpdate 2015-10-15 13:56:22 MERCHANT=P143901
167 LiveUpdate 2015-10-15 13:56:22 ORDER_REF=167
167 LiveUpdate 2015-10-15 13:56:22 ORDER_DATE=2015-10-15 13:56:22
167 LiveUpdate 2015-10-15 13:56:22 ORDER_PNAME=Gyertyatartó
167 LiveUpdate 2015-10-15 13:56:22 ORDER_PCODE=8
167 LiveUpdate 2015-10-15 13:56:22 ORDER_PRICE=1800
167 LiveUpdate 2015-10-15 13:56:22 ORDER_QTY=1
167 LiveUpdate 2015-10-15 13:56:22 ORDER_VAT=0
167 LiveUpdate 2015-10-15 13:56:22 PRICES_CURRENCY=HUF
167 LiveUpdate 2015-10-15 13:56:22 ORDER_SHIPPING=4100
167 LiveUpdate 2015-10-15 13:56:22 DISCOUNT=0
167 LiveUpdate 2015-10-15 13:56:22 PAY_METHOD=CCVISAMC
167 LiveUpdate 2015-10-15 13:56:22 LANGUAGE=HU
167 LiveUpdate 2015-10-15 13:56:22 AUTOMODE=1
167 LiveUpdate 2015-10-15 13:56:22 ORDER_TIMEOUT=300
167 LiveUpdate 2015-10-15 13:56:22 TIMEOUT_URL=http://bazibazar.local/fizetes/timeout
167 LiveUpdate 2015-10-15 13:56:22 BACK_REF=http://bazibazar.local/fizetes/backref
167 LiveUpdate 2015-10-15 13:56:22 BILL_FNAME=Kiss
167 LiveUpdate 2015-10-15 13:56:22 BILL_LNAME=Jakab
167 LiveUpdate 2015-10-15 13:56:22 BILL_EMAIL=5555@gggg.ccc
167 LiveUpdate 2015-10-15 13:56:22 BILL_PHONE=80-70605040
167 LiveUpdate 2015-10-15 13:56:22 BILL_ADDRESS=Kuncsaft utca 77. II. em 4.
167 LiveUpdate 2015-10-15 13:56:22 BILL_ZIPCODE=1087
167 LiveUpdate 2015-10-15 13:56:22 BILL_CITY=Budapest
167 LiveUpdate 2015-10-15 13:56:22 BILL_STATE=Hungary
167 LiveUpdate 2015-10-15 13:56:22 BILL_COUNTRYCODE=HU
167 LiveUpdate 2015-10-15 13:56:22 DELIVERY_FNAME=Kiss Jakab
167 LiveUpdate 2015-10-15 13:56:22 DELIVERY_LNAME=
167 LiveUpdate 2015-10-15 13:56:22 DELIVERY_PHONE=80-70605040
167 LiveUpdate 2015-10-15 13:56:22 DELIVERY_ADDRESS=Kuncsaft utca 77. II. em 4.
167 LiveUpdate 2015-10-15 13:56:22 DELIVERY_ZIPCODE=1087
167 LiveUpdate 2015-10-15 13:56:22 DELIVERY_CITY=Budapest
167 LiveUpdate 2015-10-15 13:56:22 DELIVERY_STATE=Hungary
167 LiveUpdate 2015-10-15 13:56:22 DELIVERY_COUNTRYCODE=HU
167 LiveUpdate 2015-10-15 13:56:22 ORDER_HASH=efec22a044f3eb8aa349ff3d13717c78
167 LiveUpdate 2015-10-15 13:56:32 MERCHANT=P143901
167 LiveUpdate 2015-10-15 13:56:32 ORDER_REF=167
167 LiveUpdate 2015-10-15 13:56:32 ORDER_DATE=2015-10-15 13:56:32
167 LiveUpdate 2015-10-15 13:56:32 ORDER_PNAME=Gyertyatartó
167 LiveUpdate 2015-10-15 13:56:32 ORDER_PCODE=8
167 LiveUpdate 2015-10-15 13:56:32 ORDER_PRICE=1800
167 LiveUpdate 2015-10-15 13:56:32 ORDER_QTY=1
167 LiveUpdate 2015-10-15 13:56:32 ORDER_VAT=0
167 LiveUpdate 2015-10-15 13:56:32 PRICES_CURRENCY=HUF
167 LiveUpdate 2015-10-15 13:56:32 ORDER_SHIPPING=4100
167 LiveUpdate 2015-10-15 13:56:32 DISCOUNT=0
167 LiveUpdate 2015-10-15 13:56:32 PAY_METHOD=CCVISAMC
167 LiveUpdate 2015-10-15 13:56:32 LANGUAGE=HU
167 LiveUpdate 2015-10-15 13:56:32 AUTOMODE=1
167 LiveUpdate 2015-10-15 13:56:32 ORDER_TIMEOUT=300
167 LiveUpdate 2015-10-15 13:56:32 TIMEOUT_URL=http://bazibazar.local/fizetes/timeout
167 LiveUpdate 2015-10-15 13:56:32 BACK_REF=http://bazibazar.local/fizetes/backref
167 LiveUpdate 2015-10-15 13:56:32 BILL_FNAME=Kiss
167 LiveUpdate 2015-10-15 13:56:32 BILL_LNAME=Jakab
167 LiveUpdate 2015-10-15 13:56:32 BILL_EMAIL=5555@gggg.ccc
167 LiveUpdate 2015-10-15 13:56:32 BILL_PHONE=80-70605040
167 LiveUpdate 2015-10-15 13:56:32 BILL_ADDRESS=Kuncsaft utca 77. II. em 4.
167 LiveUpdate 2015-10-15 13:56:32 BILL_ZIPCODE=1087
167 LiveUpdate 2015-10-15 13:56:32 BILL_CITY=Budapest
167 LiveUpdate 2015-10-15 13:56:32 BILL_STATE=Hungary
167 LiveUpdate 2015-10-15 13:56:32 BILL_COUNTRYCODE=HU
167 LiveUpdate 2015-10-15 13:56:32 DELIVERY_FNAME=Kiss Jakab
167 LiveUpdate 2015-10-15 13:56:32 DELIVERY_LNAME=
167 LiveUpdate 2015-10-15 13:56:32 DELIVERY_PHONE=80-70605040
167 LiveUpdate 2015-10-15 13:56:32 DELIVERY_ADDRESS=Kuncsaft utca 77. II. em 4.
167 LiveUpdate 2015-10-15 13:56:32 DELIVERY_ZIPCODE=1087
167 LiveUpdate 2015-10-15 13:56:32 DELIVERY_CITY=Budapest
167 LiveUpdate 2015-10-15 13:56:32 DELIVERY_STATE=Hungary
167 LiveUpdate 2015-10-15 13:56:32 DELIVERY_COUNTRYCODE=HU
167 LiveUpdate 2015-10-15 13:56:32 ORDER_HASH=a32f5e35242a8e660ef0bc5f3f97d55f
167 LiveUpdate 2015-10-15 14:02:45 MERCHANT=P143901
167 LiveUpdate 2015-10-15 14:02:45 ORDER_REF=167
167 LiveUpdate 2015-10-15 14:02:45 ORDER_DATE=2015-10-15 14:02:45
167 LiveUpdate 2015-10-15 14:02:45 ORDER_PNAME=Gyertyatartó
167 LiveUpdate 2015-10-15 14:02:45 ORDER_PCODE=8
167 LiveUpdate 2015-10-15 14:02:45 ORDER_PRICE=1800
167 LiveUpdate 2015-10-15 14:02:45 ORDER_QTY=1
167 LiveUpdate 2015-10-15 14:02:45 ORDER_VAT=0
167 LiveUpdate 2015-10-15 14:02:45 PRICES_CURRENCY=HUF
167 LiveUpdate 2015-10-15 14:02:45 ORDER_SHIPPING=4100
167 LiveUpdate 2015-10-15 14:02:45 DISCOUNT=0
167 LiveUpdate 2015-10-15 14:02:45 PAY_METHOD=CCVISAMC
167 LiveUpdate 2015-10-15 14:02:45 LANGUAGE=HU
167 LiveUpdate 2015-10-15 14:02:45 AUTOMODE=1
167 LiveUpdate 2015-10-15 14:02:45 ORDER_TIMEOUT=300
167 LiveUpdate 2015-10-15 14:02:45 TIMEOUT_URL=http://bazibazar.local/fizetes/timeout
167 LiveUpdate 2015-10-15 14:02:45 BACK_REF=http://bazibazar.local/fizetes/backref
167 LiveUpdate 2015-10-15 14:02:45 BILL_FNAME=Kiss
167 LiveUpdate 2015-10-15 14:02:45 BILL_LNAME=Jakab
167 LiveUpdate 2015-10-15 14:02:45 BILL_EMAIL=5555@gggg.ccc
167 LiveUpdate 2015-10-15 14:02:45 BILL_PHONE=80-70605040
167 LiveUpdate 2015-10-15 14:02:45 BILL_ADDRESS=Kuncsaft utca 77. II. em 4.
167 LiveUpdate 2015-10-15 14:02:45 BILL_ZIPCODE=1087
167 LiveUpdate 2015-10-15 14:02:45 BILL_CITY=Budapest
167 LiveUpdate 2015-10-15 14:02:45 BILL_STATE=Hungary
167 LiveUpdate 2015-10-15 14:02:45 BILL_COUNTRYCODE=HU
167 LiveUpdate 2015-10-15 14:02:45 DELIVERY_FNAME=Kiss Jakab
167 LiveUpdate 2015-10-15 14:02:45 DELIVERY_LNAME=
167 LiveUpdate 2015-10-15 14:02:45 DELIVERY_PHONE=80-70605040
167 LiveUpdate 2015-10-15 14:02:45 DELIVERY_ADDRESS=Kuncsaft utca 77. II. em 4.
167 LiveUpdate 2015-10-15 14:02:45 DELIVERY_ZIPCODE=1087
167 LiveUpdate 2015-10-15 14:02:45 DELIVERY_CITY=Budapest
167 LiveUpdate 2015-10-15 14:02:45 DELIVERY_STATE=Hungary
167 LiveUpdate 2015-10-15 14:02:45 DELIVERY_COUNTRYCODE=HU
167 LiveUpdate 2015-10-15 14:02:45 ORDER_HASH=37f466bf5f08634e4a97180d98376f9f
