162 LiveUpdate 2015-10-16 10:06:17 MERCHANT=P143901
162 LiveUpdate 2015-10-16 10:06:17 ORDER_REF=162
162 LiveUpdate 2015-10-16 10:06:17 ORDER_DATE=2015-10-16 10:06:17
162 LiveUpdate 2015-10-16 10:06:17 ORDER_PNAME=Képkeret
162 LiveUpdate 2015-10-16 10:06:17 ORDER_PCODE=2
162 LiveUpdate 2015-10-16 10:06:17 ORDER_PRICE=22900
162 LiveUpdate 2015-10-16 10:06:17 ORDER_QTY=1
162 LiveUpdate 2015-10-16 10:06:17 ORDER_VAT=0
162 LiveUpdate 2015-10-16 10:06:17 PRICES_CURRENCY=HUF
162 LiveUpdate 2015-10-16 10:06:17 ORDER_SHIPPING=4100
162 LiveUpdate 2015-10-16 10:06:17 DISCOUNT=0
162 LiveUpdate 2015-10-16 10:06:17 PAY_METHOD=CCVISAMC
162 LiveUpdate 2015-10-16 10:06:17 LANGUAGE=HU
162 LiveUpdate 2015-10-16 10:06:17 AUTOMODE=1
162 LiveUpdate 2015-10-16 10:06:17 ORDER_TIMEOUT=300
162 LiveUpdate 2015-10-16 10:06:17 TIMEOUT_URL=http://bazibazar.local/fizetes/timeout
162 LiveUpdate 2015-10-16 10:06:17 BACK_REF=http://bazibazar.local/fizetes/backref
162 LiveUpdate 2015-10-16 10:06:17 BILL_FNAME=Kiss
162 LiveUpdate 2015-10-16 10:06:17 BILL_LNAME=Jakab
162 LiveUpdate 2015-10-16 10:06:17 BILL_EMAIL=web@effektivart.hu
162 LiveUpdate 2015-10-16 10:06:17 BILL_PHONE=80-70605040
162 LiveUpdate 2015-10-16 10:06:17 BILL_ADDRESS=Kuncsaft utca 77. II. em 4.
162 LiveUpdate 2015-10-16 10:06:17 BILL_ZIPCODE=1087
162 LiveUpdate 2015-10-16 10:06:17 BILL_CITY=Budapest
162 LiveUpdate 2015-10-16 10:06:17 BILL_STATE=Hungary
162 LiveUpdate 2015-10-16 10:06:17 BILL_COUNTRYCODE=HU
162 LiveUpdate 2015-10-16 10:06:17 DELIVERY_FNAME=Kiss Jakab
162 LiveUpdate 2015-10-16 10:06:17 DELIVERY_LNAME=
162 LiveUpdate 2015-10-16 10:06:17 DELIVERY_PHONE=80-70605040
162 LiveUpdate 2015-10-16 10:06:17 DELIVERY_ADDRESS=Kuncsaft utca 77. II. em 4.
162 LiveUpdate 2015-10-16 10:06:17 DELIVERY_ZIPCODE=1087
162 LiveUpdate 2015-10-16 10:06:17 DELIVERY_CITY=Budapest
162 LiveUpdate 2015-10-16 10:06:17 DELIVERY_STATE=Hungary
162 LiveUpdate 2015-10-16 10:06:17 DELIVERY_COUNTRYCODE=HU
162 LiveUpdate 2015-10-16 10:06:17 ORDER_HASH=886d1db8b057f9f6594c74db0be782b4
163 LiveUpdate 2015-10-16 10:07:09 MERCHANT=P143901
163 LiveUpdate 2015-10-16 10:07:09 ORDER_REF=163
163 LiveUpdate 2015-10-16 10:07:09 ORDER_DATE=2015-10-16 10:07:09
163 LiveUpdate 2015-10-16 10:07:09 ORDER_PNAME=Képkeret
163 LiveUpdate 2015-10-16 10:07:09 ORDER_PCODE=2
163 LiveUpdate 2015-10-16 10:07:09 ORDER_PRICE=22900
163 LiveUpdate 2015-10-16 10:07:09 ORDER_QTY=1
163 LiveUpdate 2015-10-16 10:07:09 ORDER_VAT=0
163 LiveUpdate 2015-10-16 10:07:09 PRICES_CURRENCY=HUF
163 LiveUpdate 2015-10-16 10:07:09 ORDER_SHIPPING=4100
163 LiveUpdate 2015-10-16 10:07:09 DISCOUNT=0
163 LiveUpdate 2015-10-16 10:07:09 PAY_METHOD=CCVISAMC
163 LiveUpdate 2015-10-16 10:07:09 LANGUAGE=HU
163 LiveUpdate 2015-10-16 10:07:09 AUTOMODE=1
163 LiveUpdate 2015-10-16 10:07:09 ORDER_TIMEOUT=300
163 LiveUpdate 2015-10-16 10:07:09 TIMEOUT_URL=http://bazibazar.local/fizetes/timeout
163 LiveUpdate 2015-10-16 10:07:09 BACK_REF=http://bazibazar.local/fizetes/backref
163 LiveUpdate 2015-10-16 10:07:09 BILL_FNAME=Kiss
163 LiveUpdate 2015-10-16 10:07:09 BILL_LNAME=Jakab
163 LiveUpdate 2015-10-16 10:07:09 BILL_EMAIL=web@effektivart.hu
163 LiveUpdate 2015-10-16 10:07:09 BILL_PHONE=80-70605040
163 LiveUpdate 2015-10-16 10:07:09 BILL_ADDRESS=Kuncsaft utca 77. II. em 4.
163 LiveUpdate 2015-10-16 10:07:09 BILL_ZIPCODE=222
163 LiveUpdate 2015-10-16 10:07:09 BILL_CITY=Budapest
163 LiveUpdate 2015-10-16 10:07:09 BILL_STATE=Hungary
163 LiveUpdate 2015-10-16 10:07:09 BILL_COUNTRYCODE=HU
163 LiveUpdate 2015-10-16 10:07:09 DELIVERY_FNAME=Kiss Jakab
163 LiveUpdate 2015-10-16 10:07:09 DELIVERY_LNAME=
163 LiveUpdate 2015-10-16 10:07:09 DELIVERY_PHONE=80-70605040
163 LiveUpdate 2015-10-16 10:07:09 DELIVERY_ADDRESS=Kuncsaft utca 77. II. em 4.
163 LiveUpdate 2015-10-16 10:07:09 DELIVERY_ZIPCODE=222
163 LiveUpdate 2015-10-16 10:07:09 DELIVERY_CITY=Budapest
163 LiveUpdate 2015-10-16 10:07:09 DELIVERY_STATE=Hungary
163 LiveUpdate 2015-10-16 10:07:09 DELIVERY_COUNTRYCODE=HU
163 LiveUpdate 2015-10-16 10:07:09 ORDER_HASH=a6cf15af5c731634d0e271ee39c0e940
164 LiveUpdate 2015-10-16 10:07:38 MERCHANT=P143901
164 LiveUpdate 2015-10-16 10:07:38 ORDER_REF=164
164 LiveUpdate 2015-10-16 10:07:38 ORDER_DATE=2015-10-16 10:07:38
164 LiveUpdate 2015-10-16 10:07:38 ORDER_PNAME=Képkeret
164 LiveUpdate 2015-10-16 10:07:38 ORDER_PCODE=2
164 LiveUpdate 2015-10-16 10:07:38 ORDER_PRICE=22900
164 LiveUpdate 2015-10-16 10:07:38 ORDER_QTY=1
164 LiveUpdate 2015-10-16 10:07:38 ORDER_VAT=0
164 LiveUpdate 2015-10-16 10:07:38 PRICES_CURRENCY=HUF
164 LiveUpdate 2015-10-16 10:07:38 ORDER_SHIPPING=4100
164 LiveUpdate 2015-10-16 10:07:38 DISCOUNT=0
164 LiveUpdate 2015-10-16 10:07:38 PAY_METHOD=CCVISAMC
164 LiveUpdate 2015-10-16 10:07:38 LANGUAGE=HU
164 LiveUpdate 2015-10-16 10:07:38 AUTOMODE=1
164 LiveUpdate 2015-10-16 10:07:38 ORDER_TIMEOUT=300
164 LiveUpdate 2015-10-16 10:07:38 TIMEOUT_URL=http://bazibazar.local/fizetes/timeout
164 LiveUpdate 2015-10-16 10:07:38 BACK_REF=http://bazibazar.local/fizetes/backref
164 LiveUpdate 2015-10-16 10:07:38 BILL_FNAME=Kiss
164 LiveUpdate 2015-10-16 10:07:38 BILL_LNAME=Jakab
164 LiveUpdate 2015-10-16 10:07:38 BILL_EMAIL=5555@gggg.ccc
164 LiveUpdate 2015-10-16 10:07:38 BILL_PHONE=80-70605040
164 LiveUpdate 2015-10-16 10:07:38 BILL_ADDRESS=Kuncsaft utca 77. II. em 4.
164 LiveUpdate 2015-10-16 10:07:38 BILL_ZIPCODE=1087
164 LiveUpdate 2015-10-16 10:07:38 BILL_CITY=Budapest
164 LiveUpdate 2015-10-16 10:07:38 BILL_STATE=Hungary
164 LiveUpdate 2015-10-16 10:07:38 BILL_COUNTRYCODE=HU
164 LiveUpdate 2015-10-16 10:07:38 DELIVERY_FNAME=Kiss Jakab
164 LiveUpdate 2015-10-16 10:07:38 DELIVERY_LNAME=
164 LiveUpdate 2015-10-16 10:07:38 DELIVERY_PHONE=80-70605040
164 LiveUpdate 2015-10-16 10:07:38 DELIVERY_ADDRESS=Kuncsaft utca 77. II. em 4.
164 LiveUpdate 2015-10-16 10:07:38 DELIVERY_ZIPCODE=1087
164 LiveUpdate 2015-10-16 10:07:38 DELIVERY_CITY=Budapest
164 LiveUpdate 2015-10-16 10:07:38 DELIVERY_STATE=Hungary
164 LiveUpdate 2015-10-16 10:07:38 DELIVERY_COUNTRYCODE=HU
164 LiveUpdate 2015-10-16 10:07:38 ORDER_HASH=2e55d77dc6f77b83c6397acb949841eb
165 LiveUpdate 2015-10-16 10:08:05 MERCHANT=P143901
165 LiveUpdate 2015-10-16 10:08:05 ORDER_REF=165
165 LiveUpdate 2015-10-16 10:08:05 ORDER_DATE=2015-10-16 10:08:05
165 LiveUpdate 2015-10-16 10:08:05 ORDER_PNAME=Képkeret
165 LiveUpdate 2015-10-16 10:08:05 ORDER_PCODE=2
165 LiveUpdate 2015-10-16 10:08:05 ORDER_PRICE=22900
165 LiveUpdate 2015-10-16 10:08:05 ORDER_QTY=1
165 LiveUpdate 2015-10-16 10:08:05 ORDER_VAT=0
165 LiveUpdate 2015-10-16 10:08:05 PRICES_CURRENCY=HUF
165 LiveUpdate 2015-10-16 10:08:05 ORDER_SHIPPING=4100
165 LiveUpdate 2015-10-16 10:08:05 DISCOUNT=0
165 LiveUpdate 2015-10-16 10:08:05 PAY_METHOD=CCVISAMC
165 LiveUpdate 2015-10-16 10:08:05 LANGUAGE=HU
165 LiveUpdate 2015-10-16 10:08:05 AUTOMODE=1
165 LiveUpdate 2015-10-16 10:08:05 ORDER_TIMEOUT=300
165 LiveUpdate 2015-10-16 10:08:05 TIMEOUT_URL=http://bazibazar.local/fizetes/timeout
165 LiveUpdate 2015-10-16 10:08:05 BACK_REF=http://bazibazar.local/fizetes/backref
165 LiveUpdate 2015-10-16 10:08:05 BILL_FNAME=Kiss
165 LiveUpdate 2015-10-16 10:08:05 BILL_LNAME=Jakab
165 LiveUpdate 2015-10-16 10:08:05 BILL_EMAIL=5555@gggg.ccc
165 LiveUpdate 2015-10-16 10:08:05 BILL_PHONE=80-70605040
165 LiveUpdate 2015-10-16 10:08:05 BILL_ADDRESS=Kuncsaft utca 77. II. em 4.
165 LiveUpdate 2015-10-16 10:08:05 BILL_ZIPCODE=1087
165 LiveUpdate 2015-10-16 10:08:05 BILL_CITY=Budapest
165 LiveUpdate 2015-10-16 10:08:05 BILL_STATE=Hungary
165 LiveUpdate 2015-10-16 10:08:05 BILL_COUNTRYCODE=HU
165 LiveUpdate 2015-10-16 10:08:05 DELIVERY_FNAME=Kiss Jakab
165 LiveUpdate 2015-10-16 10:08:05 DELIVERY_LNAME=
165 LiveUpdate 2015-10-16 10:08:05 DELIVERY_PHONE=80-70605040
165 LiveUpdate 2015-10-16 10:08:05 DELIVERY_ADDRESS=Kuncsaft utca 77. II. em 4.
165 LiveUpdate 2015-10-16 10:08:05 DELIVERY_ZIPCODE=1087
165 LiveUpdate 2015-10-16 10:08:05 DELIVERY_CITY=Budapest
165 LiveUpdate 2015-10-16 10:08:05 DELIVERY_STATE=Hungary
165 LiveUpdate 2015-10-16 10:08:05 DELIVERY_COUNTRYCODE=HU
165 LiveUpdate 2015-10-16 10:08:05 ORDER_HASH=59c86fee7a29b1dceadb3f8ed59e79e6
167 LiveUpdate 2015-10-16 10:09:42 MERCHANT=P143901
167 LiveUpdate 2015-10-16 10:09:42 ORDER_REF=167
167 LiveUpdate 2015-10-16 10:09:42 ORDER_DATE=2015-10-16 10:09:42
167 LiveUpdate 2015-10-16 10:09:42 ORDER_PNAME=Képkeret
167 LiveUpdate 2015-10-16 10:09:42 ORDER_PCODE=2
167 LiveUpdate 2015-10-16 10:09:42 ORDER_PRICE=22900
167 LiveUpdate 2015-10-16 10:09:42 ORDER_QTY=1
167 LiveUpdate 2015-10-16 10:09:42 ORDER_VAT=0
167 LiveUpdate 2015-10-16 10:09:42 PRICES_CURRENCY=HUF
167 LiveUpdate 2015-10-16 10:09:42 ORDER_SHIPPING=4100
167 LiveUpdate 2015-10-16 10:09:42 DISCOUNT=0
167 LiveUpdate 2015-10-16 10:09:42 PAY_METHOD=CCVISAMC
167 LiveUpdate 2015-10-16 10:09:42 LANGUAGE=HU
167 LiveUpdate 2015-10-16 10:09:42 AUTOMODE=1
167 LiveUpdate 2015-10-16 10:09:42 ORDER_TIMEOUT=300
167 LiveUpdate 2015-10-16 10:09:42 TIMEOUT_URL=http://bazibazar.local/fizetes/timeout
167 LiveUpdate 2015-10-16 10:09:42 BACK_REF=http://bazibazar.local/fizetes/backref
167 LiveUpdate 2015-10-16 10:09:42 BILL_FNAME=Kiss
167 LiveUpdate 2015-10-16 10:09:42 BILL_LNAME=Jakab
167 LiveUpdate 2015-10-16 10:09:42 BILL_EMAIL=web@effektivart.hu
167 LiveUpdate 2015-10-16 10:09:42 BILL_PHONE=80-70605040
167 LiveUpdate 2015-10-16 10:09:42 BILL_ADDRESS=Kuncsaft utca 77. II. em 4.
167 LiveUpdate 2015-10-16 10:09:42 BILL_ZIPCODE=1087
167 LiveUpdate 2015-10-16 10:09:42 BILL_CITY=Budapest
167 LiveUpdate 2015-10-16 10:09:42 BILL_STATE=Hungary
167 LiveUpdate 2015-10-16 10:09:42 BILL_COUNTRYCODE=HU
167 LiveUpdate 2015-10-16 10:09:42 DELIVERY_FNAME=Kiss Jakab
167 LiveUpdate 2015-10-16 10:09:42 DELIVERY_LNAME=
167 LiveUpdate 2015-10-16 10:09:42 DELIVERY_PHONE=80-70605040
167 LiveUpdate 2015-10-16 10:09:42 DELIVERY_ADDRESS=Kuncsaft utca 77. II. em 4.
167 LiveUpdate 2015-10-16 10:09:42 DELIVERY_ZIPCODE=1087
167 LiveUpdate 2015-10-16 10:09:42 DELIVERY_CITY=Budapest
167 LiveUpdate 2015-10-16 10:09:42 DELIVERY_STATE=Hungary
167 LiveUpdate 2015-10-16 10:09:42 DELIVERY_COUNTRYCODE=HU
167 LiveUpdate 2015-10-16 10:09:42 ORDER_HASH=6cf5be9be61b9ce04e357935f0df1e28
168 LiveUpdate 2015-10-16 12:08:08 MERCHANT=P143901
168 LiveUpdate 2015-10-16 12:08:08 ORDER_REF=168
168 LiveUpdate 2015-10-16 12:08:08 ORDER_DATE=2015-10-16 12:08:08
168 LiveUpdate 2015-10-16 12:08:08 ORDER_PNAME=Képkeret
168 LiveUpdate 2015-10-16 12:08:08 ORDER_PCODE=2
168 LiveUpdate 2015-10-16 12:08:08 ORDER_PRICE=22900
168 LiveUpdate 2015-10-16 12:08:08 ORDER_QTY=1
168 LiveUpdate 2015-10-16 12:08:08 ORDER_VAT=0
168 LiveUpdate 2015-10-16 12:08:08 PRICES_CURRENCY=HUF
168 LiveUpdate 2015-10-16 12:08:08 ORDER_SHIPPING=4100
168 LiveUpdate 2015-10-16 12:08:08 DISCOUNT=0
168 LiveUpdate 2015-10-16 12:08:08 PAY_METHOD=CCVISAMC
168 LiveUpdate 2015-10-16 12:08:08 LANGUAGE=HU
168 LiveUpdate 2015-10-16 12:08:08 AUTOMODE=1
168 LiveUpdate 2015-10-16 12:08:08 ORDER_TIMEOUT=300
168 LiveUpdate 2015-10-16 12:08:08 TIMEOUT_URL=http://bazibazar.local/fizetes/timeout
168 LiveUpdate 2015-10-16 12:08:08 BACK_REF=http://bazibazar.local/fizetes/backref
168 LiveUpdate 2015-10-16 12:08:08 BILL_FNAME=Kiss
168 LiveUpdate 2015-10-16 12:08:08 BILL_LNAME=Jakab
168 LiveUpdate 2015-10-16 12:08:08 BILL_EMAIL=5555@gggg.ccc
168 LiveUpdate 2015-10-16 12:08:08 BILL_PHONE=80-70605040
168 LiveUpdate 2015-10-16 12:08:08 BILL_ADDRESS=Kuncsaft utca 77. II. em 4.
168 LiveUpdate 2015-10-16 12:08:08 BILL_ZIPCODE=1087
168 LiveUpdate 2015-10-16 12:08:08 BILL_CITY=Budapest
168 LiveUpdate 2015-10-16 12:08:08 BILL_STATE=Hungary
168 LiveUpdate 2015-10-16 12:08:08 BILL_COUNTRYCODE=HU
168 LiveUpdate 2015-10-16 12:08:08 DELIVERY_FNAME=Kiss Jakab
168 LiveUpdate 2015-10-16 12:08:08 DELIVERY_LNAME=
168 LiveUpdate 2015-10-16 12:08:08 DELIVERY_PHONE=80-70605040
168 LiveUpdate 2015-10-16 12:08:08 DELIVERY_ADDRESS=Kuncsaft utca 77. II. em 4.
168 LiveUpdate 2015-10-16 12:08:08 DELIVERY_ZIPCODE=1087
168 LiveUpdate 2015-10-16 12:08:08 DELIVERY_CITY=Budapest
168 LiveUpdate 2015-10-16 12:08:08 DELIVERY_STATE=Hungary
168 LiveUpdate 2015-10-16 12:08:08 DELIVERY_COUNTRYCODE=HU
168 LiveUpdate 2015-10-16 12:08:08 ORDER_HASH=8aedc387f274f24ab587e5c671a8a28b
169 LiveUpdate 2015-10-16 12:08:49 MERCHANT=P143901
169 LiveUpdate 2015-10-16 12:08:49 ORDER_REF=169
169 LiveUpdate 2015-10-16 12:08:49 ORDER_DATE=2015-10-16 12:08:49
169 LiveUpdate 2015-10-16 12:08:49 ORDER_PNAME=Képkeret
169 LiveUpdate 2015-10-16 12:08:49 ORDER_PCODE=2
169 LiveUpdate 2015-10-16 12:08:49 ORDER_PRICE=22900
169 LiveUpdate 2015-10-16 12:08:49 ORDER_QTY=1
169 LiveUpdate 2015-10-16 12:08:49 ORDER_VAT=0
169 LiveUpdate 2015-10-16 12:08:49 PRICES_CURRENCY=HUF
169 LiveUpdate 2015-10-16 12:08:49 ORDER_SHIPPING=4100
169 LiveUpdate 2015-10-16 12:08:49 DISCOUNT=0
169 LiveUpdate 2015-10-16 12:08:49 PAY_METHOD=CCVISAMC
169 LiveUpdate 2015-10-16 12:08:49 LANGUAGE=HU
169 LiveUpdate 2015-10-16 12:08:49 AUTOMODE=1
169 LiveUpdate 2015-10-16 12:08:49 ORDER_TIMEOUT=300
169 LiveUpdate 2015-10-16 12:08:49 TIMEOUT_URL=http://bazibazar.local/fizetes/timeout
169 LiveUpdate 2015-10-16 12:08:49 BACK_REF=http://bazibazar.local/fizetes/backref
169 LiveUpdate 2015-10-16 12:08:49 BILL_FNAME=Kiss
169 LiveUpdate 2015-10-16 12:08:49 BILL_LNAME=Jakab
169 LiveUpdate 2015-10-16 12:08:49 BILL_COMPANY=
169 LiveUpdate 2015-10-16 12:08:49 BILL_EMAIL=
169 LiveUpdate 2015-10-16 12:08:49 BILL_PHONE=
169 LiveUpdate 2015-10-16 12:08:49 BILL_ADDRESS=
169 LiveUpdate 2015-10-16 12:08:49 BILL_ZIPCODE=
169 LiveUpdate 2015-10-16 12:08:49 BILL_CITY=
169 LiveUpdate 2015-10-16 12:08:49 BILL_STATE=Hungary
169 LiveUpdate 2015-10-16 12:08:49 BILL_COUNTRYCODE=HU
169 LiveUpdate 2015-10-16 12:08:49 DELIVERY_FNAME=Kiss Jakab
169 LiveUpdate 2015-10-16 12:08:49 DELIVERY_LNAME=
169 LiveUpdate 2015-10-16 12:08:49 DELIVERY_PHONE=
169 LiveUpdate 2015-10-16 12:08:49 DELIVERY_ADDRESS=
169 LiveUpdate 2015-10-16 12:08:49 DELIVERY_ZIPCODE=
169 LiveUpdate 2015-10-16 12:08:49 DELIVERY_CITY=Budapest
169 LiveUpdate 2015-10-16 12:08:49 DELIVERY_STATE=Hungary
169 LiveUpdate 2015-10-16 12:08:49 DELIVERY_COUNTRYCODE=HU
169 LiveUpdate 2015-10-16 12:08:49 ORDER_HASH=228c5cc758cae60d8946b0d18812af56
170 LiveUpdate 2015-10-16 13:10:14 MERCHANT=P143901
170 LiveUpdate 2015-10-16 13:10:14 ORDER_REF=170
170 LiveUpdate 2015-10-16 13:10:14 ORDER_DATE=2015-10-16 13:10:14
170 LiveUpdate 2015-10-16 13:10:14 ORDER_PNAME=Képkeret
170 LiveUpdate 2015-10-16 13:10:14 ORDER_PCODE=2
170 LiveUpdate 2015-10-16 13:10:14 ORDER_PRICE=22900
170 LiveUpdate 2015-10-16 13:10:14 ORDER_QTY=1
170 LiveUpdate 2015-10-16 13:10:14 ORDER_VAT=0
170 LiveUpdate 2015-10-16 13:10:14 PRICES_CURRENCY=HUF
170 LiveUpdate 2015-10-16 13:10:14 ORDER_SHIPPING=4100
170 LiveUpdate 2015-10-16 13:10:14 DISCOUNT=0
170 LiveUpdate 2015-10-16 13:10:14 PAY_METHOD=CCVISAMC
170 LiveUpdate 2015-10-16 13:10:14 LANGUAGE=HU
170 LiveUpdate 2015-10-16 13:10:14 AUTOMODE=1
170 LiveUpdate 2015-10-16 13:10:14 ORDER_TIMEOUT=300
170 LiveUpdate 2015-10-16 13:10:14 TIMEOUT_URL=http://bazibazar.local/fizetes/timeout
170 LiveUpdate 2015-10-16 13:10:14 BACK_REF=http://bazibazar.local/fizetes/backref
170 LiveUpdate 2015-10-16 13:10:14 BILL_FNAME=Kiss
170 LiveUpdate 2015-10-16 13:10:14 BILL_LNAME=Jakab 6
170 LiveUpdate 2015-10-16 13:10:14 BILL_EMAIL=5555@gggg.ccc
170 LiveUpdate 2015-10-16 13:10:14 BILL_PHONE=80-70605040
170 LiveUpdate 2015-10-16 13:10:14 BILL_ADDRESS=333
170 LiveUpdate 2015-10-16 13:10:14 BILL_ZIPCODE=1087
170 LiveUpdate 2015-10-16 13:10:14 BILL_CITY=Budapest
170 LiveUpdate 2015-10-16 13:10:14 BILL_STATE=Hungary
170 LiveUpdate 2015-10-16 13:10:14 BILL_COUNTRYCODE=HU
170 LiveUpdate 2015-10-16 13:10:14 DELIVERY_FNAME=Kiss Jakab 6
170 LiveUpdate 2015-10-16 13:10:14 DELIVERY_LNAME=
170 LiveUpdate 2015-10-16 13:10:14 DELIVERY_PHONE=80-70605040
170 LiveUpdate 2015-10-16 13:10:14 DELIVERY_ADDRESS=333
170 LiveUpdate 2015-10-16 13:10:14 DELIVERY_ZIPCODE=1087
170 LiveUpdate 2015-10-16 13:10:14 DELIVERY_CITY=Budapest
170 LiveUpdate 2015-10-16 13:10:14 DELIVERY_STATE=Hungary
170 LiveUpdate 2015-10-16 13:10:14 DELIVERY_COUNTRYCODE=HU
170 LiveUpdate 2015-10-16 13:10:14 ORDER_HASH=a626282530ed4d908f2c18236cf4a79d
