159 LiveUpdate 2015-10-14 12:28:43 MERCHANT=P143901
159 LiveUpdate 2015-10-14 12:28:43 ORDER_REF=159
159 LiveUpdate 2015-10-14 12:28:43 ORDER_DATE=2015-10-14 12:28:43
159 LiveUpdate 2015-10-14 12:28:43 ORDER_PNAME=Képkeret
159 LiveUpdate 2015-10-14 12:28:43 ORDER_PNAME=Gyertyatartó
159 LiveUpdate 2015-10-14 12:28:43 ORDER_PCODE=2
159 LiveUpdate 2015-10-14 12:28:43 ORDER_PCODE=8
159 LiveUpdate 2015-10-14 12:28:43 ORDER_PRICE=22900
159 LiveUpdate 2015-10-14 12:28:43 ORDER_PRICE=1800
159 LiveUpdate 2015-10-14 12:28:43 ORDER_QTY=1
159 LiveUpdate 2015-10-14 12:28:43 ORDER_QTY=2
159 LiveUpdate 2015-10-14 12:28:43 ORDER_VAT=0
159 LiveUpdate 2015-10-14 12:28:43 ORDER_VAT=0
159 LiveUpdate 2015-10-14 12:28:43 PRICES_CURRENCY=HUF
159 LiveUpdate 2015-10-14 12:28:43 ORDER_SHIPPING=4100
159 LiveUpdate 2015-10-14 12:28:43 DISCOUNT=0
159 LiveUpdate 2015-10-14 12:28:43 PAY_METHOD=CCVISAMC
159 LiveUpdate 2015-10-14 12:28:43 LANGUAGE=HU
159 LiveUpdate 2015-10-14 12:28:43 AUTOMODE=1
159 LiveUpdate 2015-10-14 12:28:43 ORDER_TIMEOUT=300
159 LiveUpdate 2015-10-14 12:28:43 TIMEOUT_URL=http://bazibazar.local/fizetes/timeout
159 LiveUpdate 2015-10-14 12:28:43 BACK_REF=http://bazibazar.local/fizetes/backref
159 LiveUpdate 2015-10-14 12:28:43 BILL_FNAME=Kiss
159 LiveUpdate 2015-10-14 12:28:43 BILL_LNAME=Jakab
159 LiveUpdate 2015-10-14 12:28:43 BILL_COMPANY=Jakab2000 Kft.
159 LiveUpdate 2015-10-14 12:28:43 BILL_EMAIL=guest@effektivart.hu
159 LiveUpdate 2015-10-14 12:28:43 BILL_PHONE=80-70605040
159 LiveUpdate 2015-10-14 12:28:43 BILL_ADDRESS=
159 LiveUpdate 2015-10-14 12:28:43 BILL_ZIPCODE=
159 LiveUpdate 2015-10-14 12:28:43 BILL_CITY=
159 LiveUpdate 2015-10-14 12:28:43 BILL_STATE=Hungary
159 LiveUpdate 2015-10-14 12:28:43 BILL_COUNTRYCODE=HU
159 LiveUpdate 2015-10-14 12:28:43 DELIVERY_FNAME=Kiss Jakab
159 LiveUpdate 2015-10-14 12:28:43 DELIVERY_LNAME=
159 LiveUpdate 2015-10-14 12:28:43 DELIVERY_PHONE=80-70605040
159 LiveUpdate 2015-10-14 12:28:43 DELIVERY_ADDRESS=Kuncsaft utca 77. II. em 4.
159 LiveUpdate 2015-10-14 12:28:43 DELIVERY_ZIPCODE=1087
159 LiveUpdate 2015-10-14 12:28:43 DELIVERY_CITY=Budapest
159 LiveUpdate 2015-10-14 12:28:43 DELIVERY_STATE=Hungary
159 LiveUpdate 2015-10-14 12:28:43 DELIVERY_COUNTRYCODE=HU
159 LiveUpdate 2015-10-14 12:28:43 ORDER_HASH=1e1142208932bcddc519e30e694921c0
