 LiveUpdate 2015-11-13 09:29:35 MERCHANT=P143901
 LiveUpdate 2015-11-13 09:29:35 ORDER_REF=
 LiveUpdate 2015-11-13 09:29:35 ORDER_DATE=2015-11-13 09:29:35
 LiveUpdate 2015-11-13 09:29:35 PRICES_CURRENCY=HUF
 LiveUpdate 2015-11-13 09:29:35 ORDER_SHIPPING=
 LiveUpdate 2015-11-13 09:29:35 DISCOUNT=0
 LiveUpdate 2015-11-13 09:29:35 PAY_METHOD=CCVISAMC
 LiveUpdate 2015-11-13 09:29:35 LANGUAGE=HU
 LiveUpdate 2015-11-13 09:29:35 AUTOMODE=1
 LiveUpdate 2015-11-13 09:29:35 ORDER_TIMEOUT=300
 LiveUpdate 2015-11-13 09:29:35 TIMEOUT_URL=http://bazibazar.local/penztar/fizetes_sikertelen
 LiveUpdate 2015-11-13 09:29:35 BACK_REF=http://bazibazar.local/penztar/sikeres_fizetes
 LiveUpdate 2015-11-13 09:29:35 BILL_FNAME=
 LiveUpdate 2015-11-13 09:29:35 BILL_LNAME=
 LiveUpdate 2015-11-13 09:29:35 BILL_COMPANY=
 LiveUpdate 2015-11-13 09:29:35 BILL_EMAIL=
 LiveUpdate 2015-11-13 09:29:35 BILL_PHONE=
 LiveUpdate 2015-11-13 09:29:35 BILL_ADDRESS=
 LiveUpdate 2015-11-13 09:29:35 BILL_ZIPCODE=
 LiveUpdate 2015-11-13 09:29:35 BILL_CITY=
 LiveUpdate 2015-11-13 09:29:35 BILL_STATE=Hungary
 LiveUpdate 2015-11-13 09:29:35 BILL_COUNTRYCODE=HU
 LiveUpdate 2015-11-13 09:29:35 DELIVERY_FNAME=
 LiveUpdate 2015-11-13 09:29:35 DELIVERY_LNAME=
 LiveUpdate 2015-11-13 09:29:35 DELIVERY_PHONE=
 LiveUpdate 2015-11-13 09:29:35 DELIVERY_ADDRESS=
 LiveUpdate 2015-11-13 09:29:35 DELIVERY_ZIPCODE=
 LiveUpdate 2015-11-13 09:29:35 DELIVERY_CITY=
 LiveUpdate 2015-11-13 09:29:35 DELIVERY_STATE=Hungary
 LiveUpdate 2015-11-13 09:29:35 DELIVERY_COUNTRYCODE=HU
 LiveUpdate 2015-11-13 09:29:35 ORDER_HASH=288af675d2179a36cddc2f1db3bc39f6
200 LiveUpdate 2015-11-13 11:17:47 MERCHANT=P143901
200 LiveUpdate 2015-11-13 11:17:47 ORDER_REF=200
200 LiveUpdate 2015-11-13 11:17:47 ORDER_DATE=2015-11-13 11:17:47
200 LiveUpdate 2015-11-13 11:17:47 ORDER_PNAME=Traktor bárszék
200 LiveUpdate 2015-11-13 11:17:47 ORDER_PCODE=45c48cce2e2d7fbdea1afc51c7c6ad26
200 LiveUpdate 2015-11-13 11:17:47 ORDER_PRICE=32000
200 LiveUpdate 2015-11-13 11:17:47 ORDER_QTY=1
200 LiveUpdate 2015-11-13 11:17:47 ORDER_VAT=0
200 LiveUpdate 2015-11-13 11:17:47 PRICES_CURRENCY=HUF
200 LiveUpdate 2015-11-13 11:17:47 ORDER_SHIPPING=4100
200 LiveUpdate 2015-11-13 11:17:47 DISCOUNT=0
200 LiveUpdate 2015-11-13 11:17:47 PAY_METHOD=CCVISAMC
200 LiveUpdate 2015-11-13 11:17:47 LANGUAGE=HU
200 LiveUpdate 2015-11-13 11:17:47 AUTOMODE=1
200 LiveUpdate 2015-11-13 11:17:47 ORDER_TIMEOUT=300
200 LiveUpdate 2015-11-13 11:17:47 TIMEOUT_URL=http://bazibazar.local/penztar/fizetes_sikertelen
200 LiveUpdate 2015-11-13 11:17:47 BACK_REF=http://bazibazar.local/penztar/sikeres_fizetes
200 LiveUpdate 2015-11-13 11:17:47 BILL_FNAME=Kiss
200 LiveUpdate 2015-11-13 11:17:47 BILL_LNAME=Jakab 88
200 LiveUpdate 2015-11-13 11:17:47 BILL_EMAIL=5555@gggg.ccc
200 LiveUpdate 2015-11-13 11:17:47 BILL_PHONE=80-70605040
200 LiveUpdate 2015-11-13 11:17:47 BILL_ADDRESS=333
200 LiveUpdate 2015-11-13 11:17:47 BILL_ZIPCODE=1111
200 LiveUpdate 2015-11-13 11:17:47 BILL_CITY=	Ács	
200 LiveUpdate 2015-11-13 11:17:47 BILL_STATE=Hungary
200 LiveUpdate 2015-11-13 11:17:47 BILL_COUNTRYCODE=HU
200 LiveUpdate 2015-11-13 11:17:47 DELIVERY_FNAME=Kiss Jakab 88
200 LiveUpdate 2015-11-13 11:17:47 DELIVERY_LNAME=
200 LiveUpdate 2015-11-13 11:17:47 DELIVERY_PHONE=80-70605040
200 LiveUpdate 2015-11-13 11:17:47 DELIVERY_ADDRESS=333
200 LiveUpdate 2015-11-13 11:17:47 DELIVERY_ZIPCODE=1111
200 LiveUpdate 2015-11-13 11:17:47 DELIVERY_CITY=	Ács	
200 LiveUpdate 2015-11-13 11:17:47 DELIVERY_STATE=Hungary
200 LiveUpdate 2015-11-13 11:17:47 DELIVERY_COUNTRYCODE=HU
200 LiveUpdate 2015-11-13 11:17:47 ORDER_HASH=5a86ea09f7d150939b928a8a18a68f5d
201 LiveUpdate 2015-11-13 11:19:08 MERCHANT=P143901
201 LiveUpdate 2015-11-13 11:19:08 ORDER_REF=201
201 LiveUpdate 2015-11-13 11:19:08 ORDER_DATE=2015-11-13 11:19:08
201 LiveUpdate 2015-11-13 11:19:08 ORDER_PNAME=Traktor bárszék
201 LiveUpdate 2015-11-13 11:19:08 ORDER_PCODE=45c48cce2e2d7fbdea1afc51c7c6ad26
201 LiveUpdate 2015-11-13 11:19:08 ORDER_PRICE=32000
201 LiveUpdate 2015-11-13 11:19:08 ORDER_QTY=1
201 LiveUpdate 2015-11-13 11:19:08 ORDER_VAT=0
201 LiveUpdate 2015-11-13 11:19:08 PRICES_CURRENCY=HUF
201 LiveUpdate 2015-11-13 11:19:08 ORDER_SHIPPING=4100
201 LiveUpdate 2015-11-13 11:19:08 DISCOUNT=0
201 LiveUpdate 2015-11-13 11:19:08 PAY_METHOD=CCVISAMC
201 LiveUpdate 2015-11-13 11:19:08 LANGUAGE=HU
201 LiveUpdate 2015-11-13 11:19:08 AUTOMODE=1
201 LiveUpdate 2015-11-13 11:19:08 ORDER_TIMEOUT=300
201 LiveUpdate 2015-11-13 11:19:08 TIMEOUT_URL=http://bazibazar.local/penztar/fizetes_sikertelen
201 LiveUpdate 2015-11-13 11:19:08 BACK_REF=http://bazibazar.local/penztar/sikeres_fizetes
201 LiveUpdate 2015-11-13 11:19:08 BILL_FNAME=Kiss
201 LiveUpdate 2015-11-13 11:19:08 BILL_LNAME=Jakab
201 LiveUpdate 2015-11-13 11:19:08 BILL_EMAIL=5555@gggg.ccc
201 LiveUpdate 2015-11-13 11:19:08 BILL_PHONE=80-70605040
201 LiveUpdate 2015-11-13 11:19:08 BILL_ADDRESS=Kuncsaft utca 77. II. em 4.
201 LiveUpdate 2015-11-13 11:19:08 BILL_ZIPCODE=1111
201 LiveUpdate 2015-11-13 11:19:08 BILL_CITY=	Abaújlak	
201 LiveUpdate 2015-11-13 11:19:08 BILL_STATE=Hungary
201 LiveUpdate 2015-11-13 11:19:08 BILL_COUNTRYCODE=HU
201 LiveUpdate 2015-11-13 11:19:08 DELIVERY_FNAME=Kiss Jakab
201 LiveUpdate 2015-11-13 11:19:08 DELIVERY_LNAME=
201 LiveUpdate 2015-11-13 11:19:08 DELIVERY_PHONE=80-70605040
201 LiveUpdate 2015-11-13 11:19:08 DELIVERY_ADDRESS=Kuncsaft utca 77. II. em 4.
201 LiveUpdate 2015-11-13 11:19:08 DELIVERY_ZIPCODE=1111
201 LiveUpdate 2015-11-13 11:19:08 DELIVERY_CITY=	Abaújlak	
201 LiveUpdate 2015-11-13 11:19:08 DELIVERY_STATE=Hungary
201 LiveUpdate 2015-11-13 11:19:08 DELIVERY_COUNTRYCODE=HU
201 LiveUpdate 2015-11-13 11:19:08 ORDER_HASH=a2262189d51fb5d9d73d3efd9bcfcd8d
202 LiveUpdate 2015-11-13 11:48:58 MERCHANT=P143901
202 LiveUpdate 2015-11-13 11:48:58 ORDER_REF=202
202 LiveUpdate 2015-11-13 11:48:58 ORDER_DATE=2015-11-13 11:48:58
202 LiveUpdate 2015-11-13 11:48:58 ORDER_PNAME=Traktor bárszék
202 LiveUpdate 2015-11-13 11:48:58 ORDER_PCODE=45c48cce2e2d7fbdea1afc51c7c6ad26
202 LiveUpdate 2015-11-13 11:48:58 ORDER_PRICE=32000
202 LiveUpdate 2015-11-13 11:48:58 ORDER_QTY=1
202 LiveUpdate 2015-11-13 11:48:58 ORDER_VAT=0
202 LiveUpdate 2015-11-13 11:48:58 PRICES_CURRENCY=HUF
202 LiveUpdate 2015-11-13 11:48:58 ORDER_SHIPPING=4100
202 LiveUpdate 2015-11-13 11:48:58 DISCOUNT=0
202 LiveUpdate 2015-11-13 11:48:58 PAY_METHOD=CCVISAMC
202 LiveUpdate 2015-11-13 11:48:58 LANGUAGE=HU
202 LiveUpdate 2015-11-13 11:48:58 AUTOMODE=1
202 LiveUpdate 2015-11-13 11:48:58 ORDER_TIMEOUT=300
202 LiveUpdate 2015-11-13 11:48:58 TIMEOUT_URL=http://bazibazar.local/penztar/fizetes_sikertelen
202 LiveUpdate 2015-11-13 11:48:58 BACK_REF=http://bazibazar.local/penztar/sikeres_fizetes
202 LiveUpdate 2015-11-13 11:48:58 BILL_FNAME=Kiss
202 LiveUpdate 2015-11-13 11:48:58 BILL_LNAME=Jakab
202 LiveUpdate 2015-11-13 11:48:58 BILL_EMAIL=5555@gggg.ccc
202 LiveUpdate 2015-11-13 11:48:58 BILL_PHONE=80-70605040
202 LiveUpdate 2015-11-13 11:48:58 BILL_ADDRESS=Kuncsaft utca 77. II. em 4.
202 LiveUpdate 2015-11-13 11:48:58 BILL_ZIPCODE=1111
202 LiveUpdate 2015-11-13 11:48:58 BILL_CITY=	Abaújlak	
202 LiveUpdate 2015-11-13 11:48:58 BILL_STATE=Hungary
202 LiveUpdate 2015-11-13 11:48:58 BILL_COUNTRYCODE=HU
202 LiveUpdate 2015-11-13 11:48:58 DELIVERY_FNAME=Kiss Jakab
202 LiveUpdate 2015-11-13 11:48:58 DELIVERY_LNAME=
202 LiveUpdate 2015-11-13 11:48:58 DELIVERY_PHONE=80-70605040
202 LiveUpdate 2015-11-13 11:48:58 DELIVERY_ADDRESS=Kuncsaft utca 77. II. em 4.
202 LiveUpdate 2015-11-13 11:48:58 DELIVERY_ZIPCODE=1111
202 LiveUpdate 2015-11-13 11:48:58 DELIVERY_CITY=	Abaújlak	
202 LiveUpdate 2015-11-13 11:48:58 DELIVERY_STATE=Hungary
202 LiveUpdate 2015-11-13 11:48:58 DELIVERY_COUNTRYCODE=HU
202 LiveUpdate 2015-11-13 11:48:58 ORDER_HASH=6a3d85bfdc5e71f8b5e1255ddbba4b0c
203 LiveUpdate 2015-11-13 14:45:03 MERCHANT=P143901
203 LiveUpdate 2015-11-13 14:45:03 ORDER_REF=203
203 LiveUpdate 2015-11-13 14:45:03 ORDER_DATE=2015-11-13 14:45:03
203 LiveUpdate 2015-11-13 14:45:03 ORDER_PNAME=Traktor bárszék
203 LiveUpdate 2015-11-13 14:45:03 ORDER_PCODE=45c48cce2e2d7fbdea1afc51c7c6ad26
203 LiveUpdate 2015-11-13 14:45:03 ORDER_PRICE=32000
203 LiveUpdate 2015-11-13 14:45:03 ORDER_QTY=1
203 LiveUpdate 2015-11-13 14:45:03 ORDER_VAT=0
203 LiveUpdate 2015-11-13 14:45:03 PRICES_CURRENCY=HUF
203 LiveUpdate 2015-11-13 14:45:03 ORDER_SHIPPING=4100
203 LiveUpdate 2015-11-13 14:45:03 DISCOUNT=0
203 LiveUpdate 2015-11-13 14:45:03 PAY_METHOD=CCVISAMC
203 LiveUpdate 2015-11-13 14:45:03 LANGUAGE=HU
203 LiveUpdate 2015-11-13 14:45:03 AUTOMODE=1
203 LiveUpdate 2015-11-13 14:45:03 ORDER_TIMEOUT=300
203 LiveUpdate 2015-11-13 14:45:03 TIMEOUT_URL=http://bazibazar.local/penztar/fizetes_sikertelen
203 LiveUpdate 2015-11-13 14:45:03 BACK_REF=http://bazibazar.local/penztar/sikeres_fizetes
203 LiveUpdate 2015-11-13 14:45:03 BILL_FNAME=Kiss
203 LiveUpdate 2015-11-13 14:45:03 BILL_LNAME=Jakab
203 LiveUpdate 2015-11-13 14:45:03 BILL_EMAIL=5555@gggg.ccc
203 LiveUpdate 2015-11-13 14:45:03 BILL_PHONE=444
203 LiveUpdate 2015-11-13 14:45:03 BILL_ADDRESS=Kuncsaft utca 77. II. em 4.
203 LiveUpdate 2015-11-13 14:45:03 BILL_ZIPCODE=1087
203 LiveUpdate 2015-11-13 14:45:03 BILL_CITY=	Abasár	
203 LiveUpdate 2015-11-13 14:45:03 BILL_STATE=Hungary
203 LiveUpdate 2015-11-13 14:45:03 BILL_COUNTRYCODE=HU
203 LiveUpdate 2015-11-13 14:45:03 DELIVERY_FNAME=Kiss Jakab
203 LiveUpdate 2015-11-13 14:45:03 DELIVERY_LNAME=
203 LiveUpdate 2015-11-13 14:45:03 DELIVERY_PHONE=444
203 LiveUpdate 2015-11-13 14:45:03 DELIVERY_ADDRESS=Kuncsaft utca 77. II. em 4.
203 LiveUpdate 2015-11-13 14:45:03 DELIVERY_ZIPCODE=1087
203 LiveUpdate 2015-11-13 14:45:03 DELIVERY_CITY=	Abasár	
203 LiveUpdate 2015-11-13 14:45:03 DELIVERY_STATE=Hungary
203 LiveUpdate 2015-11-13 14:45:03 DELIVERY_COUNTRYCODE=HU
203 LiveUpdate 2015-11-13 14:45:03 ORDER_HASH=a0d3ae280821494bbc89fa8fef04682d
