179 LiveUpdate 2015-10-19 13:40:50 MERCHANT=P143901
179 LiveUpdate 2015-10-19 13:40:50 ORDER_REF=179
179 LiveUpdate 2015-10-19 13:40:50 ORDER_DATE=2015-10-19 13:40:50
179 LiveUpdate 2015-10-19 13:40:50 ORDER_PNAME=Gyertyatartó
179 LiveUpdate 2015-10-19 13:40:50 ORDER_PCODE=8
179 LiveUpdate 2015-10-19 13:40:50 ORDER_PRICE=1800
179 LiveUpdate 2015-10-19 13:40:50 ORDER_QTY=1
179 LiveUpdate 2015-10-19 13:40:50 ORDER_VAT=0
179 LiveUpdate 2015-10-19 13:40:50 PRICES_CURRENCY=HUF
179 LiveUpdate 2015-10-19 13:40:50 ORDER_SHIPPING=4100
179 LiveUpdate 2015-10-19 13:40:50 DISCOUNT=0
179 LiveUpdate 2015-10-19 13:40:50 PAY_METHOD=CCVISAMC
179 LiveUpdate 2015-10-19 13:40:50 LANGUAGE=HU
179 LiveUpdate 2015-10-19 13:40:50 AUTOMODE=1
179 LiveUpdate 2015-10-19 13:40:50 ORDER_TIMEOUT=300
179 LiveUpdate 2015-10-19 13:40:50 TIMEOUT_URL=http://bazibazar.local/fizetes/timeout
179 LiveUpdate 2015-10-19 13:40:50 BACK_REF=http://bazibazar.local/fizetes/backref
179 LiveUpdate 2015-10-19 13:40:50 BILL_FNAME=Kiss
179 LiveUpdate 2015-10-19 13:40:50 BILL_LNAME=Jakab
179 LiveUpdate 2015-10-19 13:40:50 BILL_EMAIL=5555@gggg.ccc
179 LiveUpdate 2015-10-19 13:40:50 BILL_PHONE=80-70605040
179 LiveUpdate 2015-10-19 13:40:50 BILL_ADDRESS=Kuncsaft utca 77. II. em 4.
179 LiveUpdate 2015-10-19 13:40:50 BILL_ZIPCODE=1087
179 LiveUpdate 2015-10-19 13:40:50 BILL_CITY=Budapest
179 LiveUpdate 2015-10-19 13:40:50 BILL_STATE=Hungary
179 LiveUpdate 2015-10-19 13:40:50 BILL_COUNTRYCODE=HU
179 LiveUpdate 2015-10-19 13:40:50 DELIVERY_FNAME=Kiss Jakab
179 LiveUpdate 2015-10-19 13:40:50 DELIVERY_LNAME=
179 LiveUpdate 2015-10-19 13:40:50 DELIVERY_PHONE=80-70605040
179 LiveUpdate 2015-10-19 13:40:50 DELIVERY_ADDRESS=Kuncsaft utca 77. II. em 4.
179 LiveUpdate 2015-10-19 13:40:50 DELIVERY_ZIPCODE=1087
179 LiveUpdate 2015-10-19 13:40:50 DELIVERY_CITY=Budapest
179 LiveUpdate 2015-10-19 13:40:50 DELIVERY_STATE=Hungary
179 LiveUpdate 2015-10-19 13:40:50 DELIVERY_COUNTRYCODE=HU
179 LiveUpdate 2015-10-19 13:40:50 ORDER_HASH=f40ce166698017118fb498b57d169bc9
