103 LiveUpdate 2015-10-13 09:29:40 MERCHANT=P143901
103 LiveUpdate 2015-10-13 09:29:40 ORDER_REF=103
103 LiveUpdate 2015-10-13 09:29:40 ORDER_DATE=2015-10-13 09:29:40
103 LiveUpdate 2015-10-13 09:29:40 ORDER_PNAME=Képkeret
103 LiveUpdate 2015-10-13 09:29:40 ORDER_PNAME=Gyertyatartó
103 LiveUpdate 2015-10-13 09:29:40 ORDER_PCODE=2
103 LiveUpdate 2015-10-13 09:29:40 ORDER_PCODE=8
103 LiveUpdate 2015-10-13 09:29:40 ORDER_PRICE=22900
103 LiveUpdate 2015-10-13 09:29:40 ORDER_PRICE=1800
103 LiveUpdate 2015-10-13 09:29:40 ORDER_QTY=1
103 LiveUpdate 2015-10-13 09:29:40 ORDER_QTY=1
103 LiveUpdate 2015-10-13 09:29:40 ORDER_VAT=0
103 LiveUpdate 2015-10-13 09:29:40 ORDER_VAT=0
103 LiveUpdate 2015-10-13 09:29:40 PRICES_CURRENCY=HUF
103 LiveUpdate 2015-10-13 09:29:40 ORDER_SHIPPING=4100
103 LiveUpdate 2015-10-13 09:29:40 DISCOUNT=0
103 LiveUpdate 2015-10-13 09:29:40 PAY_METHOD=CCVISAMC
103 LiveUpdate 2015-10-13 09:29:40 LANGUAGE=HU
103 LiveUpdate 2015-10-13 09:29:40 AUTOMODE=1
103 LiveUpdate 2015-10-13 09:29:40 ORDER_TIMEOUT=300
103 LiveUpdate 2015-10-13 09:29:40 TIMEOUT_URL=http://bazibazar.local/fizetes/timeout
103 LiveUpdate 2015-10-13 09:29:40 BACK_REF=http://bazibazar.local/fizetes/backref
103 LiveUpdate 2015-10-13 09:29:40 BILL_FNAME=Kiss Jakab
103 LiveUpdate 2015-10-13 09:29:40 BILL_LNAME=
103 LiveUpdate 2015-10-13 09:29:40 BILL_COMPANY=Jakab2000 Kft.
103 LiveUpdate 2015-10-13 09:29:40 BILL_EMAIL=web@effektivart.hu
103 LiveUpdate 2015-10-13 09:29:40 BILL_PHONE=80-70605040
103 LiveUpdate 2015-10-13 09:29:40 BILL_ADDRESS=K út 84.
103 LiveUpdate 2015-10-13 09:29:40 BILL_ZIPCODE=1087
103 LiveUpdate 2015-10-13 09:29:40 BILL_CITY=Budapest
103 LiveUpdate 2015-10-13 09:29:40 BILL_STATE=Hungary
103 LiveUpdate 2015-10-13 09:29:40 BILL_COUNTRYCODE=HU
103 LiveUpdate 2015-10-13 09:29:40 DELIVERY_FNAME=Kiss Jakab
103 LiveUpdate 2015-10-13 09:29:40 DELIVERY_LNAME=
103 LiveUpdate 2015-10-13 09:29:40 DELIVERY_PHONE=80-70605040
103 LiveUpdate 2015-10-13 09:29:40 DELIVERY_ADDRESS=Kuncsaft utca 77. II. em 4.
103 LiveUpdate 2015-10-13 09:29:40 DELIVERY_ZIPCODE=1087
103 LiveUpdate 2015-10-13 09:29:40 DELIVERY_CITY=Budapest
103 LiveUpdate 2015-10-13 09:29:40 DELIVERY_STATE=Hungary
103 LiveUpdate 2015-10-13 09:29:40 DELIVERY_COUNTRYCODE=HU
103 LiveUpdate 2015-10-13 09:29:40 ORDER_HASH=62528deda3bc907195822c46128ffc8b
106 LiveUpdate 2015-10-13 09:44:46 MERCHANT=P143901
106 LiveUpdate 2015-10-13 09:44:46 ORDER_REF=106
106 LiveUpdate 2015-10-13 09:44:46 ORDER_DATE=2015-10-13 09:44:46
106 LiveUpdate 2015-10-13 09:44:46 ORDER_PNAME=Képkeret
106 LiveUpdate 2015-10-13 09:44:46 ORDER_PNAME=Gyertyatartó
106 LiveUpdate 2015-10-13 09:44:46 ORDER_PCODE=2
106 LiveUpdate 2015-10-13 09:44:46 ORDER_PCODE=8
106 LiveUpdate 2015-10-13 09:44:46 ORDER_PRICE=22900
106 LiveUpdate 2015-10-13 09:44:46 ORDER_PRICE=1800
106 LiveUpdate 2015-10-13 09:44:46 ORDER_QTY=1
106 LiveUpdate 2015-10-13 09:44:46 ORDER_QTY=1
106 LiveUpdate 2015-10-13 09:44:46 ORDER_VAT=0
106 LiveUpdate 2015-10-13 09:44:46 ORDER_VAT=0
106 LiveUpdate 2015-10-13 09:44:46 PRICES_CURRENCY=HUF
106 LiveUpdate 2015-10-13 09:44:46 ORDER_SHIPPING=4100
106 LiveUpdate 2015-10-13 09:44:46 DISCOUNT=0
106 LiveUpdate 2015-10-13 09:44:46 PAY_METHOD=CCVISAMC
106 LiveUpdate 2015-10-13 09:44:46 LANGUAGE=HU
106 LiveUpdate 2015-10-13 09:44:46 AUTOMODE=1
106 LiveUpdate 2015-10-13 09:44:46 ORDER_TIMEOUT=300
106 LiveUpdate 2015-10-13 09:44:46 TIMEOUT_URL=http://bazibazar.local/fizetes/timeout
106 LiveUpdate 2015-10-13 09:44:46 BACK_REF=http://bazibazar.local/fizetes/backref
106 LiveUpdate 2015-10-13 09:44:46 BILL_FNAME=Kiss
106 LiveUpdate 2015-10-13 09:44:46 BILL_LNAME=Jakab
106 LiveUpdate 2015-10-13 09:44:46 BILL_COMPANY=Jakab2000 Kft.
106 LiveUpdate 2015-10-13 09:44:46 BILL_EMAIL=web@effektivart.hu
106 LiveUpdate 2015-10-13 09:44:46 BILL_PHONE=80-70605040
106 LiveUpdate 2015-10-13 09:44:46 BILL_ADDRESS=888888
106 LiveUpdate 2015-10-13 09:44:46 BILL_ZIPCODE=77777
106 LiveUpdate 2015-10-13 09:44:46 BILL_CITY=Budapest
106 LiveUpdate 2015-10-13 09:44:46 BILL_STATE=Hungary
106 LiveUpdate 2015-10-13 09:44:46 BILL_COUNTRYCODE=HU
106 LiveUpdate 2015-10-13 09:44:46 DELIVERY_FNAME=Kiss Jakab
106 LiveUpdate 2015-10-13 09:44:46 DELIVERY_LNAME=
106 LiveUpdate 2015-10-13 09:44:46 DELIVERY_PHONE=80-70605040
106 LiveUpdate 2015-10-13 09:44:46 DELIVERY_ADDRESS=Kuncsaft utca 77. II. em 4.
106 LiveUpdate 2015-10-13 09:44:46 DELIVERY_ZIPCODE=1087
106 LiveUpdate 2015-10-13 09:44:46 DELIVERY_CITY=Budapest
106 LiveUpdate 2015-10-13 09:44:46 DELIVERY_STATE=Hungary
106 LiveUpdate 2015-10-13 09:44:46 DELIVERY_COUNTRYCODE=HU
106 LiveUpdate 2015-10-13 09:44:46 ORDER_HASH=0428864a9c41f2f7bf2ee5197e7168e7
109 LiveUpdate 2015-10-13 09:55:00 MERCHANT=P143901
109 LiveUpdate 2015-10-13 09:55:00 ORDER_REF=109
109 LiveUpdate 2015-10-13 09:55:00 ORDER_DATE=2015-10-13 09:55:00
109 LiveUpdate 2015-10-13 09:55:00 ORDER_PNAME=Képkeret
109 LiveUpdate 2015-10-13 09:55:00 ORDER_PNAME=Gyertyatartó
109 LiveUpdate 2015-10-13 09:55:00 ORDER_PCODE=2
109 LiveUpdate 2015-10-13 09:55:00 ORDER_PCODE=8
109 LiveUpdate 2015-10-13 09:55:00 ORDER_PRICE=22900
109 LiveUpdate 2015-10-13 09:55:00 ORDER_PRICE=1800
109 LiveUpdate 2015-10-13 09:55:00 ORDER_QTY=1
109 LiveUpdate 2015-10-13 09:55:00 ORDER_QTY=1
109 LiveUpdate 2015-10-13 09:55:00 ORDER_VAT=0
109 LiveUpdate 2015-10-13 09:55:00 ORDER_VAT=0
109 LiveUpdate 2015-10-13 09:55:00 PRICES_CURRENCY=HUF
109 LiveUpdate 2015-10-13 09:55:00 ORDER_SHIPPING=4100
109 LiveUpdate 2015-10-13 09:55:00 DISCOUNT=0
109 LiveUpdate 2015-10-13 09:55:00 PAY_METHOD=CCVISAMC
109 LiveUpdate 2015-10-13 09:55:00 LANGUAGE=HU
109 LiveUpdate 2015-10-13 09:55:00 AUTOMODE=1
109 LiveUpdate 2015-10-13 09:55:00 ORDER_TIMEOUT=300
109 LiveUpdate 2015-10-13 09:55:00 TIMEOUT_URL=http://bazibazar.local/fizetes/timeout
109 LiveUpdate 2015-10-13 09:55:00 BACK_REF=http://bazibazar.local/fizetes/backref
109 LiveUpdate 2015-10-13 09:55:00 BILL_FNAME=Kiss
109 LiveUpdate 2015-10-13 09:55:00 BILL_LNAME=Jakab
109 LiveUpdate 2015-10-13 09:55:00 BILL_EMAIL=5555@gggg.ccc
109 LiveUpdate 2015-10-13 09:55:00 BILL_PHONE=80-70605040
109 LiveUpdate 2015-10-13 09:55:00 BILL_ADDRESS=Kuncsaft utca 77. II. em 4.
109 LiveUpdate 2015-10-13 09:55:00 BILL_ZIPCODE=1087
109 LiveUpdate 2015-10-13 09:55:00 BILL_CITY=Budapest
109 LiveUpdate 2015-10-13 09:55:00 BILL_STATE=Hungary
109 LiveUpdate 2015-10-13 09:55:00 BILL_COUNTRYCODE=HU
109 LiveUpdate 2015-10-13 09:55:00 DELIVERY_FNAME=Kiss Jakab
109 LiveUpdate 2015-10-13 09:55:00 DELIVERY_LNAME=
109 LiveUpdate 2015-10-13 09:55:00 DELIVERY_PHONE=80-70605040
109 LiveUpdate 2015-10-13 09:55:00 DELIVERY_ADDRESS=Kuncsaft utca 77. II. em 4.
109 LiveUpdate 2015-10-13 09:55:00 DELIVERY_ZIPCODE=1087
109 LiveUpdate 2015-10-13 09:55:00 DELIVERY_CITY=Budapest
109 LiveUpdate 2015-10-13 09:55:00 DELIVERY_STATE=Hungary
109 LiveUpdate 2015-10-13 09:55:00 DELIVERY_COUNTRYCODE=HU
109 LiveUpdate 2015-10-13 09:55:00 ORDER_HASH=dd3a1e82b393d3b5ac4008430031175b
112 LiveUpdate 2015-10-13 11:26:46 MERCHANT=P143901
112 LiveUpdate 2015-10-13 11:26:46 ORDER_REF=112
112 LiveUpdate 2015-10-13 11:26:46 ORDER_DATE=2015-10-13 11:26:46
112 LiveUpdate 2015-10-13 11:26:46 ORDER_PNAME=Képkeret
112 LiveUpdate 2015-10-13 11:26:46 ORDER_PNAME=Gyertyatartó
112 LiveUpdate 2015-10-13 11:26:46 ORDER_PCODE=2
112 LiveUpdate 2015-10-13 11:26:46 ORDER_PCODE=8
112 LiveUpdate 2015-10-13 11:26:46 ORDER_PRICE=22900
112 LiveUpdate 2015-10-13 11:26:46 ORDER_PRICE=1800
112 LiveUpdate 2015-10-13 11:26:46 ORDER_QTY=1
112 LiveUpdate 2015-10-13 11:26:46 ORDER_QTY=1
112 LiveUpdate 2015-10-13 11:26:46 ORDER_VAT=0
112 LiveUpdate 2015-10-13 11:26:46 ORDER_VAT=0
112 LiveUpdate 2015-10-13 11:26:46 PRICES_CURRENCY=HUF
112 LiveUpdate 2015-10-13 11:26:46 ORDER_SHIPPING=4100
112 LiveUpdate 2015-10-13 11:26:46 DISCOUNT=0
112 LiveUpdate 2015-10-13 11:26:46 PAY_METHOD=CCVISAMC
112 LiveUpdate 2015-10-13 11:26:46 LANGUAGE=HU
112 LiveUpdate 2015-10-13 11:26:46 AUTOMODE=1
112 LiveUpdate 2015-10-13 11:26:46 ORDER_TIMEOUT=300
112 LiveUpdate 2015-10-13 11:26:46 TIMEOUT_URL=http://bazibazar.local/fizetes/timeout
112 LiveUpdate 2015-10-13 11:26:46 BACK_REF=http://bazibazar.local/fizetes/backref
112 LiveUpdate 2015-10-13 11:26:46 BILL_FNAME=Kiss
112 LiveUpdate 2015-10-13 11:26:46 BILL_LNAME=Jakab
112 LiveUpdate 2015-10-13 11:26:46 BILL_EMAIL=guest@effektivart.hu
112 LiveUpdate 2015-10-13 11:26:46 BILL_PHONE=80-70605040
112 LiveUpdate 2015-10-13 11:26:46 BILL_ADDRESS=Kuncsaft utca 77. II. em 4.
112 LiveUpdate 2015-10-13 11:26:46 BILL_ZIPCODE=1087
112 LiveUpdate 2015-10-13 11:26:46 BILL_CITY=Budapest
112 LiveUpdate 2015-10-13 11:26:46 BILL_STATE=Hungary
112 LiveUpdate 2015-10-13 11:26:46 BILL_COUNTRYCODE=HU
112 LiveUpdate 2015-10-13 11:26:46 DELIVERY_FNAME=Kiss Jakab
112 LiveUpdate 2015-10-13 11:26:46 DELIVERY_LNAME=
112 LiveUpdate 2015-10-13 11:26:46 DELIVERY_PHONE=80-70605040
112 LiveUpdate 2015-10-13 11:26:46 DELIVERY_ADDRESS=Kuncsaft utca 77. II. em 4.
112 LiveUpdate 2015-10-13 11:26:46 DELIVERY_ZIPCODE=1087
112 LiveUpdate 2015-10-13 11:26:46 DELIVERY_CITY=Budapest
112 LiveUpdate 2015-10-13 11:26:46 DELIVERY_STATE=Hungary
112 LiveUpdate 2015-10-13 11:26:46 DELIVERY_COUNTRYCODE=HU
112 LiveUpdate 2015-10-13 11:26:46 ORDER_HASH=4c23ac0b9237ff948fad401fca0bf4b2
112 LiveUpdate 2015-10-13 11:28:10 MERCHANT=P143901
112 LiveUpdate 2015-10-13 11:28:10 ORDER_REF=112
112 LiveUpdate 2015-10-13 11:28:10 ORDER_DATE=2015-10-13 11:28:10
112 LiveUpdate 2015-10-13 11:28:10 ORDER_PNAME=Képkeret
112 LiveUpdate 2015-10-13 11:28:10 ORDER_PNAME=Gyertyatartó
112 LiveUpdate 2015-10-13 11:28:10 ORDER_PCODE=2
112 LiveUpdate 2015-10-13 11:28:10 ORDER_PCODE=8
112 LiveUpdate 2015-10-13 11:28:10 ORDER_PRICE=22900
112 LiveUpdate 2015-10-13 11:28:10 ORDER_PRICE=1800
112 LiveUpdate 2015-10-13 11:28:10 ORDER_QTY=1
112 LiveUpdate 2015-10-13 11:28:10 ORDER_QTY=1
112 LiveUpdate 2015-10-13 11:28:10 ORDER_VAT=0
112 LiveUpdate 2015-10-13 11:28:10 ORDER_VAT=0
112 LiveUpdate 2015-10-13 11:28:10 PRICES_CURRENCY=HUF
112 LiveUpdate 2015-10-13 11:28:10 ORDER_SHIPPING=4100
112 LiveUpdate 2015-10-13 11:28:10 DISCOUNT=0
112 LiveUpdate 2015-10-13 11:28:10 PAY_METHOD=CCVISAMC
112 LiveUpdate 2015-10-13 11:28:10 LANGUAGE=HU
112 LiveUpdate 2015-10-13 11:28:10 AUTOMODE=1
112 LiveUpdate 2015-10-13 11:28:10 ORDER_TIMEOUT=300
112 LiveUpdate 2015-10-13 11:28:10 TIMEOUT_URL=http://bazibazar.local/fizetes/timeout
112 LiveUpdate 2015-10-13 11:28:10 BACK_REF=http://bazibazar.local/fizetes/backref
112 LiveUpdate 2015-10-13 11:28:10 BILL_FNAME=Kiss
112 LiveUpdate 2015-10-13 11:28:10 BILL_LNAME=Jakab
112 LiveUpdate 2015-10-13 11:28:10 BILL_EMAIL=guest@effektivart.hu
112 LiveUpdate 2015-10-13 11:28:10 BILL_PHONE=80-70605040
112 LiveUpdate 2015-10-13 11:28:10 BILL_ADDRESS=Kuncsaft utca 77. II. em 4.
112 LiveUpdate 2015-10-13 11:28:10 BILL_ZIPCODE=1087
112 LiveUpdate 2015-10-13 11:28:10 BILL_CITY=Budapest
112 LiveUpdate 2015-10-13 11:28:10 BILL_STATE=Hungary
112 LiveUpdate 2015-10-13 11:28:10 BILL_COUNTRYCODE=HU
112 LiveUpdate 2015-10-13 11:28:10 DELIVERY_FNAME=Kiss Jakab
112 LiveUpdate 2015-10-13 11:28:10 DELIVERY_LNAME=
112 LiveUpdate 2015-10-13 11:28:10 DELIVERY_PHONE=80-70605040
112 LiveUpdate 2015-10-13 11:28:10 DELIVERY_ADDRESS=Kuncsaft utca 77. II. em 4.
112 LiveUpdate 2015-10-13 11:28:10 DELIVERY_ZIPCODE=1087
112 LiveUpdate 2015-10-13 11:28:10 DELIVERY_CITY=Budapest
112 LiveUpdate 2015-10-13 11:28:10 DELIVERY_STATE=Hungary
112 LiveUpdate 2015-10-13 11:28:10 DELIVERY_COUNTRYCODE=HU
112 LiveUpdate 2015-10-13 11:28:10 ORDER_HASH=709c5d88e3d9a76e42c5660fd1a576f8
116 LiveUpdate 2015-10-13 12:22:59 MERCHANT=P143901
116 LiveUpdate 2015-10-13 12:22:59 ORDER_REF=116
116 LiveUpdate 2015-10-13 12:22:59 ORDER_DATE=2015-10-13 12:22:59
116 LiveUpdate 2015-10-13 12:22:59 ORDER_PNAME=Képkeret
116 LiveUpdate 2015-10-13 12:22:59 ORDER_PNAME=Gyertyatartó
116 LiveUpdate 2015-10-13 12:22:59 ORDER_PCODE=2
116 LiveUpdate 2015-10-13 12:22:59 ORDER_PCODE=8
116 LiveUpdate 2015-10-13 12:22:59 ORDER_PRICE=22900
116 LiveUpdate 2015-10-13 12:22:59 ORDER_PRICE=1800
116 LiveUpdate 2015-10-13 12:22:59 ORDER_QTY=1
116 LiveUpdate 2015-10-13 12:22:59 ORDER_QTY=2
116 LiveUpdate 2015-10-13 12:22:59 ORDER_VAT=0
116 LiveUpdate 2015-10-13 12:22:59 ORDER_VAT=0
116 LiveUpdate 2015-10-13 12:22:59 PRICES_CURRENCY=HUF
116 LiveUpdate 2015-10-13 12:22:59 ORDER_SHIPPING=4100
116 LiveUpdate 2015-10-13 12:22:59 DISCOUNT=0
116 LiveUpdate 2015-10-13 12:22:59 PAY_METHOD=CCVISAMC
116 LiveUpdate 2015-10-13 12:22:59 LANGUAGE=HU
116 LiveUpdate 2015-10-13 12:22:59 AUTOMODE=1
116 LiveUpdate 2015-10-13 12:22:59 ORDER_TIMEOUT=300
116 LiveUpdate 2015-10-13 12:22:59 TIMEOUT_URL=http://bazibazar.local/fizetes/timeout
116 LiveUpdate 2015-10-13 12:22:59 BACK_REF=http://bazibazar.local/fizetes/backref
116 LiveUpdate 2015-10-13 12:22:59 BILL_FNAME=Kiss
116 LiveUpdate 2015-10-13 12:22:59 BILL_LNAME=Jakab
116 LiveUpdate 2015-10-13 12:22:59 BILL_EMAIL=guest@effektivart.hu
116 LiveUpdate 2015-10-13 12:22:59 BILL_PHONE=80-70605040
116 LiveUpdate 2015-10-13 12:22:59 BILL_ADDRESS=Kuncsaft utca 77. II. em 4.
116 LiveUpdate 2015-10-13 12:22:59 BILL_ZIPCODE=1087
116 LiveUpdate 2015-10-13 12:22:59 BILL_CITY=Budapest
116 LiveUpdate 2015-10-13 12:22:59 BILL_STATE=Hungary
116 LiveUpdate 2015-10-13 12:22:59 BILL_COUNTRYCODE=HU
116 LiveUpdate 2015-10-13 12:22:59 DELIVERY_FNAME=Kiss Jakab
116 LiveUpdate 2015-10-13 12:22:59 DELIVERY_LNAME=
116 LiveUpdate 2015-10-13 12:22:59 DELIVERY_PHONE=80-70605040
116 LiveUpdate 2015-10-13 12:22:59 DELIVERY_ADDRESS=Kuncsaft utca 77. II. em 4.
116 LiveUpdate 2015-10-13 12:22:59 DELIVERY_ZIPCODE=1087
116 LiveUpdate 2015-10-13 12:22:59 DELIVERY_CITY=Budapest
116 LiveUpdate 2015-10-13 12:22:59 DELIVERY_STATE=Hungary
116 LiveUpdate 2015-10-13 12:22:59 DELIVERY_COUNTRYCODE=HU
116 LiveUpdate 2015-10-13 12:22:59 ORDER_HASH=070dae403c4d623559ced6d7255b3eb7
116 LiveUpdate 2015-10-13 13:20:14 MERCHANT=P143901
116 LiveUpdate 2015-10-13 13:20:14 ORDER_REF=116
116 LiveUpdate 2015-10-13 13:20:14 ORDER_DATE=2015-10-13 13:20:14
116 LiveUpdate 2015-10-13 13:20:14 ORDER_PNAME=Képkeret
116 LiveUpdate 2015-10-13 13:20:14 ORDER_PNAME=Gyertyatartó
116 LiveUpdate 2015-10-13 13:20:14 ORDER_PCODE=2
116 LiveUpdate 2015-10-13 13:20:14 ORDER_PCODE=8
116 LiveUpdate 2015-10-13 13:20:14 ORDER_PRICE=22900
116 LiveUpdate 2015-10-13 13:20:14 ORDER_PRICE=1800
116 LiveUpdate 2015-10-13 13:20:14 ORDER_QTY=2
116 LiveUpdate 2015-10-13 13:20:14 ORDER_QTY=1
116 LiveUpdate 2015-10-13 13:20:14 ORDER_VAT=0
116 LiveUpdate 2015-10-13 13:20:14 ORDER_VAT=0
116 LiveUpdate 2015-10-13 13:20:14 PRICES_CURRENCY=HUF
116 LiveUpdate 2015-10-13 13:20:14 ORDER_SHIPPING=4100
116 LiveUpdate 2015-10-13 13:20:14 DISCOUNT=0
116 LiveUpdate 2015-10-13 13:20:14 PAY_METHOD=CCVISAMC
116 LiveUpdate 2015-10-13 13:20:14 LANGUAGE=HU
116 LiveUpdate 2015-10-13 13:20:14 AUTOMODE=1
116 LiveUpdate 2015-10-13 13:20:14 ORDER_TIMEOUT=300
116 LiveUpdate 2015-10-13 13:20:14 TIMEOUT_URL=http://bazibazar.local/fizetes/timeout
116 LiveUpdate 2015-10-13 13:20:14 BACK_REF=http://bazibazar.local/fizetes/backref
116 LiveUpdate 2015-10-13 13:20:14 BILL_FNAME=Kiss
116 LiveUpdate 2015-10-13 13:20:14 BILL_LNAME=Jakab
116 LiveUpdate 2015-10-13 13:20:14 BILL_EMAIL=guest@effektivart.hu
116 LiveUpdate 2015-10-13 13:20:14 BILL_PHONE=80-70605040
116 LiveUpdate 2015-10-13 13:20:14 BILL_ADDRESS=Kuncsaft utca 77. II. em 4.
116 LiveUpdate 2015-10-13 13:20:14 BILL_ZIPCODE=1087
116 LiveUpdate 2015-10-13 13:20:14 BILL_CITY=Budapest
116 LiveUpdate 2015-10-13 13:20:14 BILL_STATE=Hungary
116 LiveUpdate 2015-10-13 13:20:14 BILL_COUNTRYCODE=HU
116 LiveUpdate 2015-10-13 13:20:14 DELIVERY_FNAME=Kiss Jakab
116 LiveUpdate 2015-10-13 13:20:14 DELIVERY_LNAME=
116 LiveUpdate 2015-10-13 13:20:14 DELIVERY_PHONE=80-70605040
116 LiveUpdate 2015-10-13 13:20:14 DELIVERY_ADDRESS=Kuncsaft utca 77. II. em 4.
116 LiveUpdate 2015-10-13 13:20:14 DELIVERY_ZIPCODE=1087
116 LiveUpdate 2015-10-13 13:20:14 DELIVERY_CITY=Budapest
116 LiveUpdate 2015-10-13 13:20:14 DELIVERY_STATE=Hungary
116 LiveUpdate 2015-10-13 13:20:14 DELIVERY_COUNTRYCODE=HU
116 LiveUpdate 2015-10-13 13:20:14 ORDER_HASH=e6c9ca607147aacbc3fbc8b6748aab08
125 LiveUpdate 2015-10-13 13:20:54 MERCHANT=P143901
125 LiveUpdate 2015-10-13 13:20:54 ORDER_REF=125
125 LiveUpdate 2015-10-13 13:20:54 ORDER_DATE=2015-10-13 13:20:54
125 LiveUpdate 2015-10-13 13:20:54 ORDER_PNAME=Képkeret
125 LiveUpdate 2015-10-13 13:20:54 ORDER_PNAME=Gyertyatartó
125 LiveUpdate 2015-10-13 13:20:54 ORDER_PCODE=2
125 LiveUpdate 2015-10-13 13:20:54 ORDER_PCODE=8
125 LiveUpdate 2015-10-13 13:20:54 ORDER_PRICE=22900
125 LiveUpdate 2015-10-13 13:20:54 ORDER_PRICE=1800
125 LiveUpdate 2015-10-13 13:20:54 ORDER_QTY=2
125 LiveUpdate 2015-10-13 13:20:54 ORDER_QTY=1
125 LiveUpdate 2015-10-13 13:20:54 ORDER_VAT=0
125 LiveUpdate 2015-10-13 13:20:54 ORDER_VAT=0
125 LiveUpdate 2015-10-13 13:20:54 PRICES_CURRENCY=HUF
125 LiveUpdate 2015-10-13 13:20:54 ORDER_SHIPPING=4100
125 LiveUpdate 2015-10-13 13:20:54 DISCOUNT=0
125 LiveUpdate 2015-10-13 13:20:54 PAY_METHOD=CCVISAMC
125 LiveUpdate 2015-10-13 13:20:54 LANGUAGE=HU
125 LiveUpdate 2015-10-13 13:20:54 AUTOMODE=1
125 LiveUpdate 2015-10-13 13:20:54 ORDER_TIMEOUT=300
125 LiveUpdate 2015-10-13 13:20:54 TIMEOUT_URL=http://bazibazar.local/fizetes/timeout
125 LiveUpdate 2015-10-13 13:20:54 BACK_REF=http://bazibazar.local/fizetes/backref
125 LiveUpdate 2015-10-13 13:20:54 BILL_FNAME=Kiss
125 LiveUpdate 2015-10-13 13:20:54 BILL_LNAME=Jakab 2
125 LiveUpdate 2015-10-13 13:20:54 BILL_EMAIL=guest@effektivart.hu
125 LiveUpdate 2015-10-13 13:20:54 BILL_PHONE=80-70605040
125 LiveUpdate 2015-10-13 13:20:54 BILL_ADDRESS=Kuncsaft utca 77. II. em 4.
125 LiveUpdate 2015-10-13 13:20:54 BILL_ZIPCODE=1087
125 LiveUpdate 2015-10-13 13:20:54 BILL_CITY=	Bakonyszücs	
125 LiveUpdate 2015-10-13 13:20:54 BILL_STATE=Hungary
125 LiveUpdate 2015-10-13 13:20:54 BILL_COUNTRYCODE=HU
125 LiveUpdate 2015-10-13 13:20:54 DELIVERY_FNAME=Kiss Jakab 2
125 LiveUpdate 2015-10-13 13:20:54 DELIVERY_LNAME=
125 LiveUpdate 2015-10-13 13:20:54 DELIVERY_PHONE=80-70605040
125 LiveUpdate 2015-10-13 13:20:54 DELIVERY_ADDRESS=Kuncsaft utca 77. II. em 4.
125 LiveUpdate 2015-10-13 13:20:54 DELIVERY_ZIPCODE=1087
125 LiveUpdate 2015-10-13 13:20:54 DELIVERY_CITY=	Bakonyszücs	
125 LiveUpdate 2015-10-13 13:20:54 DELIVERY_STATE=Hungary
125 LiveUpdate 2015-10-13 13:20:54 DELIVERY_COUNTRYCODE=HU
125 LiveUpdate 2015-10-13 13:20:54 ORDER_HASH=cf396469dc506709bd43fa01fd5e433f
