185 LiveUpdate 2015-10-20 10:40:41 MERCHANT=P143901
185 LiveUpdate 2015-10-20 10:40:41 ORDER_REF=185
185 LiveUpdate 2015-10-20 10:40:41 ORDER_DATE=2015-10-20 10:40:41
185 LiveUpdate 2015-10-20 10:40:41 ORDER_PNAME=Zsírosbödön
185 LiveUpdate 2015-10-20 10:40:41 ORDER_PCODE=18
185 LiveUpdate 2015-10-20 10:40:41 ORDER_PRICE=12000
185 LiveUpdate 2015-10-20 10:40:41 ORDER_QTY=1
185 LiveUpdate 2015-10-20 10:40:41 ORDER_VAT=0
185 LiveUpdate 2015-10-20 10:40:41 PRICES_CURRENCY=HUF
185 LiveUpdate 2015-10-20 10:40:41 ORDER_SHIPPING=4100
185 LiveUpdate 2015-10-20 10:40:41 DISCOUNT=0
185 LiveUpdate 2015-10-20 10:40:41 PAY_METHOD=CCVISAMC
185 LiveUpdate 2015-10-20 10:40:41 LANGUAGE=HU
185 LiveUpdate 2015-10-20 10:40:41 AUTOMODE=1
185 LiveUpdate 2015-10-20 10:40:41 ORDER_TIMEOUT=300
185 LiveUpdate 2015-10-20 10:40:41 TIMEOUT_URL=http://bazibazar.local/penztar/fizetes_sikertelen
185 LiveUpdate 2015-10-20 10:40:41 BACK_REF=http://bazibazar.local/penztar/sikeres_fizetes
185 LiveUpdate 2015-10-20 10:40:41 BILL_FNAME=Kiss
185 LiveUpdate 2015-10-20 10:40:41 BILL_LNAME=Jakab
185 LiveUpdate 2015-10-20 10:40:41 BILL_EMAIL=5555@gggg.ccc
185 LiveUpdate 2015-10-20 10:40:41 BILL_PHONE=80-70605040
185 LiveUpdate 2015-10-20 10:40:41 BILL_ADDRESS=333
185 LiveUpdate 2015-10-20 10:40:41 BILL_ZIPCODE=1087
185 LiveUpdate 2015-10-20 10:40:41 BILL_CITY=	Abasár	
185 LiveUpdate 2015-10-20 10:40:41 BILL_STATE=Hungary
185 LiveUpdate 2015-10-20 10:40:41 BILL_COUNTRYCODE=HU
185 LiveUpdate 2015-10-20 10:40:41 DELIVERY_FNAME=Kiss Jakab
185 LiveUpdate 2015-10-20 10:40:41 DELIVERY_LNAME=
185 LiveUpdate 2015-10-20 10:40:41 DELIVERY_PHONE=80-70605040
185 LiveUpdate 2015-10-20 10:40:41 DELIVERY_ADDRESS=333
185 LiveUpdate 2015-10-20 10:40:41 DELIVERY_ZIPCODE=1087
185 LiveUpdate 2015-10-20 10:40:41 DELIVERY_CITY=	Abasár	
185 LiveUpdate 2015-10-20 10:40:41 DELIVERY_STATE=Hungary
185 LiveUpdate 2015-10-20 10:40:41 DELIVERY_COUNTRYCODE=HU
185 LiveUpdate 2015-10-20 10:40:41 ORDER_HASH=629cb98985f9bf8ff615436b53b0f01b
