184 LiveUpdate 2015-10-30 12:57:33 MERCHANT=P143901
184 LiveUpdate 2015-10-30 12:57:33 ORDER_REF=184
184 LiveUpdate 2015-10-30 12:57:33 ORDER_DATE=2015-10-30 12:57:33
184 LiveUpdate 2015-10-30 12:57:33 ORDER_PNAME=Traktor bárszék
184 LiveUpdate 2015-10-30 12:57:33 ORDER_PNAME=Traktor bárszék
184 LiveUpdate 2015-10-30 12:57:33 ORDER_PNAME=Traktor bárszék
184 LiveUpdate 2015-10-30 12:57:33 ORDER_PNAME=Kis zöld üveg
184 LiveUpdate 2015-10-30 12:57:33 ORDER_PCODE=9
184 LiveUpdate 2015-10-30 12:57:33 ORDER_PCODE=9
184 LiveUpdate 2015-10-30 12:57:33 ORDER_PCODE=9
184 LiveUpdate 2015-10-30 12:57:33 ORDER_PCODE=8
184 LiveUpdate 2015-10-30 12:57:33 ORDER_PRICE=32000
184 LiveUpdate 2015-10-30 12:57:33 ORDER_PRICE=32000
184 LiveUpdate 2015-10-30 12:57:33 ORDER_PRICE=32000
184 LiveUpdate 2015-10-30 12:57:33 ORDER_PRICE=6000
184 LiveUpdate 2015-10-30 12:57:33 ORDER_QTY=2
184 LiveUpdate 2015-10-30 12:57:33 ORDER_QTY=3
184 LiveUpdate 2015-10-30 12:57:33 ORDER_QTY=1
184 LiveUpdate 2015-10-30 12:57:33 ORDER_QTY=1
184 LiveUpdate 2015-10-30 12:57:33 ORDER_VAT=0
184 LiveUpdate 2015-10-30 12:57:33 ORDER_VAT=0
184 LiveUpdate 2015-10-30 12:57:33 ORDER_VAT=0
184 LiveUpdate 2015-10-30 12:57:33 ORDER_VAT=0
184 LiveUpdate 2015-10-30 12:57:33 PRICES_CURRENCY=HUF
184 LiveUpdate 2015-10-30 12:57:33 ORDER_SHIPPING=4100
184 LiveUpdate 2015-10-30 12:57:33 DISCOUNT=0
184 LiveUpdate 2015-10-30 12:57:33 PAY_METHOD=CCVISAMC
184 LiveUpdate 2015-10-30 12:57:33 LANGUAGE=HU
184 LiveUpdate 2015-10-30 12:57:33 AUTOMODE=1
184 LiveUpdate 2015-10-30 12:57:33 ORDER_TIMEOUT=300
184 LiveUpdate 2015-10-30 12:57:33 TIMEOUT_URL=http://bazibazar.local/penztar/fizetes_sikertelen
184 LiveUpdate 2015-10-30 12:57:33 BACK_REF=http://bazibazar.local/penztar/sikeres_fizetes
184 LiveUpdate 2015-10-30 12:57:33 BILL_FNAME=Kiss
184 LiveUpdate 2015-10-30 12:57:33 BILL_LNAME=Jakab
184 LiveUpdate 2015-10-30 12:57:33 BILL_EMAIL=web@effektivart.hu
184 LiveUpdate 2015-10-30 12:57:33 BILL_PHONE=80-70605040
184 LiveUpdate 2015-10-30 12:57:33 BILL_ADDRESS=Kuncsaft utca 77. II. em 4.
184 LiveUpdate 2015-10-30 12:57:33 BILL_ZIPCODE=1087
184 LiveUpdate 2015-10-30 12:57:33 BILL_CITY=	Abasár	
184 LiveUpdate 2015-10-30 12:57:33 BILL_STATE=Hungary
184 LiveUpdate 2015-10-30 12:57:33 BILL_COUNTRYCODE=HU
184 LiveUpdate 2015-10-30 12:57:33 DELIVERY_FNAME=Kiss Jakab
184 LiveUpdate 2015-10-30 12:57:33 DELIVERY_LNAME=
184 LiveUpdate 2015-10-30 12:57:33 DELIVERY_PHONE=80-70605040
184 LiveUpdate 2015-10-30 12:57:33 DELIVERY_ADDRESS=Kuncsaft utca 77. II. em 4.
184 LiveUpdate 2015-10-30 12:57:33 DELIVERY_ZIPCODE=1087
184 LiveUpdate 2015-10-30 12:57:33 DELIVERY_CITY=	Abasár	
184 LiveUpdate 2015-10-30 12:57:33 DELIVERY_STATE=Hungary
184 LiveUpdate 2015-10-30 12:57:33 DELIVERY_COUNTRYCODE=HU
184 LiveUpdate 2015-10-30 12:57:33 ORDER_HASH=470f387cba5b0338bb4b64cb5c81faaa
185 LiveUpdate 2015-10-30 13:44:40 MERCHANT=P143901
185 LiveUpdate 2015-10-30 13:44:40 ORDER_REF=185
185 LiveUpdate 2015-10-30 13:44:40 ORDER_DATE=2015-10-30 13:44:40
185 LiveUpdate 2015-10-30 13:44:40 ORDER_PNAME=Traktor bárszék
185 LiveUpdate 2015-10-30 13:44:40 ORDER_PNAME=Traktor bárszék
185 LiveUpdate 2015-10-30 13:44:40 ORDER_PCODE=9
185 LiveUpdate 2015-10-30 13:44:40 ORDER_PCODE=9
185 LiveUpdate 2015-10-30 13:44:40 ORDER_PRICE=32000
185 LiveUpdate 2015-10-30 13:44:40 ORDER_PRICE=32000
185 LiveUpdate 2015-10-30 13:44:40 ORDER_QTY=1
185 LiveUpdate 2015-10-30 13:44:40 ORDER_QTY=1
185 LiveUpdate 2015-10-30 13:44:40 ORDER_VAT=0
185 LiveUpdate 2015-10-30 13:44:40 ORDER_VAT=0
185 LiveUpdate 2015-10-30 13:44:40 PRICES_CURRENCY=HUF
185 LiveUpdate 2015-10-30 13:44:40 ORDER_SHIPPING=4100
185 LiveUpdate 2015-10-30 13:44:40 DISCOUNT=0
185 LiveUpdate 2015-10-30 13:44:40 PAY_METHOD=CCVISAMC
185 LiveUpdate 2015-10-30 13:44:40 LANGUAGE=HU
185 LiveUpdate 2015-10-30 13:44:40 AUTOMODE=1
185 LiveUpdate 2015-10-30 13:44:40 ORDER_TIMEOUT=300
185 LiveUpdate 2015-10-30 13:44:40 TIMEOUT_URL=http://bazibazar.local/penztar/fizetes_sikertelen
185 LiveUpdate 2015-10-30 13:44:40 BACK_REF=http://bazibazar.local/penztar/sikeres_fizetes
185 LiveUpdate 2015-10-30 13:44:40 BILL_FNAME=Kiss
185 LiveUpdate 2015-10-30 13:44:40 BILL_LNAME=Jakab
185 LiveUpdate 2015-10-30 13:44:40 BILL_EMAIL=web@effektivart.hu
185 LiveUpdate 2015-10-30 13:44:40 BILL_PHONE=80-70605040
185 LiveUpdate 2015-10-30 13:44:40 BILL_ADDRESS=Kuncsaft utca 77. II. em 4.
185 LiveUpdate 2015-10-30 13:44:40 BILL_ZIPCODE=222
185 LiveUpdate 2015-10-30 13:44:40 BILL_CITY=	Abasár	
185 LiveUpdate 2015-10-30 13:44:40 BILL_STATE=Hungary
185 LiveUpdate 2015-10-30 13:44:40 BILL_COUNTRYCODE=HU
185 LiveUpdate 2015-10-30 13:44:40 DELIVERY_FNAME=Kiss Jakab
185 LiveUpdate 2015-10-30 13:44:40 DELIVERY_LNAME=
185 LiveUpdate 2015-10-30 13:44:40 DELIVERY_PHONE=80-70605040
185 LiveUpdate 2015-10-30 13:44:40 DELIVERY_ADDRESS=Kuncsaft utca 77. II. em 4.
185 LiveUpdate 2015-10-30 13:44:40 DELIVERY_ZIPCODE=222
185 LiveUpdate 2015-10-30 13:44:40 DELIVERY_CITY=	Abasár	
185 LiveUpdate 2015-10-30 13:44:40 DELIVERY_STATE=Hungary
185 LiveUpdate 2015-10-30 13:44:40 DELIVERY_COUNTRYCODE=HU
185 LiveUpdate 2015-10-30 13:44:40 ORDER_HASH=303cefc3c71f0318ac93570adf1360ba
186 LiveUpdate 2015-10-30 13:45:37 MERCHANT=P143901
186 LiveUpdate 2015-10-30 13:45:37 ORDER_REF=186
186 LiveUpdate 2015-10-30 13:45:37 ORDER_DATE=2015-10-30 13:45:37
186 LiveUpdate 2015-10-30 13:45:37 ORDER_PNAME=Traktor bárszék
186 LiveUpdate 2015-10-30 13:45:37 ORDER_PCODE=9
186 LiveUpdate 2015-10-30 13:45:37 ORDER_PRICE=32000
186 LiveUpdate 2015-10-30 13:45:37 ORDER_QTY=1
186 LiveUpdate 2015-10-30 13:45:37 ORDER_VAT=0
186 LiveUpdate 2015-10-30 13:45:37 PRICES_CURRENCY=HUF
186 LiveUpdate 2015-10-30 13:45:37 ORDER_SHIPPING=4100
186 LiveUpdate 2015-10-30 13:45:37 DISCOUNT=0
186 LiveUpdate 2015-10-30 13:45:37 PAY_METHOD=CCVISAMC
186 LiveUpdate 2015-10-30 13:45:37 LANGUAGE=HU
186 LiveUpdate 2015-10-30 13:45:37 AUTOMODE=1
186 LiveUpdate 2015-10-30 13:45:37 ORDER_TIMEOUT=300
186 LiveUpdate 2015-10-30 13:45:37 TIMEOUT_URL=http://bazibazar.local/penztar/fizetes_sikertelen
186 LiveUpdate 2015-10-30 13:45:37 BACK_REF=http://bazibazar.local/penztar/sikeres_fizetes
186 LiveUpdate 2015-10-30 13:45:37 BILL_FNAME=Kiss
186 LiveUpdate 2015-10-30 13:45:37 BILL_LNAME=Jakab
186 LiveUpdate 2015-10-30 13:45:37 BILL_EMAIL=web@effektivart.hu
186 LiveUpdate 2015-10-30 13:45:37 BILL_PHONE=80-70605040
186 LiveUpdate 2015-10-30 13:45:37 BILL_ADDRESS=333
186 LiveUpdate 2015-10-30 13:45:37 BILL_ZIPCODE=ss
186 LiveUpdate 2015-10-30 13:45:37 BILL_CITY=	Abádszalók	
186 LiveUpdate 2015-10-30 13:45:37 BILL_STATE=Hungary
186 LiveUpdate 2015-10-30 13:45:37 BILL_COUNTRYCODE=HU
186 LiveUpdate 2015-10-30 13:45:37 DELIVERY_FNAME=Kiss Jakab
186 LiveUpdate 2015-10-30 13:45:37 DELIVERY_LNAME=
186 LiveUpdate 2015-10-30 13:45:37 DELIVERY_PHONE=80-70605040
186 LiveUpdate 2015-10-30 13:45:37 DELIVERY_ADDRESS=333
186 LiveUpdate 2015-10-30 13:45:37 DELIVERY_ZIPCODE=ss
186 LiveUpdate 2015-10-30 13:45:37 DELIVERY_CITY=	Abádszalók	
186 LiveUpdate 2015-10-30 13:45:37 DELIVERY_STATE=Hungary
186 LiveUpdate 2015-10-30 13:45:37 DELIVERY_COUNTRYCODE=HU
186 LiveUpdate 2015-10-30 13:45:37 ORDER_HASH=bb6e39fe51d27111017135a069508747
186 LiveUpdate 2015-10-30 13:55:25 MERCHANT=P143901
186 LiveUpdate 2015-10-30 13:55:25 ORDER_REF=186
186 LiveUpdate 2015-10-30 13:55:25 ORDER_DATE=2015-10-30 13:55:25
186 LiveUpdate 2015-10-30 13:55:25 ORDER_PNAME=Traktor bárszék
186 LiveUpdate 2015-10-30 13:55:25 ORDER_PNAME=Traktor bárszék
186 LiveUpdate 2015-10-30 13:55:25 ORDER_PCODE=9
186 LiveUpdate 2015-10-30 13:55:25 ORDER_PCODE=9
186 LiveUpdate 2015-10-30 13:55:25 ORDER_PINFO=szín: narancs
186 LiveUpdate 2015-10-30 13:55:25 ORDER_PINFO=szín: zöld
186 LiveUpdate 2015-10-30 13:55:25 ORDER_PRICE=32000
186 LiveUpdate 2015-10-30 13:55:25 ORDER_PRICE=32000
186 LiveUpdate 2015-10-30 13:55:25 ORDER_QTY=1
186 LiveUpdate 2015-10-30 13:55:25 ORDER_QTY=1
186 LiveUpdate 2015-10-30 13:55:25 ORDER_VAT=0
186 LiveUpdate 2015-10-30 13:55:25 ORDER_VAT=0
186 LiveUpdate 2015-10-30 13:55:25 PRICES_CURRENCY=HUF
186 LiveUpdate 2015-10-30 13:55:25 ORDER_SHIPPING=4100
186 LiveUpdate 2015-10-30 13:55:25 DISCOUNT=0
186 LiveUpdate 2015-10-30 13:55:25 PAY_METHOD=CCVISAMC
186 LiveUpdate 2015-10-30 13:55:25 LANGUAGE=HU
186 LiveUpdate 2015-10-30 13:55:25 AUTOMODE=1
186 LiveUpdate 2015-10-30 13:55:25 ORDER_TIMEOUT=300
186 LiveUpdate 2015-10-30 13:55:25 TIMEOUT_URL=http://bazibazar.local/penztar/fizetes_sikertelen
186 LiveUpdate 2015-10-30 13:55:25 BACK_REF=http://bazibazar.local/penztar/sikeres_fizetes
186 LiveUpdate 2015-10-30 13:55:25 BILL_FNAME=Kiss
186 LiveUpdate 2015-10-30 13:55:25 BILL_LNAME=Jakab
186 LiveUpdate 2015-10-30 13:55:25 BILL_EMAIL=web@effektivart.hu
186 LiveUpdate 2015-10-30 13:55:25 BILL_PHONE=80-70605040
186 LiveUpdate 2015-10-30 13:55:25 BILL_ADDRESS=333
186 LiveUpdate 2015-10-30 13:55:25 BILL_ZIPCODE=ss
186 LiveUpdate 2015-10-30 13:55:25 BILL_CITY=	Abádszalók	
186 LiveUpdate 2015-10-30 13:55:25 BILL_STATE=Hungary
186 LiveUpdate 2015-10-30 13:55:25 BILL_COUNTRYCODE=HU
186 LiveUpdate 2015-10-30 13:55:25 DELIVERY_FNAME=Kiss Jakab
186 LiveUpdate 2015-10-30 13:55:25 DELIVERY_LNAME=
186 LiveUpdate 2015-10-30 13:55:25 DELIVERY_PHONE=80-70605040
186 LiveUpdate 2015-10-30 13:55:25 DELIVERY_ADDRESS=333
186 LiveUpdate 2015-10-30 13:55:25 DELIVERY_ZIPCODE=ss
186 LiveUpdate 2015-10-30 13:55:25 DELIVERY_CITY=	Abádszalók	
186 LiveUpdate 2015-10-30 13:55:25 DELIVERY_STATE=Hungary
186 LiveUpdate 2015-10-30 13:55:25 DELIVERY_COUNTRYCODE=HU
186 LiveUpdate 2015-10-30 13:55:25 ORDER_HASH=6d9c98e95357372415fa06c7b5de893e
186 LiveUpdate 2015-10-30 13:56:07 MERCHANT=P143901
186 LiveUpdate 2015-10-30 13:56:07 ORDER_REF=186
186 LiveUpdate 2015-10-30 13:56:07 ORDER_DATE=2015-10-30 13:56:07
186 LiveUpdate 2015-10-30 13:56:07 ORDER_PNAME=Traktor bárszék
186 LiveUpdate 2015-10-30 13:56:07 ORDER_PNAME=Kis zöld üveg
186 LiveUpdate 2015-10-30 13:56:07 ORDER_PCODE=9
186 LiveUpdate 2015-10-30 13:56:07 ORDER_PCODE=8
186 LiveUpdate 2015-10-30 13:56:07 ORDER_PINFO=szín: narancs
186 LiveUpdate 2015-10-30 13:56:07 ORDER_PRICE=32000
186 LiveUpdate 2015-10-30 13:56:07 ORDER_PRICE=6000
186 LiveUpdate 2015-10-30 13:56:07 ORDER_QTY=1
186 LiveUpdate 2015-10-30 13:56:07 ORDER_QTY=1
186 LiveUpdate 2015-10-30 13:56:07 ORDER_VAT=0
186 LiveUpdate 2015-10-30 13:56:07 ORDER_VAT=0
186 LiveUpdate 2015-10-30 13:56:07 PRICES_CURRENCY=HUF
186 LiveUpdate 2015-10-30 13:56:07 ORDER_SHIPPING=4100
186 LiveUpdate 2015-10-30 13:56:07 DISCOUNT=0
186 LiveUpdate 2015-10-30 13:56:07 PAY_METHOD=CCVISAMC
186 LiveUpdate 2015-10-30 13:56:07 LANGUAGE=HU
186 LiveUpdate 2015-10-30 13:56:07 AUTOMODE=1
186 LiveUpdate 2015-10-30 13:56:07 ORDER_TIMEOUT=300
186 LiveUpdate 2015-10-30 13:56:07 TIMEOUT_URL=http://bazibazar.local/penztar/fizetes_sikertelen
186 LiveUpdate 2015-10-30 13:56:07 BACK_REF=http://bazibazar.local/penztar/sikeres_fizetes
186 LiveUpdate 2015-10-30 13:56:07 BILL_FNAME=Kiss
186 LiveUpdate 2015-10-30 13:56:07 BILL_LNAME=Jakab
186 LiveUpdate 2015-10-30 13:56:07 BILL_EMAIL=web@effektivart.hu
186 LiveUpdate 2015-10-30 13:56:07 BILL_PHONE=80-70605040
186 LiveUpdate 2015-10-30 13:56:07 BILL_ADDRESS=333
186 LiveUpdate 2015-10-30 13:56:07 BILL_ZIPCODE=ss
186 LiveUpdate 2015-10-30 13:56:07 BILL_CITY=	Abádszalók	
186 LiveUpdate 2015-10-30 13:56:07 BILL_STATE=Hungary
186 LiveUpdate 2015-10-30 13:56:07 BILL_COUNTRYCODE=HU
186 LiveUpdate 2015-10-30 13:56:07 DELIVERY_FNAME=Kiss Jakab
186 LiveUpdate 2015-10-30 13:56:07 DELIVERY_LNAME=
186 LiveUpdate 2015-10-30 13:56:07 DELIVERY_PHONE=80-70605040
186 LiveUpdate 2015-10-30 13:56:07 DELIVERY_ADDRESS=333
186 LiveUpdate 2015-10-30 13:56:07 DELIVERY_ZIPCODE=ss
186 LiveUpdate 2015-10-30 13:56:07 DELIVERY_CITY=	Abádszalók	
186 LiveUpdate 2015-10-30 13:56:07 DELIVERY_STATE=Hungary
186 LiveUpdate 2015-10-30 13:56:07 DELIVERY_COUNTRYCODE=HU
186 LiveUpdate 2015-10-30 13:56:07 ORDER_HASH=816cee92930d2884e5e5e5503d71c2c3
186 LiveUpdate 2015-10-30 14:28:49 MERCHANT=P143901
186 LiveUpdate 2015-10-30 14:28:49 ORDER_REF=186
186 LiveUpdate 2015-10-30 14:28:49 ORDER_DATE=2015-10-30 14:28:49
186 LiveUpdate 2015-10-30 14:28:49 ORDER_PNAME=Traktor bárszék
186 LiveUpdate 2015-10-30 14:28:49 ORDER_PNAME=Traktor bárszék
186 LiveUpdate 2015-10-30 14:28:49 ORDER_PCODE=9
186 LiveUpdate 2015-10-30 14:28:49 ORDER_PCODE=9
186 LiveUpdate 2015-10-30 14:28:49 ORDER_PINFO=szín: narancs
186 LiveUpdate 2015-10-30 14:28:49 ORDER_PINFO=szín: piros
186 LiveUpdate 2015-10-30 14:28:49 ORDER_PRICE=32000
186 LiveUpdate 2015-10-30 14:28:49 ORDER_PRICE=32000
186 LiveUpdate 2015-10-30 14:28:49 ORDER_QTY=1
186 LiveUpdate 2015-10-30 14:28:49 ORDER_QTY=1
186 LiveUpdate 2015-10-30 14:28:49 ORDER_VAT=0
186 LiveUpdate 2015-10-30 14:28:49 ORDER_VAT=0
186 LiveUpdate 2015-10-30 14:28:49 PRICES_CURRENCY=HUF
186 LiveUpdate 2015-10-30 14:28:49 ORDER_SHIPPING=4100
186 LiveUpdate 2015-10-30 14:28:49 DISCOUNT=0
186 LiveUpdate 2015-10-30 14:28:49 PAY_METHOD=CCVISAMC
186 LiveUpdate 2015-10-30 14:28:49 LANGUAGE=HU
186 LiveUpdate 2015-10-30 14:28:49 AUTOMODE=1
186 LiveUpdate 2015-10-30 14:28:49 ORDER_TIMEOUT=300
186 LiveUpdate 2015-10-30 14:28:49 TIMEOUT_URL=http://bazibazar.local/penztar/fizetes_sikertelen
186 LiveUpdate 2015-10-30 14:28:49 BACK_REF=http://bazibazar.local/penztar/sikeres_fizetes
186 LiveUpdate 2015-10-30 14:28:49 BILL_FNAME=Kiss
186 LiveUpdate 2015-10-30 14:28:49 BILL_LNAME=Jakab
186 LiveUpdate 2015-10-30 14:28:49 BILL_EMAIL=web@effektivart.hu
186 LiveUpdate 2015-10-30 14:28:49 BILL_PHONE=80-70605040
186 LiveUpdate 2015-10-30 14:28:49 BILL_ADDRESS=333
186 LiveUpdate 2015-10-30 14:28:49 BILL_ZIPCODE=ss
186 LiveUpdate 2015-10-30 14:28:49 BILL_CITY=	Abádszalók	
186 LiveUpdate 2015-10-30 14:28:49 BILL_STATE=Hungary
186 LiveUpdate 2015-10-30 14:28:49 BILL_COUNTRYCODE=HU
186 LiveUpdate 2015-10-30 14:28:49 DELIVERY_FNAME=Kiss Jakab
186 LiveUpdate 2015-10-30 14:28:49 DELIVERY_LNAME=
186 LiveUpdate 2015-10-30 14:28:49 DELIVERY_PHONE=80-70605040
186 LiveUpdate 2015-10-30 14:28:49 DELIVERY_ADDRESS=333
186 LiveUpdate 2015-10-30 14:28:49 DELIVERY_ZIPCODE=ss
186 LiveUpdate 2015-10-30 14:28:49 DELIVERY_CITY=	Abádszalók	
186 LiveUpdate 2015-10-30 14:28:49 DELIVERY_STATE=Hungary
186 LiveUpdate 2015-10-30 14:28:49 DELIVERY_COUNTRYCODE=HU
186 LiveUpdate 2015-10-30 14:28:49 ORDER_HASH=60b9333894253ffd05cd237939e31eb8
186 LiveUpdate 2015-10-30 14:30:58 MERCHANT=P143901
186 LiveUpdate 2015-10-30 14:30:58 ORDER_REF=186
186 LiveUpdate 2015-10-30 14:30:58 ORDER_DATE=2015-10-30 14:30:58
186 LiveUpdate 2015-10-30 14:30:58 ORDER_PNAME=Traktor bárszék
186 LiveUpdate 2015-10-30 14:30:58 ORDER_PNAME=Traktor bárszék
186 LiveUpdate 2015-10-30 14:30:58 ORDER_PCODE=cbaa7b52d47901cb26547fe49ad2f5b5
186 LiveUpdate 2015-10-30 14:30:58 ORDER_PCODE=c0a7dd5cd6cbfbd4c929ac8402304f7d
186 LiveUpdate 2015-10-30 14:30:58 ORDER_PINFO=szín: narancs
186 LiveUpdate 2015-10-30 14:30:58 ORDER_PINFO=szín: piros
186 LiveUpdate 2015-10-30 14:30:58 ORDER_PRICE=32000
186 LiveUpdate 2015-10-30 14:30:58 ORDER_PRICE=32000
186 LiveUpdate 2015-10-30 14:30:58 ORDER_QTY=1
186 LiveUpdate 2015-10-30 14:30:58 ORDER_QTY=1
186 LiveUpdate 2015-10-30 14:30:58 ORDER_VAT=0
186 LiveUpdate 2015-10-30 14:30:58 ORDER_VAT=0
186 LiveUpdate 2015-10-30 14:30:58 PRICES_CURRENCY=HUF
186 LiveUpdate 2015-10-30 14:30:58 ORDER_SHIPPING=4100
186 LiveUpdate 2015-10-30 14:30:58 DISCOUNT=0
186 LiveUpdate 2015-10-30 14:30:58 PAY_METHOD=CCVISAMC
186 LiveUpdate 2015-10-30 14:30:58 LANGUAGE=HU
186 LiveUpdate 2015-10-30 14:30:58 AUTOMODE=1
186 LiveUpdate 2015-10-30 14:30:58 ORDER_TIMEOUT=300
186 LiveUpdate 2015-10-30 14:30:58 TIMEOUT_URL=http://bazibazar.local/penztar/fizetes_sikertelen
186 LiveUpdate 2015-10-30 14:30:58 BACK_REF=http://bazibazar.local/penztar/sikeres_fizetes
186 LiveUpdate 2015-10-30 14:30:58 BILL_FNAME=Kiss
186 LiveUpdate 2015-10-30 14:30:58 BILL_LNAME=Jakab
186 LiveUpdate 2015-10-30 14:30:58 BILL_EMAIL=web@effektivart.hu
186 LiveUpdate 2015-10-30 14:30:58 BILL_PHONE=80-70605040
186 LiveUpdate 2015-10-30 14:30:58 BILL_ADDRESS=333
186 LiveUpdate 2015-10-30 14:30:58 BILL_ZIPCODE=ss
186 LiveUpdate 2015-10-30 14:30:58 BILL_CITY=	Abádszalók	
186 LiveUpdate 2015-10-30 14:30:58 BILL_STATE=Hungary
186 LiveUpdate 2015-10-30 14:30:58 BILL_COUNTRYCODE=HU
186 LiveUpdate 2015-10-30 14:30:58 DELIVERY_FNAME=Kiss Jakab
186 LiveUpdate 2015-10-30 14:30:58 DELIVERY_LNAME=
186 LiveUpdate 2015-10-30 14:30:58 DELIVERY_PHONE=80-70605040
186 LiveUpdate 2015-10-30 14:30:58 DELIVERY_ADDRESS=333
186 LiveUpdate 2015-10-30 14:30:58 DELIVERY_ZIPCODE=ss
186 LiveUpdate 2015-10-30 14:30:58 DELIVERY_CITY=	Abádszalók	
186 LiveUpdate 2015-10-30 14:30:58 DELIVERY_STATE=Hungary
186 LiveUpdate 2015-10-30 14:30:58 DELIVERY_COUNTRYCODE=HU
186 LiveUpdate 2015-10-30 14:30:58 ORDER_HASH=61f54e9dd8898dc5ce49883ca7c588e0
