52 LiveUpdate 2016-02-16 10:54:56 MERCHANT=S005801
52 LiveUpdate 2016-02-16 10:54:56 ORDER_REF=52
52 LiveUpdate 2016-02-16 10:54:56 ORDER_DATE=2016-02-16 10:54:56
52 LiveUpdate 2016-02-16 10:54:56 ORDER_PNAME= Gerda cilinderbetét
52 LiveUpdate 2016-02-16 10:54:56 ORDER_PCODE=9b6a43836ab0a08840816a8ea76a4885
52 LiveUpdate 2016-02-16 10:54:56 ORDER_PINFO=Cikkszám: T-0301, Cilinder mérete: 30/45
52 LiveUpdate 2016-02-16 10:54:56 ORDER_PRICE=3333
52 LiveUpdate 2016-02-16 10:54:56 ORDER_QTY=1
52 LiveUpdate 2016-02-16 10:54:56 ORDER_VAT=0
52 LiveUpdate 2016-02-16 10:54:56 PRICES_CURRENCY=HUF
52 LiveUpdate 2016-02-16 10:54:56 ORDER_SHIPPING=12700
52 LiveUpdate 2016-02-16 10:54:56 DISCOUNT=0
52 LiveUpdate 2016-02-16 10:54:56 PAY_METHOD=CCVISAMC
52 LiveUpdate 2016-02-16 10:54:56 LANGUAGE=HU
52 LiveUpdate 2016-02-16 10:54:56 AUTOMODE=1
52 LiveUpdate 2016-02-16 10:54:56 ORDER_TIMEOUT=300
52 LiveUpdate 2016-02-16 10:54:56 TIMEOUT_URL=http://ajtowebshop.local/penztar/fizetes_sikertelen
52 LiveUpdate 2016-02-16 10:54:56 BACK_REF=http://ajtowebshop.local/penztar/megrendelve/kartya
52 LiveUpdate 2016-02-16 10:54:56 BILL_FNAME=Gazda
52 LiveUpdate 2016-02-16 10:54:56 BILL_LNAME=Gergely
52 LiveUpdate 2016-02-16 10:54:56 BILL_EMAIL=aaaa@bbbb.ccq
52 LiveUpdate 2016-02-16 10:54:56 BILL_PHONE=4444
52 LiveUpdate 2016-02-16 10:54:56 BILL_ADDRESS=Vaskapu u. 20
52 LiveUpdate 2016-02-16 10:54:56 BILL_ZIPCODE=1097
52 LiveUpdate 2016-02-16 10:54:56 BILL_CITY=Budapest
52 LiveUpdate 2016-02-16 10:54:56 BILL_STATE=Hungary
52 LiveUpdate 2016-02-16 10:54:56 BILL_COUNTRYCODE=HU
52 LiveUpdate 2016-02-16 10:54:56 DELIVERY_FNAME=Gazda Gergely
52 LiveUpdate 2016-02-16 10:54:56 DELIVERY_LNAME=
52 LiveUpdate 2016-02-16 10:54:56 DELIVERY_PHONE=4444
52 LiveUpdate 2016-02-16 10:54:56 DELIVERY_ADDRESS=Vaskapu u. 20
52 LiveUpdate 2016-02-16 10:54:56 DELIVERY_ZIPCODE=1097
52 LiveUpdate 2016-02-16 10:54:56 DELIVERY_CITY=Budapest
52 LiveUpdate 2016-02-16 10:54:56 DELIVERY_STATE=Hungary
52 LiveUpdate 2016-02-16 10:54:56 DELIVERY_COUNTRYCODE=HU
52 LiveUpdate 2016-02-16 10:54:56 ORDER_HASH=923e141093a53d5a110cc0abe1fa5e45
52 BackRef 2016-02-16 10:55:07 order_ref=52
52 BackRef 2016-02-16 10:55:07 order_currency=HUF
52 BackRef 2016-02-16 10:55:07 RC=000
52 BackRef 2016-02-16 10:55:07 RT=000 | OK
52 BackRef 2016-02-16 10:55:07 3dsecure=NO
52 BackRef 2016-02-16 10:55:07 date=2016-02-16 11:54:55
52 BackRef 2016-02-16 10:55:07 payrefno=99010995
52 BackRef 2016-02-16 10:55:07 ctrl=1fe89cc66369c332d9e40c16bcaf2c62
52 BackStatus 2016-02-16 10:55:08 BACKREF_DATE=2016-02-16 11:54:55
52 BackStatus 2016-02-16 10:55:08 REFNOEXT=52
52 BackStatus 2016-02-16 10:55:08 PAYREFNO=99010995
52 BackStatus 2016-02-16 10:55:08 ORDER_STATUS=N/A
52 BackStatus 2016-02-16 10:55:08 PAYMETHOD=N/A
52 BackStatus 2016-02-16 10:55:08 RESULT=
55 LiveUpdate 2016-02-16 11:14:49 MERCHANT=S005801
55 LiveUpdate 2016-02-16 11:14:49 ORDER_REF=55
55 LiveUpdate 2016-02-16 11:14:49 ORDER_DATE=2016-02-16 11:14:49
55 LiveUpdate 2016-02-16 11:14:49 ORDER_PNAME= Gerda cilinderbetét
55 LiveUpdate 2016-02-16 11:14:49 ORDER_PCODE=9b6a43836ab0a08840816a8ea76a4885
55 LiveUpdate 2016-02-16 11:14:49 ORDER_PINFO=Cikkszám: T-0301, Cilinder mérete: 30/45
55 LiveUpdate 2016-02-16 11:14:49 ORDER_PRICE=3333
55 LiveUpdate 2016-02-16 11:14:49 ORDER_QTY=1
55 LiveUpdate 2016-02-16 11:14:49 ORDER_VAT=0
55 LiveUpdate 2016-02-16 11:14:49 PRICES_CURRENCY=HUF
55 LiveUpdate 2016-02-16 11:14:49 ORDER_SHIPPING=12700
55 LiveUpdate 2016-02-16 11:14:49 DISCOUNT=0
55 LiveUpdate 2016-02-16 11:14:49 PAY_METHOD=CCVISAMC
55 LiveUpdate 2016-02-16 11:14:49 LANGUAGE=HU
55 LiveUpdate 2016-02-16 11:14:49 AUTOMODE=1
55 LiveUpdate 2016-02-16 11:14:49 ORDER_TIMEOUT=300
55 LiveUpdate 2016-02-16 11:14:49 TIMEOUT_URL=http://ajtowebshop.local/penztar/fizetes_sikertelen
55 LiveUpdate 2016-02-16 11:14:49 BACK_REF=http://ajtowebshop.local/penztar/megrendelve/kartya
55 LiveUpdate 2016-02-16 11:14:49 BILL_FNAME=Gazda
55 LiveUpdate 2016-02-16 11:14:49 BILL_LNAME=Gergely
55 LiveUpdate 2016-02-16 11:14:49 BILL_EMAIL=web@effektivart.hu
55 LiveUpdate 2016-02-16 11:14:49 BILL_PHONE=+36705918530
55 LiveUpdate 2016-02-16 11:14:49 BILL_ADDRESS=Vaskapu u. 20
55 LiveUpdate 2016-02-16 11:14:49 BILL_ZIPCODE=1097
55 LiveUpdate 2016-02-16 11:14:49 BILL_CITY=Budapest
55 LiveUpdate 2016-02-16 11:14:49 BILL_STATE=Hungary
55 LiveUpdate 2016-02-16 11:14:49 BILL_COUNTRYCODE=HU
55 LiveUpdate 2016-02-16 11:14:49 DELIVERY_FNAME=Gazda Gergely
55 LiveUpdate 2016-02-16 11:14:49 DELIVERY_LNAME=
55 LiveUpdate 2016-02-16 11:14:49 DELIVERY_PHONE=+36705918530
55 LiveUpdate 2016-02-16 11:14:49 DELIVERY_ADDRESS=Vaskapu u. 20
55 LiveUpdate 2016-02-16 11:14:49 DELIVERY_ZIPCODE=1097
55 LiveUpdate 2016-02-16 11:14:49 DELIVERY_CITY=Budapest
55 LiveUpdate 2016-02-16 11:14:49 DELIVERY_STATE=Hungary
55 LiveUpdate 2016-02-16 11:14:49 DELIVERY_COUNTRYCODE=HU
55 LiveUpdate 2016-02-16 11:14:49 ORDER_HASH=531faaed5b4fb6546e74d61f54445aec
55 BackRef 2016-02-16 11:14:54 order_ref=55
55 BackRef 2016-02-16 11:14:54 order_currency=HUF
55 BackRef 2016-02-16 11:14:54 RC=000
55 BackRef 2016-02-16 11:14:54 RT=000 | OK
55 BackRef 2016-02-16 11:14:54 3dsecure=NO
55 BackRef 2016-02-16 11:14:54 date=2016-02-16 12:14:41
55 BackRef 2016-02-16 11:14:54 payrefno=99010997
55 BackRef 2016-02-16 11:14:54 ctrl=b67b837b7daa83bf381517756f520e01
55 BackStatus 2016-02-16 11:14:54 BACKREF_DATE=2016-02-16 12:14:41
55 BackStatus 2016-02-16 11:14:54 REFNOEXT=55
55 BackStatus 2016-02-16 11:14:54 PAYREFNO=99010997
55 BackStatus 2016-02-16 11:14:54 ORDER_STATUS=N/A
55 BackStatus 2016-02-16 11:14:54 PAYMETHOD=N/A
55 BackStatus 2016-02-16 11:14:54 RESULT=
56 LiveUpdate 2016-02-16 11:16:47 MERCHANT=S005801
56 LiveUpdate 2016-02-16 11:16:47 ORDER_REF=56
56 LiveUpdate 2016-02-16 11:16:47 ORDER_DATE=2016-02-16 11:16:47
56 LiveUpdate 2016-02-16 11:16:47 ORDER_PNAME= Gerda cilinderbetét
56 LiveUpdate 2016-02-16 11:16:47 ORDER_PCODE=9b6a43836ab0a08840816a8ea76a4885
56 LiveUpdate 2016-02-16 11:16:47 ORDER_PINFO=Cikkszám: T-0301, Cilinder mérete: 30/45
56 LiveUpdate 2016-02-16 11:16:47 ORDER_PRICE=3333
56 LiveUpdate 2016-02-16 11:16:47 ORDER_QTY=1
56 LiveUpdate 2016-02-16 11:16:47 ORDER_VAT=0
56 LiveUpdate 2016-02-16 11:16:47 PRICES_CURRENCY=HUF
56 LiveUpdate 2016-02-16 11:16:47 ORDER_SHIPPING=12700
56 LiveUpdate 2016-02-16 11:16:47 DISCOUNT=0
56 LiveUpdate 2016-02-16 11:16:47 PAY_METHOD=CCVISAMC
56 LiveUpdate 2016-02-16 11:16:47 LANGUAGE=HU
56 LiveUpdate 2016-02-16 11:16:47 AUTOMODE=1
56 LiveUpdate 2016-02-16 11:16:47 ORDER_TIMEOUT=300
56 LiveUpdate 2016-02-16 11:16:47 TIMEOUT_URL=http://ajtowebshop.local/penztar/fizetes_sikertelen
56 LiveUpdate 2016-02-16 11:16:47 BACK_REF=http://ajtowebshop.local/penztar/megrendelve/kartya
56 LiveUpdate 2016-02-16 11:16:47 BILL_FNAME=Gazda
56 LiveUpdate 2016-02-16 11:16:47 BILL_LNAME=Gergely
56 LiveUpdate 2016-02-16 11:16:47 BILL_EMAIL=aaaa@bbbb.ccq
56 LiveUpdate 2016-02-16 11:16:47 BILL_PHONE=4444
56 LiveUpdate 2016-02-16 11:16:47 BILL_ADDRESS=Vaskapu u. 20
56 LiveUpdate 2016-02-16 11:16:47 BILL_ZIPCODE=1097
56 LiveUpdate 2016-02-16 11:16:47 BILL_CITY=Budapest
56 LiveUpdate 2016-02-16 11:16:47 BILL_STATE=Hungary
56 LiveUpdate 2016-02-16 11:16:47 BILL_COUNTRYCODE=HU
56 LiveUpdate 2016-02-16 11:16:47 DELIVERY_FNAME=Gazda Gergely
56 LiveUpdate 2016-02-16 11:16:47 DELIVERY_LNAME=
56 LiveUpdate 2016-02-16 11:16:47 DELIVERY_PHONE=4444
56 LiveUpdate 2016-02-16 11:16:47 DELIVERY_ADDRESS=Vaskapu u. 20
56 LiveUpdate 2016-02-16 11:16:47 DELIVERY_ZIPCODE=1097
56 LiveUpdate 2016-02-16 11:16:47 DELIVERY_CITY=Budapest
56 LiveUpdate 2016-02-16 11:16:47 DELIVERY_STATE=Hungary
56 LiveUpdate 2016-02-16 11:16:47 DELIVERY_COUNTRYCODE=HU
56 LiveUpdate 2016-02-16 11:16:47 ORDER_HASH=e96a659a7ef787520dacc19f1c84bdda
56 BackRef 2016-02-16 11:16:52 order_ref=56
56 BackRef 2016-02-16 11:16:52 order_currency=HUF
56 BackRef 2016-02-16 11:16:52 RC=
56 BackRef 2016-02-16 11:16:52 RT= | NOK
56 BackRef 2016-02-16 11:16:52 3dsecure=NO
56 BackRef 2016-02-16 11:16:52 date=2016-02-16 12:16:40
56 BackRef 2016-02-16 11:16:52 payrefno=99010998
56 BackRef 2016-02-16 11:16:52 ctrl=edb002dd88216ad7aaed17fa93329cd8
56 BackStatus 2016-02-16 11:16:53 BACKREF_DATE=2016-02-16 12:16:40
56 BackStatus 2016-02-16 11:16:53 REFNOEXT=56
56 BackStatus 2016-02-16 11:16:53 PAYREFNO=99010998
56 BackStatus 2016-02-16 11:16:53 ORDER_STATUS=N/A
56 BackStatus 2016-02-16 11:16:53 PAYMETHOD=N/A
56 BackStatus 2016-02-16 11:16:53 RESULT=
