39 LiveUpdate 2016-02-09 15:28:34 MERCHANT=S005801
39 LiveUpdate 2016-02-09 15:28:34 ORDER_REF=39
39 LiveUpdate 2016-02-09 15:28:34 ORDER_DATE=2016-02-09 15:28:33
39 LiveUpdate 2016-02-09 15:28:34 ORDER_PNAME= Gerda TT ajtó
39 LiveUpdate 2016-02-09 15:28:34 ORDER_PCODE=8f9d479bbd87ff78e8457c0ef19ae159
39 LiveUpdate 2016-02-09 15:28:34 ORDER_PINFO=Cikkszám: A-TT-1001-B09, Méret: 90 x 210 cm, Minta: minta nélkül, Nyitásirány: balos, Szín: fehér
39 LiveUpdate 2016-02-09 15:28:34 ORDER_PRICE=149900
39 LiveUpdate 2016-02-09 15:28:34 ORDER_QTY=1
39 LiveUpdate 2016-02-09 15:28:34 ORDER_VAT=0
39 LiveUpdate 2016-02-09 15:28:34 PRICES_CURRENCY=HUF
39 LiveUpdate 2016-02-09 15:28:34 ORDER_SHIPPING=6562
39 LiveUpdate 2016-02-09 15:28:34 DISCOUNT=0
39 LiveUpdate 2016-02-09 15:28:34 PAY_METHOD=CCVISAMC
39 LiveUpdate 2016-02-09 15:28:34 LANGUAGE=HU
39 LiveUpdate 2016-02-09 15:28:34 AUTOMODE=1
39 LiveUpdate 2016-02-09 15:28:34 ORDER_TIMEOUT=300
39 LiveUpdate 2016-02-09 15:28:34 TIMEOUT_URL=http://ajtowebshop.local/penztar/fizetes_sikertelen
39 LiveUpdate 2016-02-09 15:28:34 BACK_REF=http://ajtowebshop.local/penztar/megrendelve/kartya
39 LiveUpdate 2016-02-09 15:28:34 BILL_FNAME=Gazda
39 LiveUpdate 2016-02-09 15:28:34 BILL_LNAME=Gergely
39 LiveUpdate 2016-02-09 15:28:34 BILL_EMAIL=web@effektivart.hu
39 LiveUpdate 2016-02-09 15:28:34 BILL_PHONE=80-70605040
39 LiveUpdate 2016-02-09 15:28:34 BILL_ADDRESS=Kuncsaft utca 77. II. em 4.
39 LiveUpdate 2016-02-09 15:28:34 BILL_ZIPCODE=1087
39 LiveUpdate 2016-02-09 15:28:34 BILL_CITY=Budapest
39 LiveUpdate 2016-02-09 15:28:34 BILL_STATE=Hungary
39 LiveUpdate 2016-02-09 15:28:34 BILL_COUNTRYCODE=HU
39 LiveUpdate 2016-02-09 15:28:34 DELIVERY_FNAME=Gazda Gergely
39 LiveUpdate 2016-02-09 15:28:34 DELIVERY_LNAME=
39 LiveUpdate 2016-02-09 15:28:34 DELIVERY_PHONE=80-70605040
39 LiveUpdate 2016-02-09 15:28:34 DELIVERY_ADDRESS=Kuncsaft utca 77. II. em 4.
39 LiveUpdate 2016-02-09 15:28:34 DELIVERY_ZIPCODE=1087
39 LiveUpdate 2016-02-09 15:28:34 DELIVERY_CITY=Budapest
39 LiveUpdate 2016-02-09 15:28:34 DELIVERY_STATE=Hungary
39 LiveUpdate 2016-02-09 15:28:34 DELIVERY_COUNTRYCODE=HU
39 LiveUpdate 2016-02-09 15:28:34 ORDER_HASH=e697b436bea38bc545213a6fcf750008
40 LiveUpdate 2016-02-09 15:29:52 MERCHANT=S005801
40 LiveUpdate 2016-02-09 15:29:52 ORDER_REF=40
40 LiveUpdate 2016-02-09 15:29:52 ORDER_DATE=2016-02-09 15:29:52
40 LiveUpdate 2016-02-09 15:29:52 ORDER_PNAME= Gerda TT ajtó
40 LiveUpdate 2016-02-09 15:29:52 ORDER_PCODE=8f9d479bbd87ff78e8457c0ef19ae159
40 LiveUpdate 2016-02-09 15:29:52 ORDER_PINFO=Cikkszám: A-TT-1001-B09, Méret: 90 x 210 cm, Minta: minta nélkül, Nyitásirány: balos, Szín: fehér
40 LiveUpdate 2016-02-09 15:29:52 ORDER_PRICE=149900
40 LiveUpdate 2016-02-09 15:29:52 ORDER_QTY=1
40 LiveUpdate 2016-02-09 15:29:52 ORDER_VAT=0
40 LiveUpdate 2016-02-09 15:29:52 PRICES_CURRENCY=HUF
40 LiveUpdate 2016-02-09 15:29:52 ORDER_SHIPPING=6562
40 LiveUpdate 2016-02-09 15:29:52 DISCOUNT=0
40 LiveUpdate 2016-02-09 15:29:52 PAY_METHOD=CCVISAMC
40 LiveUpdate 2016-02-09 15:29:52 LANGUAGE=HU
40 LiveUpdate 2016-02-09 15:29:52 AUTOMODE=1
40 LiveUpdate 2016-02-09 15:29:52 ORDER_TIMEOUT=300
40 LiveUpdate 2016-02-09 15:29:52 TIMEOUT_URL=http://ajtowebshop.local/penztar/fizetes_sikertelen
40 LiveUpdate 2016-02-09 15:29:52 BACK_REF=http://ajtowebshop.local/penztar/megrendelve/kartya
40 LiveUpdate 2016-02-09 15:29:52 BILL_FNAME=Gazda
40 LiveUpdate 2016-02-09 15:29:52 BILL_LNAME=Gergely
40 LiveUpdate 2016-02-09 15:29:52 BILL_EMAIL=web@effektivart.hu
40 LiveUpdate 2016-02-09 15:29:52 BILL_PHONE=80-70605040
40 LiveUpdate 2016-02-09 15:29:52 BILL_ADDRESS=Kuncsaft utca 77. II. em 4.
40 LiveUpdate 2016-02-09 15:29:52 BILL_ZIPCODE=1087
40 LiveUpdate 2016-02-09 15:29:52 BILL_CITY=Budapest
40 LiveUpdate 2016-02-09 15:29:52 BILL_STATE=Hungary
40 LiveUpdate 2016-02-09 15:29:52 BILL_COUNTRYCODE=HU
40 LiveUpdate 2016-02-09 15:29:52 DELIVERY_FNAME=Gazda Gergely
40 LiveUpdate 2016-02-09 15:29:52 DELIVERY_LNAME=
40 LiveUpdate 2016-02-09 15:29:52 DELIVERY_PHONE=80-70605040
40 LiveUpdate 2016-02-09 15:29:52 DELIVERY_ADDRESS=Kuncsaft utca 77. II. em 4.
40 LiveUpdate 2016-02-09 15:29:52 DELIVERY_ZIPCODE=1087
40 LiveUpdate 2016-02-09 15:29:52 DELIVERY_CITY=Budapest
40 LiveUpdate 2016-02-09 15:29:52 DELIVERY_STATE=Hungary
40 LiveUpdate 2016-02-09 15:29:52 DELIVERY_COUNTRYCODE=HU
40 LiveUpdate 2016-02-09 15:29:52 ORDER_HASH=da002a3e2b667a1f9502b916fd780e04
40 BackRef 2016-02-09 15:30:02 order_ref=40
40 BackRef 2016-02-09 15:30:02 order_currency=HUF
41 LiveUpdate 2016-02-09 15:36:47 MERCHANT=S005801
41 LiveUpdate 2016-02-09 15:36:47 ORDER_REF=41
41 LiveUpdate 2016-02-09 15:36:47 ORDER_DATE=2016-02-09 15:36:47
41 LiveUpdate 2016-02-09 15:36:47 ORDER_PNAME= Gerda TT ajtó
41 LiveUpdate 2016-02-09 15:36:47 ORDER_PCODE=8f9d479bbd87ff78e8457c0ef19ae159
41 LiveUpdate 2016-02-09 15:36:47 ORDER_PINFO=Cikkszám: A-TT-1001-B09, Méret: 90 x 210 cm, Minta: minta nélkül, Nyitásirány: balos, Szín: fehér
41 LiveUpdate 2016-02-09 15:36:47 ORDER_PRICE=149900
41 LiveUpdate 2016-02-09 15:36:47 ORDER_QTY=1
41 LiveUpdate 2016-02-09 15:36:47 ORDER_VAT=0
41 LiveUpdate 2016-02-09 15:36:47 PRICES_CURRENCY=HUF
41 LiveUpdate 2016-02-09 15:36:47 ORDER_SHIPPING=6562
41 LiveUpdate 2016-02-09 15:36:47 DISCOUNT=0
41 LiveUpdate 2016-02-09 15:36:47 PAY_METHOD=CCVISAMC
41 LiveUpdate 2016-02-09 15:36:47 LANGUAGE=HU
41 LiveUpdate 2016-02-09 15:36:47 AUTOMODE=1
41 LiveUpdate 2016-02-09 15:36:47 ORDER_TIMEOUT=300
41 LiveUpdate 2016-02-09 15:36:47 TIMEOUT_URL=http://ajtowebshop.local/penztar/fizetes_sikertelen
41 LiveUpdate 2016-02-09 15:36:47 BACK_REF=http://ajtowebshop.local/penztar/megrendelve/kartya
41 LiveUpdate 2016-02-09 15:36:47 BILL_FNAME=Gazda
41 LiveUpdate 2016-02-09 15:36:47 BILL_LNAME=Gergely
41 LiveUpdate 2016-02-09 15:36:47 BILL_EMAIL=web@effektivart.hu
41 LiveUpdate 2016-02-09 15:36:47 BILL_PHONE=80-70605040
41 LiveUpdate 2016-02-09 15:36:47 BILL_ADDRESS=Kuncsaft utca 77. II. em 4.
41 LiveUpdate 2016-02-09 15:36:47 BILL_ZIPCODE=1087
41 LiveUpdate 2016-02-09 15:36:47 BILL_CITY=Budapest
41 LiveUpdate 2016-02-09 15:36:47 BILL_STATE=Hungary
41 LiveUpdate 2016-02-09 15:36:47 BILL_COUNTRYCODE=HU
41 LiveUpdate 2016-02-09 15:36:47 DELIVERY_FNAME=Gazda Gergely
41 LiveUpdate 2016-02-09 15:36:47 DELIVERY_LNAME=
41 LiveUpdate 2016-02-09 15:36:47 DELIVERY_PHONE=80-70605040
41 LiveUpdate 2016-02-09 15:36:47 DELIVERY_ADDRESS=Kuncsaft utca 77. II. em 4.
41 LiveUpdate 2016-02-09 15:36:47 DELIVERY_ZIPCODE=1087
41 LiveUpdate 2016-02-09 15:36:47 DELIVERY_CITY=Budapest
41 LiveUpdate 2016-02-09 15:36:47 DELIVERY_STATE=Hungary
41 LiveUpdate 2016-02-09 15:36:47 DELIVERY_COUNTRYCODE=HU
41 LiveUpdate 2016-02-09 15:36:47 ORDER_HASH=098047ba0f611d2bac02ea84c99e1733
41 BackRef 2016-02-09 15:36:52 order_ref=41
41 BackRef 2016-02-09 15:36:52 order_currency=HUF
41 BackRef 2016-02-09 15:36:52 RC=
41 BackRef 2016-02-09 15:36:52 RT= | NOK
41 BackRef 2016-02-09 15:36:52 3dsecure=NO
41 BackRef 2016-02-09 15:36:52 date=2016-02-09 16:36:51
41 BackRef 2016-02-09 15:36:52 payrefno=99010518
41 BackRef 2016-02-09 15:36:52 ctrl=cdd2b52084f3a23b1746ef072f4b86ff
41 BackStatus 2016-02-09 15:36:53 BACKREF_DATE=2016-02-09 16:36:51
41 BackStatus 2016-02-09 15:36:53 REFNOEXT=41
41 BackStatus 2016-02-09 15:36:53 PAYREFNO=99010518
41 BackStatus 2016-02-09 15:36:53 ORDER_STATUS=N/A
41 BackStatus 2016-02-09 15:36:53 PAYMETHOD=N/A
41 BackStatus 2016-02-09 15:36:53 RESULT=
42 LiveUpdate 2016-02-09 15:37:18 MERCHANT=S005801
42 LiveUpdate 2016-02-09 15:37:18 ORDER_REF=42
42 LiveUpdate 2016-02-09 15:37:18 ORDER_DATE=2016-02-09 15:37:18
42 LiveUpdate 2016-02-09 15:37:18 ORDER_PNAME= Gerda TT ajtó
42 LiveUpdate 2016-02-09 15:37:18 ORDER_PCODE=8f9d479bbd87ff78e8457c0ef19ae159
42 LiveUpdate 2016-02-09 15:37:18 ORDER_PINFO=Cikkszám: A-TT-1001-B09, Méret: 90 x 210 cm, Minta: minta nélkül, Nyitásirány: balos, Szín: fehér
42 LiveUpdate 2016-02-09 15:37:18 ORDER_PRICE=149900
42 LiveUpdate 2016-02-09 15:37:18 ORDER_QTY=1
42 LiveUpdate 2016-02-09 15:37:18 ORDER_VAT=0
42 LiveUpdate 2016-02-09 15:37:18 PRICES_CURRENCY=HUF
42 LiveUpdate 2016-02-09 15:37:18 ORDER_SHIPPING=6562
42 LiveUpdate 2016-02-09 15:37:18 DISCOUNT=0
42 LiveUpdate 2016-02-09 15:37:18 PAY_METHOD=CCVISAMC
42 LiveUpdate 2016-02-09 15:37:18 LANGUAGE=HU
42 LiveUpdate 2016-02-09 15:37:18 AUTOMODE=1
42 LiveUpdate 2016-02-09 15:37:18 ORDER_TIMEOUT=300
42 LiveUpdate 2016-02-09 15:37:18 TIMEOUT_URL=http://ajtowebshop.local/penztar/fizetes_sikertelen
42 LiveUpdate 2016-02-09 15:37:18 BACK_REF=http://ajtowebshop.local/penztar/megrendelve/kartya
42 LiveUpdate 2016-02-09 15:37:18 BILL_FNAME=Gazda
42 LiveUpdate 2016-02-09 15:37:18 BILL_LNAME=Gergely
42 LiveUpdate 2016-02-09 15:37:18 BILL_EMAIL=web@effektivart.hu
42 LiveUpdate 2016-02-09 15:37:18 BILL_PHONE=80-70605040
42 LiveUpdate 2016-02-09 15:37:18 BILL_ADDRESS=Kuncsaft utca 77. II. em 4.
42 LiveUpdate 2016-02-09 15:37:18 BILL_ZIPCODE=1087
42 LiveUpdate 2016-02-09 15:37:18 BILL_CITY=Budapest
42 LiveUpdate 2016-02-09 15:37:18 BILL_STATE=Hungary
42 LiveUpdate 2016-02-09 15:37:18 BILL_COUNTRYCODE=HU
42 LiveUpdate 2016-02-09 15:37:18 DELIVERY_FNAME=Gazda Gergely
42 LiveUpdate 2016-02-09 15:37:18 DELIVERY_LNAME=
42 LiveUpdate 2016-02-09 15:37:18 DELIVERY_PHONE=80-70605040
42 LiveUpdate 2016-02-09 15:37:18 DELIVERY_ADDRESS=Kuncsaft utca 77. II. em 4.
42 LiveUpdate 2016-02-09 15:37:18 DELIVERY_ZIPCODE=1087
42 LiveUpdate 2016-02-09 15:37:18 DELIVERY_CITY=Budapest
42 LiveUpdate 2016-02-09 15:37:18 DELIVERY_STATE=Hungary
42 LiveUpdate 2016-02-09 15:37:18 DELIVERY_COUNTRYCODE=HU
42 LiveUpdate 2016-02-09 15:37:18 ORDER_HASH=20f3a50cdcd0e987c4e0f8f4fef36a48
42 BackRef 2016-02-09 15:37:22 order_ref=42
42 BackRef 2016-02-09 15:37:22 order_currency=HUF
42 BackRef 2016-02-09 15:37:22 RC=000
42 BackRef 2016-02-09 15:37:22 RT=000 | OK
42 BackRef 2016-02-09 15:37:22 3dsecure=NO
42 BackRef 2016-02-09 15:37:22 date=2016-02-09 16:37:21
42 BackRef 2016-02-09 15:37:22 payrefno=99010519
42 BackRef 2016-02-09 15:37:22 ctrl=8b0e164f0721cb05e943f14041a3ff89
42 BackStatus 2016-02-09 15:37:22 BACKREF_DATE=2016-02-09 16:37:21
42 BackStatus 2016-02-09 15:37:22 REFNOEXT=42
42 BackStatus 2016-02-09 15:37:22 PAYREFNO=99010519
42 BackStatus 2016-02-09 15:37:22 ORDER_STATUS=N/A
42 BackStatus 2016-02-09 15:37:22 PAYMETHOD=N/A
42 BackStatus 2016-02-09 15:37:22 RESULT=
