61 LiveUpdate 2016-02-18 14:05:56 MERCHANT=S005801
61 LiveUpdate 2016-02-18 14:05:56 ORDER_REF=61
61 LiveUpdate 2016-02-18 14:05:56 ORDER_DATE=2016-02-18 14:05:56
61 LiveUpdate 2016-02-18 14:05:56 ORDER_PNAME= HiSec ajtókilincs
61 LiveUpdate 2016-02-18 14:05:56 ORDER_PCODE=453dd79723f777d03b0dd6b1b21a04aa
61 LiveUpdate 2016-02-18 14:05:56 ORDER_PINFO=Cikkszám: T-0101, Típus: kilincs
61 LiveUpdate 2016-02-18 14:05:56 ORDER_PRICE=6249.67
61 LiveUpdate 2016-02-18 14:05:56 ORDER_QTY=1
61 LiveUpdate 2016-02-18 14:05:56 ORDER_VAT=0
61 LiveUpdate 2016-02-18 14:05:56 PRICES_CURRENCY=HUF
61 LiveUpdate 2016-02-18 14:05:56 ORDER_SHIPPING=0
61 LiveUpdate 2016-02-18 14:05:56 DISCOUNT=0
61 LiveUpdate 2016-02-18 14:05:56 PAY_METHOD=CCVISAMC
61 LiveUpdate 2016-02-18 14:05:56 LANGUAGE=HU
61 LiveUpdate 2016-02-18 14:05:56 AUTOMODE=1
61 LiveUpdate 2016-02-18 14:05:56 ORDER_TIMEOUT=300
61 LiveUpdate 2016-02-18 14:05:56 TIMEOUT_URL=http://ajtowebshop.local/penztar/fizetes_sikertelen
61 LiveUpdate 2016-02-18 14:05:56 BACK_REF=http://ajtowebshop.local/penztar/megrendelve/kartya
61 LiveUpdate 2016-02-18 14:05:56 BILL_FNAME=Gazda
61 LiveUpdate 2016-02-18 14:05:56 BILL_LNAME=Gergely
61 LiveUpdate 2016-02-18 14:05:56 BILL_EMAIL=web@effektivart.hu
61 LiveUpdate 2016-02-18 14:05:56 BILL_PHONE=4444
61 LiveUpdate 2016-02-18 14:05:56 BILL_ADDRESS=Vaskapu u. 20
61 LiveUpdate 2016-02-18 14:05:56 BILL_ZIPCODE=1097
61 LiveUpdate 2016-02-18 14:05:56 BILL_CITY=Budapest
61 LiveUpdate 2016-02-18 14:05:56 BILL_STATE=Hungary
61 LiveUpdate 2016-02-18 14:05:56 BILL_COUNTRYCODE=HU
61 LiveUpdate 2016-02-18 14:05:56 DELIVERY_FNAME=Gazda Gergely
61 LiveUpdate 2016-02-18 14:05:56 DELIVERY_LNAME=
61 LiveUpdate 2016-02-18 14:05:56 DELIVERY_PHONE=4444
61 LiveUpdate 2016-02-18 14:05:56 DELIVERY_ADDRESS=Vaskapu u. 20
61 LiveUpdate 2016-02-18 14:05:56 DELIVERY_ZIPCODE=1097
61 LiveUpdate 2016-02-18 14:05:56 DELIVERY_CITY=Budapest
61 LiveUpdate 2016-02-18 14:05:56 DELIVERY_STATE=Hungary
61 LiveUpdate 2016-02-18 14:05:56 DELIVERY_COUNTRYCODE=HU
61 LiveUpdate 2016-02-18 14:05:56 ORDER_HASH=ed3f8e8e809b72f2178d2edb7a638da7
61 BackRef 2016-02-18 14:06:07 order_ref=61
61 BackRef 2016-02-18 14:06:07 order_currency=HUF
61 BackRef 2016-02-18 14:06:07 RC=000
61 BackRef 2016-02-18 14:06:07 RT=000 | OK
61 BackRef 2016-02-18 14:06:07 3dsecure=NO
61 BackRef 2016-02-18 14:06:07 date=2016-02-18 15:05:53
61 BackRef 2016-02-18 14:06:07 payrefno=99011254
61 BackRef 2016-02-18 14:06:07 ctrl=741db2f0888752f779cce2fa0aa63ac4
61 BackStatus 2016-02-18 14:06:08 BACKREF_DATE=2016-02-18 15:05:53
61 BackStatus 2016-02-18 14:06:08 REFNOEXT=61
61 BackStatus 2016-02-18 14:06:08 PAYREFNO=99011254
61 BackStatus 2016-02-18 14:06:08 ORDER_STATUS=N/A
61 BackStatus 2016-02-18 14:06:08 PAYMETHOD=N/A
61 BackStatus 2016-02-18 14:06:08 RESULT=
