67 LiveUpdate 2016-03-10 14:15:52 MERCHANT=S005801
67 LiveUpdate 2016-03-10 14:15:52 ORDER_REF=67
67 LiveUpdate 2016-03-10 14:15:52 ORDER_DATE=2016-03-10 14:15:52
67 LiveUpdate 2016-03-10 14:15:52 ORDER_PNAME= HiSec ajtó kukucska
67 LiveUpdate 2016-03-10 14:15:52 ORDER_PCODE=1ee830fec21e8e0a4814ceaf1450ee91
67 LiveUpdate 2016-03-10 14:15:52 ORDER_PINFO=Cikkszám: T-0200
67 LiveUpdate 2016-03-10 14:15:52 ORDER_PRICE=3175
67 LiveUpdate 2016-03-10 14:15:52 ORDER_QTY=1
67 LiveUpdate 2016-03-10 14:15:52 ORDER_VAT=0
67 LiveUpdate 2016-03-10 14:15:52 PRICES_CURRENCY=HUF
67 LiveUpdate 2016-03-10 14:15:52 ORDER_SHIPPING=909
67 LiveUpdate 2016-03-10 14:15:52 DISCOUNT=0
67 LiveUpdate 2016-03-10 14:15:52 PAY_METHOD=CCVISAMC
67 LiveUpdate 2016-03-10 14:15:52 LANGUAGE=HU
67 LiveUpdate 2016-03-10 14:15:52 AUTOMODE=1
67 LiveUpdate 2016-03-10 14:15:52 ORDER_TIMEOUT=300
67 LiveUpdate 2016-03-10 14:15:52 TIMEOUT_URL=http://ajtowebshop.local/penztar/fizetes_sikertelen
67 LiveUpdate 2016-03-10 14:15:52 BACK_REF=http://ajtowebshop.local/penztar/megrendelve/kartya
67 LiveUpdate 2016-03-10 14:15:52 BILL_FNAME=Gazda
67 LiveUpdate 2016-03-10 14:15:52 BILL_LNAME=Gergely
67 LiveUpdate 2016-03-10 14:15:52 BILL_EMAIL=web@effektivart.hu
67 LiveUpdate 2016-03-10 14:15:52 BILL_PHONE=704361221
67 LiveUpdate 2016-03-10 14:15:52 BILL_ADDRESS=Vaskapu u. 20
67 LiveUpdate 2016-03-10 14:15:52 BILL_ZIPCODE=1097
67 LiveUpdate 2016-03-10 14:15:52 BILL_CITY=Budapest
67 LiveUpdate 2016-03-10 14:15:52 BILL_STATE=Hungary
67 LiveUpdate 2016-03-10 14:15:52 BILL_COUNTRYCODE=HU
67 LiveUpdate 2016-03-10 14:15:52 DELIVERY_FNAME=Gazda Gergely
67 LiveUpdate 2016-03-10 14:15:52 DELIVERY_LNAME=
67 LiveUpdate 2016-03-10 14:15:52 DELIVERY_PHONE=704361221
67 LiveUpdate 2016-03-10 14:15:52 DELIVERY_ADDRESS=Vaskapu u. 20
67 LiveUpdate 2016-03-10 14:15:52 DELIVERY_ZIPCODE=1097
67 LiveUpdate 2016-03-10 14:15:52 DELIVERY_CITY=Budapest
67 LiveUpdate 2016-03-10 14:15:52 DELIVERY_STATE=Hungary
67 LiveUpdate 2016-03-10 14:15:52 DELIVERY_COUNTRYCODE=HU
67 LiveUpdate 2016-03-10 14:15:52 ORDER_HASH=f9e757146e557ece540cfa3fe8d78c94
67 BackRef 2016-03-10 14:16:06 order_ref=67
67 BackRef 2016-03-10 14:16:06 order_currency=HUF
