58 LiveUpdate 2016-02-17 03:24:53 MERCHANT=S005801
58 LiveUpdate 2016-02-17 03:24:53 ORDER_REF=58
58 LiveUpdate 2016-02-17 03:24:53 ORDER_DATE=2016-02-17 03:24:53
58 LiveUpdate 2016-02-17 03:24:53 ORDER_PNAME= HiSec ajtó kukucska
58 LiveUpdate 2016-02-17 03:24:53 ORDER_PNAME= Gerda cilinderbetét
58 LiveUpdate 2016-02-17 03:24:53 ORDER_PNAME= Gerda cilinderbetét
58 LiveUpdate 2016-02-17 03:24:53 ORDER_PCODE=1ee830fec21e8e0a4814ceaf1450ee91
58 LiveUpdate 2016-02-17 03:24:53 ORDER_PCODE=76da35cecf587f41ad8be462512e7125
58 LiveUpdate 2016-02-17 03:24:53 ORDER_PCODE=9b6a43836ab0a08840816a8ea76a4885
58 LiveUpdate 2016-02-17 03:24:53 ORDER_PINFO=Cikkszám: T-0200
58 LiveUpdate 2016-02-17 03:24:53 ORDER_PINFO=Cikkszám: T-0302, Cilinder mérete: 35/50
58 LiveUpdate 2016-02-17 03:24:53 ORDER_PINFO=Cikkszám: T-0301, Cilinder mérete: 30/45
58 LiveUpdate 2016-02-17 03:24:53 ORDER_PRICE=4032.25
58 LiveUpdate 2016-02-17 03:24:53 ORDER_PRICE=4455
58 LiveUpdate 2016-02-17 03:24:53 ORDER_PRICE=3333
58 LiveUpdate 2016-02-17 03:24:53 ORDER_QTY=1
58 LiveUpdate 2016-02-17 03:24:53 ORDER_QTY=1
58 LiveUpdate 2016-02-17 03:24:53 ORDER_QTY=2
58 LiveUpdate 2016-02-17 03:24:53 ORDER_VAT=0
58 LiveUpdate 2016-02-17 03:24:53 ORDER_VAT=0
58 LiveUpdate 2016-02-17 03:24:53 ORDER_VAT=0
58 LiveUpdate 2016-02-17 03:24:53 PRICES_CURRENCY=HUF
58 LiveUpdate 2016-02-17 03:24:53 ORDER_SHIPPING=50800
58 LiveUpdate 2016-02-17 03:24:53 DISCOUNT=0
58 LiveUpdate 2016-02-17 03:24:53 PAY_METHOD=CCVISAMC
58 LiveUpdate 2016-02-17 03:24:53 LANGUAGE=HU
58 LiveUpdate 2016-02-17 03:24:53 AUTOMODE=1
58 LiveUpdate 2016-02-17 03:24:53 ORDER_TIMEOUT=300
58 LiveUpdate 2016-02-17 03:24:53 TIMEOUT_URL=http://ajtowebshop.local/penztar/fizetes_sikertelen
58 LiveUpdate 2016-02-17 03:24:53 BACK_REF=http://ajtowebshop.local/penztar/megrendelve/kartya
58 LiveUpdate 2016-02-17 03:24:53 BILL_FNAME=Gazda
58 LiveUpdate 2016-02-17 03:24:53 BILL_LNAME=Gergely
58 LiveUpdate 2016-02-17 03:24:53 BILL_COMPANY=Proba kft
58 LiveUpdate 2016-02-17 03:24:53 BILL_EMAIL=web@effektivart.hu
58 LiveUpdate 2016-02-17 03:24:53 BILL_PHONE=+36705918530
58 LiveUpdate 2016-02-17 03:24:53 BILL_ADDRESS=Ceg utca 4
58 LiveUpdate 2016-02-17 03:24:53 BILL_ZIPCODE=1122
58 LiveUpdate 2016-02-17 03:24:53 BILL_CITY=	Apostag	
58 LiveUpdate 2016-02-17 03:24:53 BILL_STATE=Hungary
58 LiveUpdate 2016-02-17 03:24:53 BILL_COUNTRYCODE=HU
58 LiveUpdate 2016-02-17 03:24:53 DELIVERY_FNAME=Gazda Gergely
58 LiveUpdate 2016-02-17 03:24:53 DELIVERY_LNAME=
58 LiveUpdate 2016-02-17 03:24:53 DELIVERY_PHONE=+36705918530
58 LiveUpdate 2016-02-17 03:24:53 DELIVERY_ADDRESS=Vaskapu u. 20
58 LiveUpdate 2016-02-17 03:24:53 DELIVERY_ZIPCODE=1097
58 LiveUpdate 2016-02-17 03:24:53 DELIVERY_CITY=Budapest
58 LiveUpdate 2016-02-17 03:24:53 DELIVERY_STATE=Hungary
58 LiveUpdate 2016-02-17 03:24:53 DELIVERY_COUNTRYCODE=HU
58 LiveUpdate 2016-02-17 03:24:53 ORDER_HASH=c4e2485cfa0a2847379672e956706902
58 BackRef 2016-02-17 03:25:00 order_ref=58
58 BackRef 2016-02-17 03:25:00 order_currency=HUF
58 BackRef 2016-02-17 03:25:00 RC=000
58 BackRef 2016-02-17 03:25:00 RT=000 | OK
58 BackRef 2016-02-17 03:25:00 3dsecure=NO
58 BackRef 2016-02-17 03:25:00 date=2016-02-17 04:24:45
58 BackRef 2016-02-17 03:25:00 payrefno=99011082
58 BackRef 2016-02-17 03:25:00 ctrl=6c70fae6084369b9d8b81a67a952ec3c
58 BackStatus 2016-02-17 03:25:00 BACKREF_DATE=2016-02-17 04:24:45
58 BackStatus 2016-02-17 03:25:00 REFNOEXT=58
58 BackStatus 2016-02-17 03:25:00 PAYREFNO=99011082
58 BackStatus 2016-02-17 03:25:00 ORDER_STATUS=N/A
58 BackStatus 2016-02-17 03:25:00 PAYMETHOD=N/A
58 BackStatus 2016-02-17 03:25:00 RESULT=
