44 LiveUpdate 2016-02-11 13:30:29 MERCHANT=S005801
44 LiveUpdate 2016-02-11 13:30:29 ORDER_REF=44
44 LiveUpdate 2016-02-11 13:30:29 ORDER_DATE=2016-02-11 13:30:29
44 LiveUpdate 2016-02-11 13:30:29 ORDER_PNAME= Gerda TT ajtó
44 LiveUpdate 2016-02-11 13:30:29 ORDER_PCODE=8e291323f740d36bb9887d99c45ed344
44 LiveUpdate 2016-02-11 13:30:29 ORDER_PINFO=Cikkszám: A-TT-1001-B10, Méret: 100 x 210 cm, Minta: minta nélkül, Nyitásirány: balos, Szín: fehér
44 LiveUpdate 2016-02-11 13:30:29 ORDER_PRICE=149900
44 LiveUpdate 2016-02-11 13:30:29 ORDER_QTY=1
44 LiveUpdate 2016-02-11 13:30:29 ORDER_VAT=0
44 LiveUpdate 2016-02-11 13:30:29 PRICES_CURRENCY=HUF
44 LiveUpdate 2016-02-11 13:30:29 ORDER_SHIPPING=12700
44 LiveUpdate 2016-02-11 13:30:29 DISCOUNT=0
44 LiveUpdate 2016-02-11 13:30:29 PAY_METHOD=CCVISAMC
44 LiveUpdate 2016-02-11 13:30:29 LANGUAGE=HU
44 LiveUpdate 2016-02-11 13:30:29 AUTOMODE=1
44 LiveUpdate 2016-02-11 13:30:29 ORDER_TIMEOUT=300
44 LiveUpdate 2016-02-11 13:30:29 TIMEOUT_URL=http://ajtowebshop.local/penztar/fizetes_sikertelen
44 LiveUpdate 2016-02-11 13:30:29 BACK_REF=http://ajtowebshop.local/penztar/megrendelve/kartya
44 LiveUpdate 2016-02-11 13:30:29 BILL_FNAME=Gazda
44 LiveUpdate 2016-02-11 13:30:29 BILL_LNAME=Gergely
44 LiveUpdate 2016-02-11 13:30:29 BILL_EMAIL=web@effektivart.hu
44 LiveUpdate 2016-02-11 13:30:29 BILL_PHONE=80-70605040
44 LiveUpdate 2016-02-11 13:30:29 BILL_ADDRESS=Kuncsaft utca 77. II. em 4.
44 LiveUpdate 2016-02-11 13:30:29 BILL_ZIPCODE=1087
44 LiveUpdate 2016-02-11 13:30:29 BILL_CITY=Budapest
44 LiveUpdate 2016-02-11 13:30:29 BILL_STATE=Hungary
44 LiveUpdate 2016-02-11 13:30:29 BILL_COUNTRYCODE=HU
44 LiveUpdate 2016-02-11 13:30:29 DELIVERY_FNAME=Gazda Gergely
44 LiveUpdate 2016-02-11 13:30:29 DELIVERY_LNAME=
44 LiveUpdate 2016-02-11 13:30:29 DELIVERY_PHONE=80-70605040
44 LiveUpdate 2016-02-11 13:30:29 DELIVERY_ADDRESS=Kuncsaft utca 77. II. em 4.
44 LiveUpdate 2016-02-11 13:30:29 DELIVERY_ZIPCODE=1087
44 LiveUpdate 2016-02-11 13:30:29 DELIVERY_CITY=Budapest
44 LiveUpdate 2016-02-11 13:30:29 DELIVERY_STATE=Hungary
44 LiveUpdate 2016-02-11 13:30:29 DELIVERY_COUNTRYCODE=HU
44 LiveUpdate 2016-02-11 13:30:29 ORDER_HASH=29b2967b497c3b37bf3a2d46d5fd3d07
45 LiveUpdate 2016-02-11 13:37:57 MERCHANT=S005801
45 LiveUpdate 2016-02-11 13:37:57 ORDER_REF=45
45 LiveUpdate 2016-02-11 13:37:57 ORDER_DATE=2016-02-11 13:37:57
45 LiveUpdate 2016-02-11 13:37:57 ORDER_PNAME= Gerda TT ajtó
45 LiveUpdate 2016-02-11 13:37:57 ORDER_PCODE=8e291323f740d36bb9887d99c45ed344
45 LiveUpdate 2016-02-11 13:37:57 ORDER_PINFO=Cikkszám: A-TT-1001-B10, Méret: 100 x 210 cm, Minta: minta nélkül, Nyitásirány: balos, Szín: fehér
45 LiveUpdate 2016-02-11 13:37:57 ORDER_PRICE=149900
45 LiveUpdate 2016-02-11 13:37:57 ORDER_QTY=1
45 LiveUpdate 2016-02-11 13:37:57 ORDER_VAT=0
45 LiveUpdate 2016-02-11 13:37:57 PRICES_CURRENCY=HUF
45 LiveUpdate 2016-02-11 13:37:57 ORDER_SHIPPING=12700
45 LiveUpdate 2016-02-11 13:37:57 DISCOUNT=0
45 LiveUpdate 2016-02-11 13:37:57 PAY_METHOD=CCVISAMC
45 LiveUpdate 2016-02-11 13:37:57 LANGUAGE=HU
45 LiveUpdate 2016-02-11 13:37:57 AUTOMODE=1
45 LiveUpdate 2016-02-11 13:37:57 ORDER_TIMEOUT=300
45 LiveUpdate 2016-02-11 13:37:57 TIMEOUT_URL=http://ajtowebshop.local/penztar/fizetes_sikertelen
45 LiveUpdate 2016-02-11 13:37:57 BACK_REF=http://ajtowebshop.local/penztar/megrendelve/kartya
45 LiveUpdate 2016-02-11 13:37:57 BILL_FNAME=Gazda
45 LiveUpdate 2016-02-11 13:37:57 BILL_LNAME=Gergely
45 LiveUpdate 2016-02-11 13:37:57 BILL_EMAIL=web@effektivart.hu
45 LiveUpdate 2016-02-11 13:37:57 BILL_PHONE=80-70605040
45 LiveUpdate 2016-02-11 13:37:57 BILL_ADDRESS=Kuncsaft utca 77. II. em 4.
45 LiveUpdate 2016-02-11 13:37:57 BILL_ZIPCODE=1087
45 LiveUpdate 2016-02-11 13:37:57 BILL_CITY=Budapest
45 LiveUpdate 2016-02-11 13:37:57 BILL_STATE=Hungary
45 LiveUpdate 2016-02-11 13:37:57 BILL_COUNTRYCODE=HU
45 LiveUpdate 2016-02-11 13:37:57 DELIVERY_FNAME=Gazda Gergely
45 LiveUpdate 2016-02-11 13:37:57 DELIVERY_LNAME=
45 LiveUpdate 2016-02-11 13:37:57 DELIVERY_PHONE=80-70605040
45 LiveUpdate 2016-02-11 13:37:57 DELIVERY_ADDRESS=Kuncsaft utca 77. II. em 4.
45 LiveUpdate 2016-02-11 13:37:57 DELIVERY_ZIPCODE=1087
45 LiveUpdate 2016-02-11 13:37:57 DELIVERY_CITY=Budapest
45 LiveUpdate 2016-02-11 13:37:57 DELIVERY_STATE=Hungary
45 LiveUpdate 2016-02-11 13:37:57 DELIVERY_COUNTRYCODE=HU
45 LiveUpdate 2016-02-11 13:37:57 ORDER_HASH=94a56cb099f2c36dc8ae06730f9ad87b
45 LiveUpdate 2016-02-11 13:40:24 MERCHANT=S005801
45 LiveUpdate 2016-02-11 13:40:24 ORDER_REF=45
45 LiveUpdate 2016-02-11 13:40:24 ORDER_DATE=2016-02-11 13:40:24
45 LiveUpdate 2016-02-11 13:40:24 ORDER_PNAME= Gerda TT ajtó
45 LiveUpdate 2016-02-11 13:40:24 ORDER_PCODE=8e291323f740d36bb9887d99c45ed344
45 LiveUpdate 2016-02-11 13:40:24 ORDER_PINFO=Cikkszám: A-TT-1001-B10, Méret: 100 x 210 cm, Minta: minta nélkül, Nyitásirány: balos, Szín: fehér
45 LiveUpdate 2016-02-11 13:40:24 ORDER_PRICE=149900
45 LiveUpdate 2016-02-11 13:40:24 ORDER_QTY=1
45 LiveUpdate 2016-02-11 13:40:24 ORDER_VAT=0
45 LiveUpdate 2016-02-11 13:40:24 PRICES_CURRENCY=HUF
45 LiveUpdate 2016-02-11 13:40:24 ORDER_SHIPPING=12700
45 LiveUpdate 2016-02-11 13:40:24 DISCOUNT=0
45 LiveUpdate 2016-02-11 13:40:24 PAY_METHOD=CCVISAMC
45 LiveUpdate 2016-02-11 13:40:24 LANGUAGE=HU
45 LiveUpdate 2016-02-11 13:40:24 AUTOMODE=1
45 LiveUpdate 2016-02-11 13:40:24 ORDER_TIMEOUT=300
45 LiveUpdate 2016-02-11 13:40:24 TIMEOUT_URL=http://ajtowebshop.local/penztar/fizetes_sikertelen
45 LiveUpdate 2016-02-11 13:40:24 BACK_REF=http://ajtowebshop.local/penztar/megrendelve/kartya
45 LiveUpdate 2016-02-11 13:40:24 BILL_FNAME=Gazda
45 LiveUpdate 2016-02-11 13:40:24 BILL_LNAME=Gergely
45 LiveUpdate 2016-02-11 13:40:24 BILL_EMAIL=web@effektivart.hu
45 LiveUpdate 2016-02-11 13:40:24 BILL_PHONE=80-70605040
45 LiveUpdate 2016-02-11 13:40:24 BILL_ADDRESS=Kuncsaft utca 77. II. em 4.
45 LiveUpdate 2016-02-11 13:40:24 BILL_ZIPCODE=1087
45 LiveUpdate 2016-02-11 13:40:24 BILL_CITY=Budapest
45 LiveUpdate 2016-02-11 13:40:24 BILL_STATE=Hungary
45 LiveUpdate 2016-02-11 13:40:24 BILL_COUNTRYCODE=HU
45 LiveUpdate 2016-02-11 13:40:24 DELIVERY_FNAME=Gazda Gergely
45 LiveUpdate 2016-02-11 13:40:24 DELIVERY_LNAME=
45 LiveUpdate 2016-02-11 13:40:24 DELIVERY_PHONE=80-70605040
45 LiveUpdate 2016-02-11 13:40:24 DELIVERY_ADDRESS=Kuncsaft utca 77. II. em 4.
45 LiveUpdate 2016-02-11 13:40:24 DELIVERY_ZIPCODE=1087
45 LiveUpdate 2016-02-11 13:40:24 DELIVERY_CITY=Budapest
45 LiveUpdate 2016-02-11 13:40:24 DELIVERY_STATE=Hungary
45 LiveUpdate 2016-02-11 13:40:24 DELIVERY_COUNTRYCODE=HU
45 LiveUpdate 2016-02-11 13:40:24 ORDER_HASH=2b3ccc886606c25c7c22c20edb64b99a
